{"total": {"lines":{"total":62,"covered":62,"skipped":0,"pct":100},"statements":{"total":83,"covered":75,"skipped":0,"pct":90.36},"functions":{"total":20,"covered":20,"skipped":0,"pct":100},"branches":{"total":54,"covered":40,"skipped":0,"pct":74.07},"branchesTrue":{"total":0,"covered":0,"skipped":0,"pct":"Unknown"}}
,"C:\\Users\\KF7\\Documents\\AlgoArenaFrontEnd\\src\\pages\\Frontoffice\\battles\\types\\battle.types.js": {"lines":{"total":62,"covered":62,"skipped":0,"pct":100},"functions":{"total":20,"covered":20,"skipped":0,"pct":100},"statements":{"total":83,"covered":75,"skipped":0,"pct":90.36},"branches":{"total":54,"covered":40,"skipped":0,"pct":74.07}}
}
