{"total": {"lines":{"total":11091,"covered":254,"skipped":0,"pct":2.29},"statements":{"total":12532,"covered":294,"skipped":0,"pct":2.34},"functions":{"total":3183,"covered":67,"skipped":0,"pct":2.1},"branches":{"total":10517,"covered":185,"skipped":0,"pct":1.75},"branchesTrue":{"total":0,"covered":0,"skipped":0,"pct":100}}
,"C:\\Users\\KF7\\Documents\\AlgoArenaFrontEnd\\src\\App.jsx": {"lines":{"total":189,"covered":0,"skipped":0,"pct":0},"functions":{"total":79,"covered":0,"skipped":0,"pct":0},"statements":{"total":252,"covered":0,"skipped":0,"pct":0},"branches":{"total":110,"covered":0,"skipped":0,"pct":0}}
,"C:\\Users\\KF7\\Documents\\AlgoArenaFrontEnd\\src\\main.jsx": {"lines":{"total":2,"covered":0,"skipped":0,"pct":0},"functions":{"total":0,"covered":0,"skipped":0,"pct":100},"statements":{"total":2,"covered":0,"skipped":0,"pct":0},"branches":{"total":0,"covered":0,"skipped":0,"pct":100}}
,"C:\\Users\\KF7\\Documents\\AlgoArenaFrontEnd\\src\\motionFeatures.js": {"lines":{"total":0,"covered":0,"skipped":0,"pct":100},"functions":{"total":0,"covered":0,"skipped":0,"pct":100},"statements":{"total":0,"covered":0,"skipped":0,"pct":100},"branches":{"total":0,"covered":0,"skipped":0,"pct":100}}
,"C:\\Users\\KF7\\Documents\\AlgoArenaFrontEnd\\src\\reportWebVitals.js": {"lines":{"total":18,"covered":0,"skipped":0,"pct":0},"functions":{"total":4,"covered":0,"skipped":0,"pct":0},"statements":{"total":20,"covered":0,"skipped":0,"pct":0},"branches":{"total":10,"covered":0,"skipped":0,"pct":0}}
,"C:\\Users\\KF7\\Documents\\AlgoArenaFrontEnd\\src\\accessibility\\components\\AccessibilityDrawer.jsx": {"lines":{"total":31,"covered":0,"skipped":0,"pct":0},"functions":{"total":15,"covered":0,"skipped":0,"pct":0},"statements":{"total":31,"covered":0,"skipped":0,"pct":0},"branches":{"total":10,"covered":0,"skipped":0,"pct":0}}
,"C:\\Users\\KF7\\Documents\\AlgoArenaFrontEnd\\src\\accessibility\\components\\GlobalAccessibilityUI.jsx": {"lines":{"total":10,"covered":0,"skipped":0,"pct":0},"functions":{"total":4,"covered":0,"skipped":0,"pct":0},"statements":{"total":10,"covered":0,"skipped":0,"pct":0},"branches":{"total":4,"covered":0,"skipped":0,"pct":0}}
,"C:\\Users\\KF7\\Documents\\AlgoArenaFrontEnd\\src\\accessibility\\context\\AccessibilityContext.jsx": {"lines":{"total":74,"covered":0,"skipped":0,"pct":0},"functions":{"total":18,"covered":0,"skipped":0,"pct":0},"statements":{"total":77,"covered":0,"skipped":0,"pct":0},"branches":{"total":46,"covered":0,"skipped":0,"pct":0}}
,"C:\\Users\\KF7\\Documents\\AlgoArenaFrontEnd\\src\\accessibility\\context\\AccessibilityContextDef.js": {"lines":{"total":2,"covered":0,"skipped":0,"pct":0},"functions":{"total":2,"covered":0,"skipped":0,"pct":0},"statements":{"total":2,"covered":0,"skipped":0,"pct":0},"branches":{"total":0,"covered":0,"skipped":0,"pct":100}}
,"C:\\Users\\KF7\\Documents\\AlgoArenaFrontEnd\\src\\accessibility\\hooks\\useAccessibility.js": {"lines":{"total":5,"covered":0,"skipped":0,"pct":0},"functions":{"total":1,"covered":0,"skipped":0,"pct":0},"statements":{"total":5,"covered":0,"skipped":0,"pct":0},"branches":{"total":2,"covered":0,"skipped":0,"pct":0}}
,"C:\\Users\\KF7\\Documents\\AlgoArenaFrontEnd\\src\\accessibility\\utils\\speechUtils.js": {"lines":{"total":99,"covered":0,"skipped":0,"pct":0},"functions":{"total":15,"covered":0,"skipped":0,"pct":0},"statements":{"total":106,"covered":0,"skipped":0,"pct":0},"branches":{"total":51,"covered":0,"skipped":0,"pct":0}}
,"C:\\Users\\KF7\\Documents\\AlgoArenaFrontEnd\\src\\accessibility\\utils\\themeOverrides.js": {"lines":{"total":20,"covered":0,"skipped":0,"pct":0},"functions":{"total":1,"covered":0,"skipped":0,"pct":0},"statements":{"total":20,"covered":0,"skipped":0,"pct":0},"branches":{"total":8,"covered":0,"skipped":0,"pct":0}}
,"C:\\Users\\KF7\\Documents\\AlgoArenaFrontEnd\\src\\components\\AIAgent.jsx": {"lines":{"total":190,"covered":0,"skipped":0,"pct":0},"functions":{"total":41,"covered":0,"skipped":0,"pct":0},"statements":{"total":223,"covered":0,"skipped":0,"pct":0},"branches":{"total":118,"covered":0,"skipped":0,"pct":0}}
,"C:\\Users\\KF7\\Documents\\AlgoArenaFrontEnd\\src\\components\\ActionButton.jsx": {"lines":{"total":50,"covered":0,"skipped":0,"pct":0},"functions":{"total":6,"covered":0,"skipped":0,"pct":0},"statements":{"total":62,"covered":0,"skipped":0,"pct":0},"branches":{"total":62,"covered":0,"skipped":0,"pct":0}}
,"C:\\Users\\KF7\\Documents\\AlgoArenaFrontEnd\\src\\components\\ErrorBoundary.jsx": {"lines":{"total":8,"covered":0,"skipped":0,"pct":0},"functions":{"total":5,"covered":0,"skipped":0,"pct":0},"statements":{"total":8,"covered":0,"skipped":0,"pct":0},"branches":{"total":4,"covered":0,"skipped":0,"pct":0}}
,"C:\\Users\\KF7\\Documents\\AlgoArenaFrontEnd\\src\\components\\Footer.jsx": {"lines":{"total":8,"covered":0,"skipped":0,"pct":0},"functions":{"total":1,"covered":0,"skipped":0,"pct":0},"statements":{"total":8,"covered":0,"skipped":0,"pct":0},"branches":{"total":0,"covered":0,"skipped":0,"pct":100}}
,"C:\\Users\\KF7\\Documents\\AlgoArenaFrontEnd\\src\\components\\Header.jsx": {"lines":{"total":131,"covered":0,"skipped":0,"pct":0},"functions":{"total":56,"covered":0,"skipped":0,"pct":0},"statements":{"total":138,"covered":0,"skipped":0,"pct":0},"branches":{"total":130,"covered":0,"skipped":0,"pct":0}}
,"C:\\Users\\KF7\\Documents\\AlgoArenaFrontEnd\\src\\components\\LanguageSwitcher.jsx": {"lines":{"total":19,"covered":0,"skipped":0,"pct":0},"functions":{"total":4,"covered":0,"skipped":0,"pct":0},"statements":{"total":19,"covered":0,"skipped":0,"pct":0},"branches":{"total":28,"covered":0,"skipped":0,"pct":0}}
,"C:\\Users\\KF7\\Documents\\AlgoArenaFrontEnd\\src\\components\\SandboxMonitorCard.jsx": {"lines":{"total":79,"covered":0,"skipped":0,"pct":0},"functions":{"total":17,"covered":0,"skipped":0,"pct":0},"statements":{"total":100,"covered":0,"skipped":0,"pct":0},"branches":{"total":99,"covered":0,"skipped":0,"pct":0}}
,"C:\\Users\\KF7\\Documents\\AlgoArenaFrontEnd\\src\\components\\Sidebar.jsx": {"lines":{"total":11,"covered":0,"skipped":0,"pct":0},"functions":{"total":5,"covered":0,"skipped":0,"pct":0},"statements":{"total":11,"covered":0,"skipped":0,"pct":0},"branches":{"total":17,"covered":0,"skipped":0,"pct":0}}
,"C:\\Users\\KF7\\Documents\\AlgoArenaFrontEnd\\src\\components\\StatCard.jsx": {"lines":{"total":5,"covered":0,"skipped":0,"pct":0},"functions":{"total":1,"covered":0,"skipped":0,"pct":0},"statements":{"total":5,"covered":0,"skipped":0,"pct":0},"branches":{"total":12,"covered":0,"skipped":0,"pct":0}}
,"C:\\Users\\KF7\\Documents\\AlgoArenaFrontEnd\\src\\components\\ThemeSwitcher.jsx": {"lines":{"total":39,"covered":0,"skipped":0,"pct":0},"functions":{"total":9,"covered":0,"skipped":0,"pct":0},"statements":{"total":40,"covered":0,"skipped":0,"pct":0},"branches":{"total":24,"covered":0,"skipped":0,"pct":0}}
,"C:\\Users\\KF7\\Documents\\AlgoArenaFrontEnd\\src\\components\\TopNavbar.jsx": {"lines":{"total":145,"covered":0,"skipped":0,"pct":0},"functions":{"total":47,"covered":0,"skipped":0,"pct":0},"statements":{"total":175,"covered":0,"skipped":0,"pct":0},"branches":{"total":125,"covered":0,"skipped":0,"pct":0}}
,"C:\\Users\\KF7\\Documents\\AlgoArenaFrontEnd\\src\\components\\Charts\\ActiveUsersChart.jsx": {"lines":{"total":17,"covered":0,"skipped":0,"pct":0},"functions":{"total":2,"covered":0,"skipped":0,"pct":0},"statements":{"total":18,"covered":0,"skipped":0,"pct":0},"branches":{"total":7,"covered":0,"skipped":0,"pct":0}}
,"C:\\Users\\KF7\\Documents\\AlgoArenaFrontEnd\\src\\components\\Charts\\BattleActivityChart.jsx": {"lines":{"total":8,"covered":0,"skipped":0,"pct":0},"functions":{"total":1,"covered":0,"skipped":0,"pct":0},"statements":{"total":8,"covered":0,"skipped":0,"pct":0},"branches":{"total":0,"covered":0,"skipped":0,"pct":100}}
,"C:\\Users\\KF7\\Documents\\AlgoArenaFrontEnd\\src\\components\\Charts\\DifficultyChart.jsx": {"lines":{"total":27,"covered":0,"skipped":0,"pct":0},"functions":{"total":4,"covered":0,"skipped":0,"pct":0},"statements":{"total":30,"covered":0,"skipped":0,"pct":0},"branches":{"total":9,"covered":0,"skipped":0,"pct":0}}
,"C:\\Users\\KF7\\Documents\\AlgoArenaFrontEnd\\src\\components\\Charts\\GamesChart.jsx": {"lines":{"total":21,"covered":0,"skipped":0,"pct":0},"functions":{"total":4,"covered":0,"skipped":0,"pct":0},"statements":{"total":22,"covered":0,"skipped":0,"pct":0},"branches":{"total":8,"covered":0,"skipped":0,"pct":0}}
,"C:\\Users\\KF7\\Documents\\AlgoArenaFrontEnd\\src\\components\\Charts\\UserGrowthChart.jsx": {"lines":{"total":8,"covered":0,"skipped":0,"pct":0},"functions":{"total":2,"covered":0,"skipped":0,"pct":0},"statements":{"total":9,"covered":0,"skipped":0,"pct":0},"branches":{"total":0,"covered":0,"skipped":0,"pct":100}}
,"C:\\Users\\KF7\\Documents\\AlgoArenaFrontEnd\\src\\editor\\index.js": {"lines":{"total":0,"covered":0,"skipped":0,"pct":100},"functions":{"total":0,"covered":0,"skipped":0,"pct":100},"statements":{"total":0,"covered":0,"skipped":0,"pct":100},"branches":{"total":0,"covered":0,"skipped":0,"pct":100}}
,"C:\\Users\\KF7\\Documents\\AlgoArenaFrontEnd\\src\\editor\\components\\CodeEditor.jsx": {"lines":{"total":22,"covered":0,"skipped":0,"pct":0},"functions":{"total":8,"covered":0,"skipped":0,"pct":0},"statements":{"total":25,"covered":0,"skipped":0,"pct":0},"branches":{"total":14,"covered":0,"skipped":0,"pct":0}}
,"C:\\Users\\KF7\\Documents\\AlgoArenaFrontEnd\\src\\editor\\components\\EditorToolbar.jsx": {"lines":{"total":5,"covered":0,"skipped":0,"pct":0},"functions":{"total":2,"covered":0,"skipped":0,"pct":0},"statements":{"total":5,"covered":0,"skipped":0,"pct":0},"branches":{"total":0,"covered":0,"skipped":0,"pct":100}}
,"C:\\Users\\KF7\\Documents\\AlgoArenaFrontEnd\\src\\editor\\components\\LanguageSelector.jsx": {"lines":{"total":9,"covered":0,"skipped":0,"pct":0},"functions":{"total":4,"covered":0,"skipped":0,"pct":0},"statements":{"total":9,"covered":0,"skipped":0,"pct":0},"branches":{"total":2,"covered":0,"skipped":0,"pct":0}}
,"C:\\Users\\KF7\\Documents\\AlgoArenaFrontEnd\\src\\editor\\components\\OutputTerminal.jsx": {"lines":{"total":12,"covered":0,"skipped":0,"pct":0},"functions":{"total":4,"covered":0,"skipped":0,"pct":0},"statements":{"total":12,"covered":0,"skipped":0,"pct":0},"branches":{"total":11,"covered":0,"skipped":0,"pct":0}}
,"C:\\Users\\KF7\\Documents\\AlgoArenaFrontEnd\\src\\editor\\components\\RunButton.jsx": {"lines":{"total":5,"covered":0,"skipped":0,"pct":0},"functions":{"total":2,"covered":0,"skipped":0,"pct":0},"statements":{"total":5,"covered":0,"skipped":0,"pct":0},"branches":{"total":10,"covered":0,"skipped":0,"pct":0}}
,"C:\\Users\\KF7\\Documents\\AlgoArenaFrontEnd\\src\\editor\\config\\editorOptions.js": {"lines":{"total":5,"covered":0,"skipped":0,"pct":0},"functions":{"total":1,"covered":0,"skipped":0,"pct":0},"statements":{"total":5,"covered":0,"skipped":0,"pct":0},"branches":{"total":0,"covered":0,"skipped":0,"pct":100}}
,"C:\\Users\\KF7\\Documents\\AlgoArenaFrontEnd\\src\\editor\\hooks\\useEditorState.js": {"lines":{"total":24,"covered":0,"skipped":0,"pct":0},"functions":{"total":7,"covered":0,"skipped":0,"pct":0},"statements":{"total":26,"covered":0,"skipped":0,"pct":0},"branches":{"total":16,"covered":0,"skipped":0,"pct":0}}
,"C:\\Users\\KF7\\Documents\\AlgoArenaFrontEnd\\src\\features\\chat\\ChatEmptyState.jsx": {"lines":{"total":5,"covered":0,"skipped":0,"pct":0},"functions":{"total":1,"covered":0,"skipped":0,"pct":0},"statements":{"total":5,"covered":0,"skipped":0,"pct":0},"branches":{"total":0,"covered":0,"skipped":0,"pct":100}}
,"C:\\Users\\KF7\\Documents\\AlgoArenaFrontEnd\\src\\features\\chat\\ChatHeader.jsx": {"lines":{"total":7,"covered":0,"skipped":0,"pct":0},"functions":{"total":1,"covered":0,"skipped":0,"pct":0},"statements":{"total":7,"covered":0,"skipped":0,"pct":0},"branches":{"total":10,"covered":0,"skipped":0,"pct":0}}
,"C:\\Users\\KF7\\Documents\\AlgoArenaFrontEnd\\src\\features\\chat\\ChatMessage.jsx": {"lines":{"total":30,"covered":0,"skipped":0,"pct":0},"functions":{"total":15,"covered":0,"skipped":0,"pct":0},"statements":{"total":35,"covered":0,"skipped":0,"pct":0},"branches":{"total":34,"covered":0,"skipped":0,"pct":0}}
,"C:\\Users\\KF7\\Documents\\AlgoArenaFrontEnd\\src\\features\\chat\\ChatMessageInput.jsx": {"lines":{"total":38,"covered":0,"skipped":0,"pct":0},"functions":{"total":8,"covered":0,"skipped":0,"pct":0},"statements":{"total":42,"covered":0,"skipped":0,"pct":0},"branches":{"total":28,"covered":0,"skipped":0,"pct":0}}
,"C:\\Users\\KF7\\Documents\\AlgoArenaFrontEnd\\src\\features\\chat\\ChatMessageList.jsx": {"lines":{"total":41,"covered":0,"skipped":0,"pct":0},"functions":{"total":9,"covered":0,"skipped":0,"pct":0},"statements":{"total":50,"covered":0,"skipped":0,"pct":0},"branches":{"total":37,"covered":0,"skipped":0,"pct":0}}
,"C:\\Users\\KF7\\Documents\\AlgoArenaFrontEnd\\src\\features\\chat\\ChatPanel.jsx": {"lines":{"total":32,"covered":0,"skipped":0,"pct":0},"functions":{"total":6,"covered":0,"skipped":0,"pct":0},"statements":{"total":36,"covered":0,"skipped":0,"pct":0},"branches":{"total":40,"covered":0,"skipped":0,"pct":0}}
,"C:\\Users\\KF7\\Documents\\AlgoArenaFrontEnd\\src\\features\\chat\\ChatProvider.jsx": {"lines":{"total":45,"covered":0,"skipped":0,"pct":0},"functions":{"total":15,"covered":0,"skipped":0,"pct":0},"statements":{"total":54,"covered":0,"skipped":0,"pct":0},"branches":{"total":18,"covered":0,"skipped":0,"pct":0}}
,"C:\\Users\\KF7\\Documents\\AlgoArenaFrontEnd\\src\\features\\chat\\ChatReactionPicker.jsx": {"lines":{"total":8,"covered":0,"skipped":0,"pct":0},"functions":{"total":3,"covered":0,"skipped":0,"pct":0},"statements":{"total":8,"covered":0,"skipped":0,"pct":0},"branches":{"total":0,"covered":0,"skipped":0,"pct":100}}
,"C:\\Users\\KF7\\Documents\\AlgoArenaFrontEnd\\src\\features\\chat\\ChatReplyPreview.jsx": {"lines":{"total":8,"covered":0,"skipped":0,"pct":0},"functions":{"total":1,"covered":0,"skipped":0,"pct":0},"statements":{"total":9,"covered":0,"skipped":0,"pct":0},"branches":{"total":8,"covered":0,"skipped":0,"pct":0}}
,"C:\\Users\\KF7\\Documents\\AlgoArenaFrontEnd\\src\\features\\chat\\ChatTypingIndicator.jsx": {"lines":{"total":12,"covered":0,"skipped":0,"pct":0},"functions":{"total":2,"covered":0,"skipped":0,"pct":0},"statements":{"total":15,"covered":0,"skipped":0,"pct":0},"branches":{"total":8,"covered":0,"skipped":0,"pct":0}}
,"C:\\Users\\KF7\\Documents\\AlgoArenaFrontEnd\\src\\features\\chat\\chatApi.js": {"lines":{"total":3,"covered":0,"skipped":0,"pct":0},"functions":{"total":2,"covered":0,"skipped":0,"pct":0},"statements":{"total":3,"covered":0,"skipped":0,"pct":0},"branches":{"total":2,"covered":0,"skipped":0,"pct":0}}
,"C:\\Users\\KF7\\Documents\\AlgoArenaFrontEnd\\src\\features\\chat\\chatConstants.js": {"lines":{"total":6,"covered":0,"skipped":0,"pct":0},"functions":{"total":0,"covered":0,"skipped":0,"pct":100},"statements":{"total":6,"covered":0,"skipped":0,"pct":0},"branches":{"total":0,"covered":0,"skipped":0,"pct":100}}
,"C:\\Users\\KF7\\Documents\\AlgoArenaFrontEnd\\src\\features\\chat\\index.js": {"lines":{"total":0,"covered":0,"skipped":0,"pct":100},"functions":{"total":0,"covered":0,"skipped":0,"pct":100},"statements":{"total":0,"covered":0,"skipped":0,"pct":100},"branches":{"total":0,"covered":0,"skipped":0,"pct":100}}
,"C:\\Users\\KF7\\Documents\\AlgoArenaFrontEnd\\src\\features\\chat\\useChatSocket.js": {"lines":{"total":197,"covered":0,"skipped":0,"pct":0},"functions":{"total":45,"covered":0,"skipped":0,"pct":0},"statements":{"total":229,"covered":0,"skipped":0,"pct":0},"branches":{"total":95,"covered":0,"skipped":0,"pct":0}}
,"C:\\Users\\KF7\\Documents\\AlgoArenaFrontEnd\\src\\features\\support\\ContactSupportForm.jsx": {"lines":{"total":15,"covered":0,"skipped":0,"pct":0},"functions":{"total":6,"covered":0,"skipped":0,"pct":0},"statements":{"total":16,"covered":0,"skipped":0,"pct":0},"branches":{"total":7,"covered":0,"skipped":0,"pct":0}}
,"C:\\Users\\KF7\\Documents\\AlgoArenaFrontEnd\\src\\features\\support\\ReportBugForm.jsx": {"lines":{"total":26,"covered":0,"skipped":0,"pct":0},"functions":{"total":14,"covered":0,"skipped":0,"pct":0},"statements":{"total":28,"covered":0,"skipped":0,"pct":0},"branches":{"total":10,"covered":0,"skipped":0,"pct":0}}
,"C:\\Users\\KF7\\Documents\\AlgoArenaFrontEnd\\src\\features\\support\\ScheduleMeetingForm.jsx": {"lines":{"total":25,"covered":0,"skipped":0,"pct":0},"functions":{"total":15,"covered":0,"skipped":0,"pct":0},"statements":{"total":29,"covered":0,"skipped":0,"pct":0},"branches":{"total":11,"covered":0,"skipped":0,"pct":0}}
,"C:\\Users\\KF7\\Documents\\AlgoArenaFrontEnd\\src\\features\\support\\SupportCategoryCard.jsx": {"lines":{"total":2,"covered":0,"skipped":0,"pct":0},"functions":{"total":1,"covered":0,"skipped":0,"pct":0},"statements":{"total":2,"covered":0,"skipped":0,"pct":0},"branches":{"total":0,"covered":0,"skipped":0,"pct":100}}
,"C:\\Users\\KF7\\Documents\\AlgoArenaFrontEnd\\src\\features\\support\\SupportHub.jsx": {"lines":{"total":7,"covered":0,"skipped":0,"pct":0},"functions":{"total":4,"covered":0,"skipped":0,"pct":0},"statements":{"total":7,"covered":0,"skipped":0,"pct":0},"branches":{"total":0,"covered":0,"skipped":0,"pct":100}}
,"C:\\Users\\KF7\\Documents\\AlgoArenaFrontEnd\\src\\features\\support\\SupportProvider.jsx": {"lines":{"total":31,"covered":0,"skipped":0,"pct":0},"functions":{"total":17,"covered":0,"skipped":0,"pct":0},"statements":{"total":41,"covered":0,"skipped":0,"pct":0},"branches":{"total":15,"covered":0,"skipped":0,"pct":0}}
,"C:\\Users\\KF7\\Documents\\AlgoArenaFrontEnd\\src\\features\\support\\SupportRequestHistory.jsx": {"lines":{"total":16,"covered":0,"skipped":0,"pct":0},"functions":{"total":7,"covered":0,"skipped":0,"pct":0},"statements":{"total":22,"covered":0,"skipped":0,"pct":0},"branches":{"total":14,"covered":0,"skipped":0,"pct":0}}
,"C:\\Users\\KF7\\Documents\\AlgoArenaFrontEnd\\src\\features\\support\\SupportSuccessScreen.jsx": {"lines":{"total":5,"covered":0,"skipped":0,"pct":0},"functions":{"total":1,"covered":0,"skipped":0,"pct":0},"statements":{"total":5,"covered":0,"skipped":0,"pct":0},"branches":{"total":6,"covered":0,"skipped":0,"pct":0}}
,"C:\\Users\\KF7\\Documents\\AlgoArenaFrontEnd\\src\\features\\support\\index.js": {"lines":{"total":0,"covered":0,"skipped":0,"pct":100},"functions":{"total":0,"covered":0,"skipped":0,"pct":100},"statements":{"total":0,"covered":0,"skipped":0,"pct":100},"branches":{"total":0,"covered":0,"skipped":0,"pct":100}}
,"C:\\Users\\KF7\\Documents\\AlgoArenaFrontEnd\\src\\features\\support\\supportConstants.js": {"lines":{"total":5,"covered":0,"skipped":0,"pct":0},"functions":{"total":0,"covered":0,"skipped":0,"pct":100},"statements":{"total":5,"covered":0,"skipped":0,"pct":0},"branches":{"total":0,"covered":0,"skipped":0,"pct":100}}
,"C:\\Users\\KF7\\Documents\\AlgoArenaFrontEnd\\src\\features\\support\\supportService.js": {"lines":{"total":6,"covered":0,"skipped":0,"pct":0},"functions":{"total":5,"covered":0,"skipped":0,"pct":0},"statements":{"total":6,"covered":0,"skipped":0,"pct":0},"branches":{"total":5,"covered":0,"skipped":0,"pct":0}}
,"C:\\Users\\KF7\\Documents\\AlgoArenaFrontEnd\\src\\features\\support\\useDeviceInfo.js": {"lines":{"total":15,"covered":0,"skipped":0,"pct":0},"functions":{"total":2,"covered":0,"skipped":0,"pct":0},"statements":{"total":24,"covered":0,"skipped":0,"pct":0},"branches":{"total":34,"covered":0,"skipped":0,"pct":0}}
,"C:\\Users\\KF7\\Documents\\AlgoArenaFrontEnd\\src\\features\\support\\useReproductionBundle.js": {"lines":{"total":56,"covered":0,"skipped":0,"pct":0},"functions":{"total":12,"covered":0,"skipped":0,"pct":0},"statements":{"total":70,"covered":0,"skipped":0,"pct":0},"branches":{"total":68,"covered":0,"skipped":0,"pct":0}}
,"C:\\Users\\KF7\\Documents\\AlgoArenaFrontEnd\\src\\hooks\\useChallenge.js": {"lines":{"total":31,"covered":29,"skipped":0,"pct":93.54},"functions":{"total":9,"covered":9,"skipped":0,"pct":100},"statements":{"total":35,"covered":33,"skipped":0,"pct":94.28},"branches":{"total":15,"covered":10,"skipped":0,"pct":66.66}}
,"C:\\Users\\KF7\\Documents\\AlgoArenaFrontEnd\\src\\i18n\\index.js": {"lines":{"total":12,"covered":8,"skipped":0,"pct":66.66},"functions":{"total":4,"covered":3,"skipped":0,"pct":75},"statements":{"total":15,"covered":9,"skipped":0,"pct":60},"branches":{"total":13,"covered":6,"skipped":0,"pct":46.15}}
,"C:\\Users\\KF7\\Documents\\AlgoArenaFrontEnd\\src\\layout\\AdminLayout.jsx": {"lines":{"total":5,"covered":0,"skipped":0,"pct":0},"functions":{"total":4,"covered":0,"skipped":0,"pct":0},"statements":{"total":8,"covered":0,"skipped":0,"pct":0},"branches":{"total":2,"covered":0,"skipped":0,"pct":0}}
,"C:\\Users\\KF7\\Documents\\AlgoArenaFrontEnd\\src\\layout\\AuthLayout.jsx": {"lines":{"total":19,"covered":0,"skipped":0,"pct":0},"functions":{"total":10,"covered":0,"skipped":0,"pct":0},"statements":{"total":19,"covered":0,"skipped":0,"pct":0},"branches":{"total":17,"covered":0,"skipped":0,"pct":0}}
,"C:\\Users\\KF7\\Documents\\AlgoArenaFrontEnd\\src\\layout\\PublicLayout.jsx": {"lines":{"total":17,"covered":0,"skipped":0,"pct":0},"functions":{"total":6,"covered":0,"skipped":0,"pct":0},"statements":{"total":21,"covered":0,"skipped":0,"pct":0},"branches":{"total":14,"covered":0,"skipped":0,"pct":0}}
,"C:\\Users\\KF7\\Documents\\AlgoArenaFrontEnd\\src\\pages\\MaintenancePage.jsx": {"lines":{"total":11,"covered":0,"skipped":0,"pct":0},"functions":{"total":6,"covered":0,"skipped":0,"pct":0},"statements":{"total":13,"covered":0,"skipped":0,"pct":0},"branches":{"total":2,"covered":0,"skipped":0,"pct":0}}
,"C:\\Users\\KF7\\Documents\\AlgoArenaFrontEnd\\src\\pages\\NotFoundPage.jsx": {"lines":{"total":11,"covered":0,"skipped":0,"pct":0},"functions":{"total":3,"covered":0,"skipped":0,"pct":0},"statements":{"total":11,"covered":0,"skipped":0,"pct":0},"branches":{"total":8,"covered":0,"skipped":0,"pct":0}}
,"C:\\Users\\KF7\\Documents\\AlgoArenaFrontEnd\\src\\pages\\Backoffice\\AIAgents.jsx": {"lines":{"total":59,"covered":0,"skipped":0,"pct":0},"functions":{"total":16,"covered":0,"skipped":0,"pct":0},"statements":{"total":59,"covered":0,"skipped":0,"pct":0},"branches":{"total":65,"covered":0,"skipped":0,"pct":0}}
,"C:\\Users\\KF7\\Documents\\AlgoArenaFrontEnd\\src\\pages\\Backoffice\\AILogs.jsx": {"lines":{"total":13,"covered":0,"skipped":0,"pct":0},"functions":{"total":3,"covered":0,"skipped":0,"pct":0},"statements":{"total":13,"covered":0,"skipped":0,"pct":0},"branches":{"total":11,"covered":0,"skipped":0,"pct":0}}
,"C:\\Users\\KF7\\Documents\\AlgoArenaFrontEnd\\src\\pages\\Backoffice\\ActivityLogs.jsx": {"lines":{"total":137,"covered":0,"skipped":0,"pct":0},"functions":{"total":51,"covered":0,"skipped":0,"pct":0},"statements":{"total":153,"covered":0,"skipped":0,"pct":0},"branches":{"total":133,"covered":0,"skipped":0,"pct":0}}
,"C:\\Users\\KF7\\Documents\\AlgoArenaFrontEnd\\src\\pages\\Backoffice\\AddAdmin.jsx": {"lines":{"total":55,"covered":0,"skipped":0,"pct":0},"functions":{"total":6,"covered":0,"skipped":0,"pct":0},"statements":{"total":55,"covered":0,"skipped":0,"pct":0},"branches":{"total":49,"covered":0,"skipped":0,"pct":0}}
,"C:\\Users\\KF7\\Documents\\AlgoArenaFrontEnd\\src\\pages\\Backoffice\\Analytics.jsx": {"lines":{"total":24,"covered":0,"skipped":0,"pct":0},"functions":{"total":5,"covered":0,"skipped":0,"pct":0},"statements":{"total":27,"covered":0,"skipped":0,"pct":0},"branches":{"total":10,"covered":0,"skipped":0,"pct":0}}
,"C:\\Users\\KF7\\Documents\\AlgoArenaFrontEnd\\src\\pages\\Backoffice\\Battles.jsx": {"lines":{"total":254,"covered":0,"skipped":0,"pct":0},"functions":{"total":93,"covered":0,"skipped":0,"pct":0},"statements":{"total":293,"covered":0,"skipped":0,"pct":0},"branches":{"total":304,"covered":0,"skipped":0,"pct":0}}
,"C:\\Users\\KF7\\Documents\\AlgoArenaFrontEnd\\src\\pages\\Backoffice\\Billing.jsx": {"lines":{"total":34,"covered":0,"skipped":0,"pct":0},"functions":{"total":14,"covered":0,"skipped":0,"pct":0},"statements":{"total":40,"covered":0,"skipped":0,"pct":0},"branches":{"total":41,"covered":0,"skipped":0,"pct":0}}
,"C:\\Users\\KF7\\Documents\\AlgoArenaFrontEnd\\src\\pages\\Backoffice\\Challenges.jsx": {"lines":{"total":361,"covered":0,"skipped":0,"pct":0},"functions":{"total":163,"covered":0,"skipped":0,"pct":0},"statements":{"total":427,"covered":0,"skipped":0,"pct":0},"branches":{"total":415,"covered":0,"skipped":0,"pct":0}}
,"C:\\Users\\KF7\\Documents\\AlgoArenaFrontEnd\\src\\pages\\Backoffice\\CommunityAnalytics.jsx": {"lines":{"total":128,"covered":0,"skipped":0,"pct":0},"functions":{"total":38,"covered":0,"skipped":0,"pct":0},"statements":{"total":142,"covered":0,"skipped":0,"pct":0},"branches":{"total":81,"covered":0,"skipped":0,"pct":0}}
,"C:\\Users\\KF7\\Documents\\AlgoArenaFrontEnd\\src\\pages\\Backoffice\\Dashboard.jsx": {"lines":{"total":296,"covered":0,"skipped":0,"pct":0},"functions":{"total":95,"covered":0,"skipped":0,"pct":0},"statements":{"total":343,"covered":0,"skipped":0,"pct":0},"branches":{"total":465,"covered":0,"skipped":0,"pct":0}}
,"C:\\Users\\KF7\\Documents\\AlgoArenaFrontEnd\\src\\pages\\Backoffice\\Leaderboards.jsx": {"lines":{"total":145,"covered":0,"skipped":0,"pct":0},"functions":{"total":43,"covered":0,"skipped":0,"pct":0},"statements":{"total":174,"covered":0,"skipped":0,"pct":0},"branches":{"total":148,"covered":0,"skipped":0,"pct":0}}
,"C:\\Users\\KF7\\Documents\\AlgoArenaFrontEnd\\src\\pages\\Backoffice\\Login.jsx": {"lines":{"total":35,"covered":0,"skipped":0,"pct":0},"functions":{"total":9,"covered":0,"skipped":0,"pct":0},"statements":{"total":36,"covered":0,"skipped":0,"pct":0},"branches":{"total":16,"covered":0,"skipped":0,"pct":0}}
,"C:\\Users\\KF7\\Documents\\AlgoArenaFrontEnd\\src\\pages\\Backoffice\\PlaceholderPage.jsx": {"lines":{"total":3,"covered":0,"skipped":0,"pct":0},"functions":{"total":1,"covered":0,"skipped":0,"pct":0},"statements":{"total":3,"covered":0,"skipped":0,"pct":0},"branches":{"total":0,"covered":0,"skipped":0,"pct":100}}
,"C:\\Users\\KF7\\Documents\\AlgoArenaFrontEnd\\src\\pages\\Backoffice\\Profile.jsx": {"lines":{"total":79,"covered":0,"skipped":0,"pct":0},"functions":{"total":14,"covered":0,"skipped":0,"pct":0},"statements":{"total":84,"covered":0,"skipped":0,"pct":0},"branches":{"total":34,"covered":0,"skipped":0,"pct":0}}
,"C:\\Users\\KF7\\Documents\\AlgoArenaFrontEnd\\src\\pages\\Backoffice\\Sessions.jsx": {"lines":{"total":19,"covered":0,"skipped":0,"pct":0},"functions":{"total":3,"covered":0,"skipped":0,"pct":0},"statements":{"total":22,"covered":0,"skipped":0,"pct":0},"branches":{"total":16,"covered":0,"skipped":0,"pct":0}}
,"C:\\Users\\KF7\\Documents\\AlgoArenaFrontEnd\\src\\pages\\Backoffice\\Settings.jsx": {"lines":{"total":110,"covered":0,"skipped":0,"pct":0},"functions":{"total":26,"covered":0,"skipped":0,"pct":0},"statements":{"total":127,"covered":0,"skipped":0,"pct":0},"branches":{"total":113,"covered":0,"skipped":0,"pct":0}}
,"C:\\Users\\KF7\\Documents\\AlgoArenaFrontEnd\\src\\pages\\Backoffice\\SystemHealth.jsx": {"lines":{"total":37,"covered":0,"skipped":0,"pct":0},"functions":{"total":11,"covered":0,"skipped":0,"pct":0},"statements":{"total":40,"covered":0,"skipped":0,"pct":0},"branches":{"total":32,"covered":0,"skipped":0,"pct":0}}
,"C:\\Users\\KF7\\Documents\\AlgoArenaFrontEnd\\src\\pages\\Backoffice\\Users.jsx": {"lines":{"total":208,"covered":0,"skipped":0,"pct":0},"functions":{"total":47,"covered":0,"skipped":0,"pct":0},"statements":{"total":228,"covered":0,"skipped":0,"pct":0},"branches":{"total":166,"covered":0,"skipped":0,"pct":0}}
,"C:\\Users\\KF7\\Documents\\AlgoArenaFrontEnd\\src\\pages\\Backoffice\\communityData.jsx": {"lines":{"total":24,"covered":0,"skipped":0,"pct":0},"functions":{"total":11,"covered":0,"skipped":0,"pct":0},"statements":{"total":25,"covered":0,"skipped":0,"pct":0},"branches":{"total":16,"covered":0,"skipped":0,"pct":0}}
,"C:\\Users\\KF7\\Documents\\AlgoArenaFrontEnd\\src\\pages\\Backoffice\\components\\ChallengeAnalyticsSection.jsx": {"lines":{"total":199,"covered":0,"skipped":0,"pct":0},"functions":{"total":73,"covered":0,"skipped":0,"pct":0},"statements":{"total":236,"covered":0,"skipped":0,"pct":0},"branches":{"total":356,"covered":0,"skipped":0,"pct":0}}
,"C:\\Users\\KF7\\Documents\\AlgoArenaFrontEnd\\src\\pages\\Frontoffice\\SignIn.jsx": {"lines":{"total":55,"covered":0,"skipped":0,"pct":0},"functions":{"total":12,"covered":0,"skipped":0,"pct":0},"statements":{"total":56,"covered":0,"skipped":0,"pct":0},"branches":{"total":20,"covered":0,"skipped":0,"pct":0}}
,"C:\\Users\\KF7\\Documents\\AlgoArenaFrontEnd\\src\\pages\\Frontoffice\\SignUp.jsx": {"lines":{"total":133,"covered":0,"skipped":0,"pct":0},"functions":{"total":29,"covered":0,"skipped":0,"pct":0},"statements":{"total":146,"covered":0,"skipped":0,"pct":0},"branches":{"total":142,"covered":0,"skipped":0,"pct":0}}
,"C:\\Users\\KF7\\Documents\\AlgoArenaFrontEnd\\src\\pages\\Frontoffice\\auth\\components\\AuthCard.jsx": {"lines":{"total":5,"covered":0,"skipped":0,"pct":0},"functions":{"total":1,"covered":0,"skipped":0,"pct":0},"statements":{"total":5,"covered":0,"skipped":0,"pct":0},"branches":{"total":7,"covered":0,"skipped":0,"pct":0}}
,"C:\\Users\\KF7\\Documents\\AlgoArenaFrontEnd\\src\\pages\\Frontoffice\\auth\\components\\AuthHeader.jsx": {"lines":{"total":5,"covered":0,"skipped":0,"pct":0},"functions":{"total":1,"covered":0,"skipped":0,"pct":0},"statements":{"total":5,"covered":0,"skipped":0,"pct":0},"branches":{"total":10,"covered":0,"skipped":0,"pct":0}}
,"C:\\Users\\KF7\\Documents\\AlgoArenaFrontEnd\\src\\pages\\Frontoffice\\auth\\components\\FormFeedbackAlert.jsx": {"lines":{"total":10,"covered":0,"skipped":0,"pct":0},"functions":{"total":3,"covered":0,"skipped":0,"pct":0},"statements":{"total":10,"covered":0,"skipped":0,"pct":0},"branches":{"total":5,"covered":0,"skipped":0,"pct":0}}
,"C:\\Users\\KF7\\Documents\\AlgoArenaFrontEnd\\src\\pages\\Frontoffice\\auth\\components\\PasswordStrengthMeter.jsx": {"lines":{"total":0,"covered":0,"skipped":0,"pct":100},"functions":{"total":0,"covered":0,"skipped":0,"pct":100},"statements":{"total":0,"covered":0,"skipped":0,"pct":100},"branches":{"total":0,"covered":0,"skipped":0,"pct":100}}
,"C:\\Users\\KF7\\Documents\\AlgoArenaFrontEnd\\src\\pages\\Frontoffice\\auth\\components\\RequirementChecklist.jsx": {"lines":{"total":0,"covered":0,"skipped":0,"pct":100},"functions":{"total":0,"covered":0,"skipped":0,"pct":100},"statements":{"total":0,"covered":0,"skipped":0,"pct":100},"branches":{"total":0,"covered":0,"skipped":0,"pct":100}}
,"C:\\Users\\KF7\\Documents\\AlgoArenaFrontEnd\\src\\pages\\Frontoffice\\auth\\context\\AuthContext.jsx": {"lines":{"total":157,"covered":0,"skipped":0,"pct":0},"functions":{"total":25,"covered":0,"skipped":0,"pct":0},"statements":{"total":165,"covered":0,"skipped":0,"pct":0},"branches":{"total":70,"covered":0,"skipped":0,"pct":0}}
,"C:\\Users\\KF7\\Documents\\AlgoArenaFrontEnd\\src\\pages\\Frontoffice\\auth\\context\\authContextUtils.js": {"lines":{"total":9,"covered":9,"skipped":0,"pct":100},"functions":{"total":2,"covered":2,"skipped":0,"pct":100},"statements":{"total":11,"covered":11,"skipped":0,"pct":100},"branches":{"total":10,"covered":10,"skipped":0,"pct":100}}
,"C:\\Users\\KF7\\Documents\\AlgoArenaFrontEnd\\src\\pages\\Frontoffice\\auth\\hooks\\usePasswordStrength.js": {"lines":{"total":0,"covered":0,"skipped":0,"pct":100},"functions":{"total":0,"covered":0,"skipped":0,"pct":100},"statements":{"total":0,"covered":0,"skipped":0,"pct":100},"branches":{"total":0,"covered":0,"skipped":0,"pct":100}}
,"C:\\Users\\KF7\\Documents\\AlgoArenaFrontEnd\\src\\pages\\Frontoffice\\auth\\pages\\EmailSentPage.jsx": {"lines":{"total":19,"covered":0,"skipped":0,"pct":0},"functions":{"total":8,"covered":0,"skipped":0,"pct":0},"statements":{"total":21,"covered":0,"skipped":0,"pct":0},"branches":{"total":6,"covered":0,"skipped":0,"pct":0}}
,"C:\\Users\\KF7\\Documents\\AlgoArenaFrontEnd\\src\\pages\\Frontoffice\\auth\\pages\\ForgotPasswordPage.jsx": {"lines":{"total":26,"covered":0,"skipped":0,"pct":0},"functions":{"total":6,"covered":0,"skipped":0,"pct":0},"statements":{"total":28,"covered":0,"skipped":0,"pct":0},"branches":{"total":4,"covered":0,"skipped":0,"pct":0}}
,"C:\\Users\\KF7\\Documents\\AlgoArenaFrontEnd\\src\\pages\\Frontoffice\\auth\\pages\\OAuthCallbackPage.jsx": {"lines":{"total":18,"covered":0,"skipped":0,"pct":0},"functions":{"total":4,"covered":0,"skipped":0,"pct":0},"statements":{"total":18,"covered":0,"skipped":0,"pct":0},"branches":{"total":6,"covered":0,"skipped":0,"pct":0}}
,"C:\\Users\\KF7\\Documents\\AlgoArenaFrontEnd\\src\\pages\\Frontoffice\\auth\\pages\\ResetExpiredPage.jsx": {"lines":{"total":11,"covered":0,"skipped":0,"pct":0},"functions":{"total":5,"covered":0,"skipped":0,"pct":0},"statements":{"total":11,"covered":0,"skipped":0,"pct":0},"branches":{"total":0,"covered":0,"skipped":0,"pct":100}}
,"C:\\Users\\KF7\\Documents\\AlgoArenaFrontEnd\\src\\pages\\Frontoffice\\auth\\pages\\ResetPasswordPage.jsx": {"lines":{"total":60,"covered":0,"skipped":0,"pct":0},"functions":{"total":13,"covered":0,"skipped":0,"pct":0},"statements":{"total":62,"covered":0,"skipped":0,"pct":0},"branches":{"total":32,"covered":0,"skipped":0,"pct":0}}
,"C:\\Users\\KF7\\Documents\\AlgoArenaFrontEnd\\src\\pages\\Frontoffice\\auth\\pages\\ResetSuccessPage.jsx": {"lines":{"total":14,"covered":0,"skipped":0,"pct":0},"functions":{"total":6,"covered":0,"skipped":0,"pct":0},"statements":{"total":16,"covered":0,"skipped":0,"pct":0},"branches":{"total":2,"covered":0,"skipped":0,"pct":0}}
,"C:\\Users\\KF7\\Documents\\AlgoArenaFrontEnd\\src\\pages\\Frontoffice\\battles\\index.js": {"lines":{"total":0,"covered":0,"skipped":0,"pct":100},"functions":{"total":0,"covered":0,"skipped":0,"pct":100},"statements":{"total":0,"covered":0,"skipped":0,"pct":100},"branches":{"total":0,"covered":0,"skipped":0,"pct":100}}
,"C:\\Users\\KF7\\Documents\\AlgoArenaFrontEnd\\src\\pages\\Frontoffice\\battles\\components\\BattleCard.jsx": {"lines":{"total":27,"covered":0,"skipped":0,"pct":0},"functions":{"total":5,"covered":0,"skipped":0,"pct":0},"statements":{"total":27,"covered":0,"skipped":0,"pct":0},"branches":{"total":76,"covered":0,"skipped":0,"pct":0}}
,"C:\\Users\\KF7\\Documents\\AlgoArenaFrontEnd\\src\\pages\\Frontoffice\\battles\\components\\BattleFilters.jsx": {"lines":{"total":22,"covered":0,"skipped":0,"pct":0},"functions":{"total":12,"covered":0,"skipped":0,"pct":0},"statements":{"total":23,"covered":0,"skipped":0,"pct":0},"branches":{"total":2,"covered":0,"skipped":0,"pct":0}}
,"C:\\Users\\KF7\\Documents\\AlgoArenaFrontEnd\\src\\pages\\Frontoffice\\battles\\components\\BattleTimeline.jsx": {"lines":{"total":11,"covered":0,"skipped":0,"pct":0},"functions":{"total":2,"covered":0,"skipped":0,"pct":0},"statements":{"total":11,"covered":0,"skipped":0,"pct":0},"branches":{"total":32,"covered":0,"skipped":0,"pct":0}}
,"C:\\Users\\KF7\\Documents\\AlgoArenaFrontEnd\\src\\pages\\Frontoffice\\battles\\components\\BattlesSignInGate.jsx": {"lines":{"total":14,"covered":0,"skipped":0,"pct":0},"functions":{"total":6,"covered":0,"skipped":0,"pct":0},"statements":{"total":14,"covered":0,"skipped":0,"pct":0},"branches":{"total":0,"covered":0,"skipped":0,"pct":100}}
,"C:\\Users\\KF7\\Documents\\AlgoArenaFrontEnd\\src\\pages\\Frontoffice\\battles\\components\\CreateBattleModal.jsx": {"lines":{"total":69,"covered":0,"skipped":0,"pct":0},"functions":{"total":31,"covered":0,"skipped":0,"pct":0},"statements":{"total":84,"covered":0,"skipped":0,"pct":0},"branches":{"total":97,"covered":0,"skipped":0,"pct":0}}
,"C:\\Users\\KF7\\Documents\\AlgoArenaFrontEnd\\src\\pages\\Frontoffice\\battles\\components\\PerformanceAnalytics.jsx": {"lines":{"total":48,"covered":0,"skipped":0,"pct":0},"functions":{"total":20,"covered":0,"skipped":0,"pct":0},"statements":{"total":54,"covered":0,"skipped":0,"pct":0},"branches":{"total":36,"covered":0,"skipped":0,"pct":0}}
,"C:\\Users\\KF7\\Documents\\AlgoArenaFrontEnd\\src\\pages\\Frontoffice\\battles\\components\\RoundCard.jsx": {"lines":{"total":9,"covered":0,"skipped":0,"pct":0},"functions":{"total":1,"covered":0,"skipped":0,"pct":0},"statements":{"total":9,"covered":0,"skipped":0,"pct":0},"branches":{"total":14,"covered":0,"skipped":0,"pct":0}}
,"C:\\Users\\KF7\\Documents\\AlgoArenaFrontEnd\\src\\pages\\Frontoffice\\battles\\components\\ScoreBoard.jsx": {"lines":{"total":7,"covered":0,"skipped":0,"pct":0},"functions":{"total":2,"covered":0,"skipped":0,"pct":0},"statements":{"total":7,"covered":0,"skipped":0,"pct":0},"branches":{"total":70,"covered":0,"skipped":0,"pct":0}}
,"C:\\Users\\KF7\\Documents\\AlgoArenaFrontEnd\\src\\pages\\Frontoffice\\battles\\data\\mockBattles.js": {"lines":{"total":8,"covered":0,"skipped":0,"pct":0},"functions":{"total":1,"covered":0,"skipped":0,"pct":0},"statements":{"total":8,"covered":0,"skipped":0,"pct":0},"branches":{"total":2,"covered":0,"skipped":0,"pct":0}}
,"C:\\Users\\KF7\\Documents\\AlgoArenaFrontEnd\\src\\pages\\Frontoffice\\battles\\hooks\\useBattleSocket.js": {"lines":{"total":75,"covered":0,"skipped":0,"pct":0},"functions":{"total":13,"covered":0,"skipped":0,"pct":0},"statements":{"total":86,"covered":0,"skipped":0,"pct":0},"branches":{"total":55,"covered":0,"skipped":0,"pct":0}}
,"C:\\Users\\KF7\\Documents\\AlgoArenaFrontEnd\\src\\pages\\Frontoffice\\battles\\hooks\\useBattleState.jsx": {"lines":{"total":351,"covered":0,"skipped":0,"pct":0},"functions":{"total":76,"covered":0,"skipped":0,"pct":0},"statements":{"total":392,"covered":0,"skipped":0,"pct":0},"branches":{"total":446,"covered":0,"skipped":0,"pct":0}}
,"C:\\Users\\KF7\\Documents\\AlgoArenaFrontEnd\\src\\pages\\Frontoffice\\battles\\pages\\ActiveBattlePage.jsx": {"lines":{"total":228,"covered":0,"skipped":0,"pct":0},"functions":{"total":46,"covered":0,"skipped":0,"pct":0},"statements":{"total":266,"covered":0,"skipped":0,"pct":0},"branches":{"total":302,"covered":0,"skipped":0,"pct":0}}
,"C:\\Users\\KF7\\Documents\\AlgoArenaFrontEnd\\src\\pages\\Frontoffice\\battles\\pages\\BattleListPage.jsx": {"lines":{"total":53,"covered":0,"skipped":0,"pct":0},"functions":{"total":19,"covered":0,"skipped":0,"pct":0},"statements":{"total":63,"covered":0,"skipped":0,"pct":0},"branches":{"total":34,"covered":0,"skipped":0,"pct":0}}
,"C:\\Users\\KF7\\Documents\\AlgoArenaFrontEnd\\src\\pages\\Frontoffice\\battles\\pages\\BattleSummaryPage.jsx": {"lines":{"total":94,"covered":0,"skipped":0,"pct":0},"functions":{"total":28,"covered":0,"skipped":0,"pct":0},"statements":{"total":115,"covered":0,"skipped":0,"pct":0},"branches":{"total":129,"covered":0,"skipped":0,"pct":0}}
,"C:\\Users\\KF7\\Documents\\AlgoArenaFrontEnd\\src\\pages\\Frontoffice\\battles\\types\\battle.types.js": {"lines":{"total":62,"covered":62,"skipped":0,"pct":100},"functions":{"total":20,"covered":20,"skipped":0,"pct":100},"statements":{"total":83,"covered":75,"skipped":0,"pct":90.36},"branches":{"total":54,"covered":40,"skipped":0,"pct":74.07}}
,"C:\\Users\\KF7\\Documents\\AlgoArenaFrontEnd\\src\\pages\\Frontoffice\\challenges\\index.js": {"lines":{"total":0,"covered":0,"skipped":0,"pct":100},"functions":{"total":0,"covered":0,"skipped":0,"pct":100},"statements":{"total":0,"covered":0,"skipped":0,"pct":100},"branches":{"total":0,"covered":0,"skipped":0,"pct":100}}
,"C:\\Users\\KF7\\Documents\\AlgoArenaFrontEnd\\src\\pages\\Frontoffice\\challenges\\components\\ChallengeCard.jsx": {"lines":{"total":44,"covered":0,"skipped":0,"pct":0},"functions":{"total":8,"covered":0,"skipped":0,"pct":0},"statements":{"total":50,"covered":0,"skipped":0,"pct":0},"branches":{"total":89,"covered":0,"skipped":0,"pct":0}}
,"C:\\Users\\KF7\\Documents\\AlgoArenaFrontEnd\\src\\pages\\Frontoffice\\challenges\\components\\ChallengeHeader.jsx": {"lines":{"total":50,"covered":0,"skipped":0,"pct":0},"functions":{"total":12,"covered":0,"skipped":0,"pct":0},"statements":{"total":57,"covered":0,"skipped":0,"pct":0},"branches":{"total":76,"covered":0,"skipped":0,"pct":0}}
,"C:\\Users\\KF7\\Documents\\AlgoArenaFrontEnd\\src\\pages\\Frontoffice\\challenges\\components\\ChallengePlayWorkspace.jsx": {"lines":{"total":13,"covered":0,"skipped":0,"pct":0},"functions":{"total":3,"covered":0,"skipped":0,"pct":0},"statements":{"total":14,"covered":0,"skipped":0,"pct":0},"branches":{"total":38,"covered":0,"skipped":0,"pct":0}}
,"C:\\Users\\KF7\\Documents\\AlgoArenaFrontEnd\\src\\pages\\Frontoffice\\challenges\\components\\ChallengesFilters.jsx": {"lines":{"total":16,"covered":0,"skipped":0,"pct":0},"functions":{"total":10,"covered":0,"skipped":0,"pct":0},"statements":{"total":16,"covered":0,"skipped":0,"pct":0},"branches":{"total":4,"covered":0,"skipped":0,"pct":0}}
,"C:\\Users\\KF7\\Documents\\AlgoArenaFrontEnd\\src\\pages\\Frontoffice\\challenges\\components\\ChallengesSignInGate.jsx": {"lines":{"total":14,"covered":0,"skipped":0,"pct":0},"functions":{"total":6,"covered":0,"skipped":0,"pct":0},"statements":{"total":14,"covered":0,"skipped":0,"pct":0},"branches":{"total":0,"covered":0,"skipped":0,"pct":100}}
,"C:\\Users\\KF7\\Documents\\AlgoArenaFrontEnd\\src\\pages\\Frontoffice\\challenges\\components\\CodeEditorContainer.jsx": {"lines":{"total":18,"covered":0,"skipped":0,"pct":0},"functions":{"total":6,"covered":0,"skipped":0,"pct":0},"statements":{"total":25,"covered":0,"skipped":0,"pct":0},"branches":{"total":27,"covered":0,"skipped":0,"pct":0}}
,"C:\\Users\\KF7\\Documents\\AlgoArenaFrontEnd\\src\\pages\\Frontoffice\\challenges\\components\\EditorToolbar.jsx": {"lines":{"total":25,"covered":0,"skipped":0,"pct":0},"functions":{"total":10,"covered":0,"skipped":0,"pct":0},"statements":{"total":25,"covered":0,"skipped":0,"pct":0},"branches":{"total":4,"covered":0,"skipped":0,"pct":0}}
,"C:\\Users\\KF7\\Documents\\AlgoArenaFrontEnd\\src\\pages\\Frontoffice\\challenges\\components\\ProblemDescription.jsx": {"lines":{"total":69,"covered":0,"skipped":0,"pct":0},"functions":{"total":20,"covered":0,"skipped":0,"pct":0},"statements":{"total":71,"covered":0,"skipped":0,"pct":0},"branches":{"total":132,"covered":0,"skipped":0,"pct":0}}
,"C:\\Users\\KF7\\Documents\\AlgoArenaFrontEnd\\src\\pages\\Frontoffice\\challenges\\components\\ProblemTabs.jsx": {"lines":{"total":9,"covered":0,"skipped":0,"pct":0},"functions":{"total":2,"covered":0,"skipped":0,"pct":0},"statements":{"total":9,"covered":0,"skipped":0,"pct":0},"branches":{"total":6,"covered":0,"skipped":0,"pct":0}}
,"C:\\Users\\KF7\\Documents\\AlgoArenaFrontEnd\\src\\pages\\Frontoffice\\challenges\\components\\TerminalPanel.jsx": {"lines":{"total":47,"covered":0,"skipped":0,"pct":0},"functions":{"total":14,"covered":0,"skipped":0,"pct":0},"statements":{"total":50,"covered":0,"skipped":0,"pct":0},"branches":{"total":117,"covered":0,"skipped":0,"pct":0}}
,"C:\\Users\\KF7\\Documents\\AlgoArenaFrontEnd\\src\\pages\\Frontoffice\\challenges\\components\\TestResultCard.jsx": {"lines":{"total":14,"covered":0,"skipped":0,"pct":0},"functions":{"total":4,"covered":0,"skipped":0,"pct":0},"statements":{"total":18,"covered":0,"skipped":0,"pct":0},"branches":{"total":46,"covered":0,"skipped":0,"pct":0}}
,"C:\\Users\\KF7\\Documents\\AlgoArenaFrontEnd\\src\\pages\\Frontoffice\\challenges\\components\\ThinkingTrace.jsx": {"lines":{"total":31,"covered":0,"skipped":0,"pct":0},"functions":{"total":8,"covered":0,"skipped":0,"pct":0},"statements":{"total":34,"covered":0,"skipped":0,"pct":0},"branches":{"total":36,"covered":0,"skipped":0,"pct":0}}
,"C:\\Users\\KF7\\Documents\\AlgoArenaFrontEnd\\src\\pages\\Frontoffice\\challenges\\components\\UserRankStatsBar.jsx": {"lines":{"total":62,"covered":0,"skipped":0,"pct":0},"functions":{"total":15,"covered":0,"skipped":0,"pct":0},"statements":{"total":69,"covered":0,"skipped":0,"pct":0},"branches":{"total":126,"covered":0,"skipped":0,"pct":0}}
,"C:\\Users\\KF7\\Documents\\AlgoArenaFrontEnd\\src\\pages\\Frontoffice\\challenges\\context\\ChallengeContext.jsx": {"lines":{"total":284,"covered":0,"skipped":0,"pct":0},"functions":{"total":60,"covered":0,"skipped":0,"pct":0},"statements":{"total":327,"covered":0,"skipped":0,"pct":0},"branches":{"total":465,"covered":0,"skipped":0,"pct":0}}
,"C:\\Users\\KF7\\Documents\\AlgoArenaFrontEnd\\src\\pages\\Frontoffice\\challenges\\data\\mockChallenges.js": {"lines":{"total":11,"covered":0,"skipped":0,"pct":0},"functions":{"total":0,"covered":0,"skipped":0,"pct":100},"statements":{"total":11,"covered":0,"skipped":0,"pct":0},"branches":{"total":0,"covered":0,"skipped":0,"pct":100}}
,"C:\\Users\\KF7\\Documents\\AlgoArenaFrontEnd\\src\\pages\\Frontoffice\\challenges\\hooks\\useChallengeExecution.js": {"lines":{"total":35,"covered":0,"skipped":0,"pct":0},"functions":{"total":4,"covered":0,"skipped":0,"pct":0},"statements":{"total":39,"covered":0,"skipped":0,"pct":0},"branches":{"total":20,"covered":0,"skipped":0,"pct":0}}
,"C:\\Users\\KF7\\Documents\\AlgoArenaFrontEnd\\src\\pages\\Frontoffice\\challenges\\hooks\\useChallenges.js": {"lines":{"total":76,"covered":0,"skipped":0,"pct":0},"functions":{"total":34,"covered":0,"skipped":0,"pct":0},"statements":{"total":95,"covered":0,"skipped":0,"pct":0},"branches":{"total":69,"covered":0,"skipped":0,"pct":0}}
,"C:\\Users\\KF7\\Documents\\AlgoArenaFrontEnd\\src\\pages\\Frontoffice\\challenges\\hooks\\useComplexityThinking.js": {"lines":{"total":64,"covered":0,"skipped":0,"pct":0},"functions":{"total":8,"covered":0,"skipped":0,"pct":0},"statements":{"total":68,"covered":0,"skipped":0,"pct":0},"branches":{"total":36,"covered":0,"skipped":0,"pct":0}}
,"C:\\Users\\KF7\\Documents\\AlgoArenaFrontEnd\\src\\pages\\Frontoffice\\challenges\\pages\\ChallengePlayPage.jsx": {"lines":{"total":228,"covered":0,"skipped":0,"pct":0},"functions":{"total":55,"covered":0,"skipped":0,"pct":0},"statements":{"total":270,"covered":0,"skipped":0,"pct":0},"branches":{"total":164,"covered":0,"skipped":0,"pct":0}}
,"C:\\Users\\KF7\\Documents\\AlgoArenaFrontEnd\\src\\pages\\Frontoffice\\challenges\\pages\\ChallengesListPage.jsx": {"lines":{"total":56,"covered":0,"skipped":0,"pct":0},"functions":{"total":21,"covered":0,"skipped":0,"pct":0},"statements":{"total":64,"covered":0,"skipped":0,"pct":0},"branches":{"total":65,"covered":0,"skipped":0,"pct":0}}
,"C:\\Users\\KF7\\Documents\\AlgoArenaFrontEnd\\src\\pages\\Frontoffice\\community\\components\\create\\CreatePostDialog.jsx": {"lines":{"total":75,"covered":0,"skipped":0,"pct":0},"functions":{"total":17,"covered":0,"skipped":0,"pct":0},"statements":{"total":81,"covered":0,"skipped":0,"pct":0},"branches":{"total":58,"covered":0,"skipped":0,"pct":0}}
,"C:\\Users\\KF7\\Documents\\AlgoArenaFrontEnd\\src\\pages\\Frontoffice\\community\\components\\feed\\FeedHeader.jsx": {"lines":{"total":9,"covered":0,"skipped":0,"pct":0},"functions":{"total":6,"covered":0,"skipped":0,"pct":0},"statements":{"total":9,"covered":0,"skipped":0,"pct":0},"branches":{"total":24,"covered":0,"skipped":0,"pct":0}}
,"C:\\Users\\KF7\\Documents\\AlgoArenaFrontEnd\\src\\pages\\Frontoffice\\community\\components\\feed\\FeedToolbar.jsx": {"lines":{"total":7,"covered":0,"skipped":0,"pct":0},"functions":{"total":6,"covered":0,"skipped":0,"pct":0},"statements":{"total":7,"covered":0,"skipped":0,"pct":0},"branches":{"total":17,"covered":0,"skipped":0,"pct":0}}
,"C:\\Users\\KF7\\Documents\\AlgoArenaFrontEnd\\src\\pages\\Frontoffice\\community\\components\\feed\\PostList.jsx": {"lines":{"total":13,"covered":0,"skipped":0,"pct":0},"functions":{"total":4,"covered":0,"skipped":0,"pct":0},"statements":{"total":13,"covered":0,"skipped":0,"pct":0},"branches":{"total":14,"covered":0,"skipped":0,"pct":0}}
,"C:\\Users\\KF7\\Documents\\AlgoArenaFrontEnd\\src\\pages\\Frontoffice\\community\\components\\feed\\PostRow.jsx": {"lines":{"total":23,"covered":0,"skipped":0,"pct":0},"functions":{"total":6,"covered":0,"skipped":0,"pct":0},"statements":{"total":25,"covered":0,"skipped":0,"pct":0},"branches":{"total":46,"covered":0,"skipped":0,"pct":0}}
,"C:\\Users\\KF7\\Documents\\AlgoArenaFrontEnd\\src\\pages\\Frontoffice\\community\\components\\shared\\StatusBadge.jsx": {"lines":{"total":5,"covered":0,"skipped":0,"pct":0},"functions":{"total":1,"covered":0,"skipped":0,"pct":0},"statements":{"total":5,"covered":0,"skipped":0,"pct":0},"branches":{"total":8,"covered":0,"skipped":0,"pct":0}}
,"C:\\Users\\KF7\\Documents\\AlgoArenaFrontEnd\\src\\pages\\Frontoffice\\community\\components\\shared\\Tag.jsx": {"lines":{"total":6,"covered":0,"skipped":0,"pct":0},"functions":{"total":1,"covered":0,"skipped":0,"pct":0},"statements":{"total":6,"covered":0,"skipped":0,"pct":0},"branches":{"total":20,"covered":0,"skipped":0,"pct":0}}
,"C:\\Users\\KF7\\Documents\\AlgoArenaFrontEnd\\src\\pages\\Frontoffice\\community\\components\\shared\\UserChip.jsx": {"lines":{"total":4,"covered":0,"skipped":0,"pct":0},"functions":{"total":1,"covered":0,"skipped":0,"pct":0},"statements":{"total":4,"covered":0,"skipped":0,"pct":0},"branches":{"total":14,"covered":0,"skipped":0,"pct":0}}
,"C:\\Users\\KF7\\Documents\\AlgoArenaFrontEnd\\src\\pages\\Frontoffice\\community\\components\\shared\\VoteCounter.jsx": {"lines":{"total":4,"covered":0,"skipped":0,"pct":0},"functions":{"total":2,"covered":0,"skipped":0,"pct":0},"statements":{"total":4,"covered":0,"skipped":0,"pct":0},"branches":{"total":15,"covered":0,"skipped":0,"pct":0}}
,"C:\\Users\\KF7\\Documents\\AlgoArenaFrontEnd\\src\\pages\\Frontoffice\\community\\components\\shared\\icons.jsx": {"lines":{"total":42,"covered":0,"skipped":0,"pct":0},"functions":{"total":21,"covered":0,"skipped":0,"pct":0},"statements":{"total":42,"covered":0,"skipped":0,"pct":0},"branches":{"total":1,"covered":0,"skipped":0,"pct":0}}
,"C:\\Users\\KF7\\Documents\\AlgoArenaFrontEnd\\src\\pages\\Frontoffice\\community\\components\\sidebar\\CommunityStats.jsx": {"lines":{"total":6,"covered":0,"skipped":0,"pct":0},"functions":{"total":3,"covered":0,"skipped":0,"pct":0},"statements":{"total":6,"covered":0,"skipped":0,"pct":0},"branches":{"total":20,"covered":0,"skipped":0,"pct":0}}
,"C:\\Users\\KF7\\Documents\\AlgoArenaFrontEnd\\src\\pages\\Frontoffice\\community\\components\\sidebar\\TagCloud.jsx": {"lines":{"total":5,"covered":0,"skipped":0,"pct":0},"functions":{"total":3,"covered":0,"skipped":0,"pct":0},"statements":{"total":6,"covered":0,"skipped":0,"pct":0},"branches":{"total":6,"covered":0,"skipped":0,"pct":0}}
,"C:\\Users\\KF7\\Documents\\AlgoArenaFrontEnd\\src\\pages\\Frontoffice\\community\\hooks\\useAITags.js": {"lines":{"total":29,"covered":0,"skipped":0,"pct":0},"functions":{"total":3,"covered":0,"skipped":0,"pct":0},"statements":{"total":30,"covered":0,"skipped":0,"pct":0},"branches":{"total":21,"covered":0,"skipped":0,"pct":0}}
,"C:\\Users\\KF7\\Documents\\AlgoArenaFrontEnd\\src\\pages\\Frontoffice\\community\\hooks\\useCommunityPosts.js": {"lines":{"total":21,"covered":0,"skipped":0,"pct":0},"functions":{"total":4,"covered":0,"skipped":0,"pct":0},"statements":{"total":21,"covered":0,"skipped":0,"pct":0},"branches":{"total":6,"covered":0,"skipped":0,"pct":0}}
,"C:\\Users\\KF7\\Documents\\AlgoArenaFrontEnd\\src\\pages\\Frontoffice\\community\\hooks\\usePersistentState.js": {"lines":{"total":5,"covered":0,"skipped":0,"pct":0},"functions":{"total":3,"covered":0,"skipped":0,"pct":0},"statements":{"total":6,"covered":0,"skipped":0,"pct":0},"branches":{"total":0,"covered":0,"skipped":0,"pct":100}}
,"C:\\Users\\KF7\\Documents\\AlgoArenaFrontEnd\\src\\pages\\Frontoffice\\community\\hooks\\usePostReactions.js": {"lines":{"total":56,"covered":0,"skipped":0,"pct":0},"functions":{"total":8,"covered":0,"skipped":0,"pct":0},"statements":{"total":57,"covered":0,"skipped":0,"pct":0},"branches":{"total":43,"covered":0,"skipped":0,"pct":0}}
,"C:\\Users\\KF7\\Documents\\AlgoArenaFrontEnd\\src\\pages\\Frontoffice\\community\\hooks\\useSavedPosts.js": {"lines":{"total":14,"covered":0,"skipped":0,"pct":0},"functions":{"total":4,"covered":0,"skipped":0,"pct":0},"statements":{"total":17,"covered":0,"skipped":0,"pct":0},"branches":{"total":10,"covered":0,"skipped":0,"pct":0}}
,"C:\\Users\\KF7\\Documents\\AlgoArenaFrontEnd\\src\\pages\\Frontoffice\\community\\pages\\CommunityDashboardPage.jsx": {"lines":{"total":225,"covered":0,"skipped":0,"pct":0},"functions":{"total":51,"covered":0,"skipped":0,"pct":0},"statements":{"total":252,"covered":0,"skipped":0,"pct":0},"branches":{"total":162,"covered":0,"skipped":0,"pct":0}}
,"C:\\Users\\KF7\\Documents\\AlgoArenaFrontEnd\\src\\pages\\Frontoffice\\community\\pages\\CommunityPage.jsx": {"lines":{"total":90,"covered":0,"skipped":0,"pct":0},"functions":{"total":34,"covered":0,"skipped":0,"pct":0},"statements":{"total":103,"covered":0,"skipped":0,"pct":0},"branches":{"total":73,"covered":0,"skipped":0,"pct":0}}
,"C:\\Users\\KF7\\Documents\\AlgoArenaFrontEnd\\src\\pages\\Frontoffice\\community\\pages\\CommunityPageLegacy.jsx": {"lines":{"total":781,"covered":0,"skipped":0,"pct":0},"functions":{"total":215,"covered":0,"skipped":0,"pct":0},"statements":{"total":895,"covered":0,"skipped":0,"pct":0},"branches":{"total":861,"covered":0,"skipped":0,"pct":0}}
,"C:\\Users\\KF7\\Documents\\AlgoArenaFrontEnd\\src\\pages\\Frontoffice\\community\\pages\\PostDetailPage.jsx": {"lines":{"total":55,"covered":0,"skipped":0,"pct":0},"functions":{"total":14,"covered":0,"skipped":0,"pct":0},"statements":{"total":60,"covered":0,"skipped":0,"pct":0},"branches":{"total":71,"covered":0,"skipped":0,"pct":0}}
,"C:\\Users\\KF7\\Documents\\AlgoArenaFrontEnd\\src\\pages\\Frontoffice\\community\\utils\\commentTree.js": {"lines":{"total":47,"covered":0,"skipped":0,"pct":0},"functions":{"total":15,"covered":0,"skipped":0,"pct":0},"statements":{"total":60,"covered":0,"skipped":0,"pct":0},"branches":{"total":66,"covered":0,"skipped":0,"pct":0}}
,"C:\\Users\\KF7\\Documents\\AlgoArenaFrontEnd\\src\\pages\\Frontoffice\\community\\utils\\media.js": {"lines":{"total":17,"covered":0,"skipped":0,"pct":0},"functions":{"total":3,"covered":0,"skipped":0,"pct":0},"statements":{"total":20,"covered":0,"skipped":0,"pct":0},"branches":{"total":19,"covered":0,"skipped":0,"pct":0}}
,"C:\\Users\\KF7\\Documents\\AlgoArenaFrontEnd\\src\\pages\\Frontoffice\\community\\utils\\relativeTime.js": {"lines":{"total":17,"covered":0,"skipped":0,"pct":0},"functions":{"total":1,"covered":0,"skipped":0,"pct":0},"statements":{"total":25,"covered":0,"skipped":0,"pct":0},"branches":{"total":18,"covered":0,"skipped":0,"pct":0}}
,"C:\\Users\\KF7\\Documents\\AlgoArenaFrontEnd\\src\\pages\\Frontoffice\\community\\utils\\storageKeys.js": {"lines":{"total":10,"covered":0,"skipped":0,"pct":0},"functions":{"total":2,"covered":0,"skipped":0,"pct":0},"statements":{"total":11,"covered":0,"skipped":0,"pct":0},"branches":{"total":2,"covered":0,"skipped":0,"pct":0}}
,"C:\\Users\\KF7\\Documents\\AlgoArenaFrontEnd\\src\\pages\\Frontoffice\\community\\utils\\tags.js": {"lines":{"total":29,"covered":0,"skipped":0,"pct":0},"functions":{"total":5,"covered":0,"skipped":0,"pct":0},"statements":{"total":33,"covered":0,"skipped":0,"pct":0},"branches":{"total":22,"covered":0,"skipped":0,"pct":0}}
,"C:\\Users\\KF7\\Documents\\AlgoArenaFrontEnd\\src\\pages\\Frontoffice\\leaderboard\\index.js": {"lines":{"total":0,"covered":0,"skipped":0,"pct":100},"functions":{"total":0,"covered":0,"skipped":0,"pct":100},"statements":{"total":0,"covered":0,"skipped":0,"pct":100},"branches":{"total":0,"covered":0,"skipped":0,"pct":100}}
,"C:\\Users\\KF7\\Documents\\AlgoArenaFrontEnd\\src\\pages\\Frontoffice\\leaderboard\\components\\ArenaStage.jsx": {"lines":{"total":7,"covered":0,"skipped":0,"pct":0},"functions":{"total":1,"covered":0,"skipped":0,"pct":0},"statements":{"total":8,"covered":0,"skipped":0,"pct":0},"branches":{"total":5,"covered":0,"skipped":0,"pct":0}}
,"C:\\Users\\KF7\\Documents\\AlgoArenaFrontEnd\\src\\pages\\Frontoffice\\leaderboard\\components\\AvatarMedia.jsx": {"lines":{"total":29,"covered":0,"skipped":0,"pct":0},"functions":{"total":9,"covered":0,"skipped":0,"pct":0},"statements":{"total":32,"covered":0,"skipped":0,"pct":0},"branches":{"total":28,"covered":0,"skipped":0,"pct":0}}
,"C:\\Users\\KF7\\Documents\\AlgoArenaFrontEnd\\src\\pages\\Frontoffice\\leaderboard\\components\\ChampionCard.jsx": {"lines":{"total":6,"covered":0,"skipped":0,"pct":0},"functions":{"total":1,"covered":0,"skipped":0,"pct":0},"statements":{"total":6,"covered":0,"skipped":0,"pct":0},"branches":{"total":0,"covered":0,"skipped":0,"pct":100}}
,"C:\\Users\\KF7\\Documents\\AlgoArenaFrontEnd\\src\\pages\\Frontoffice\\leaderboard\\components\\EnergyBar.jsx": {"lines":{"total":7,"covered":0,"skipped":0,"pct":0},"functions":{"total":1,"covered":0,"skipped":0,"pct":0},"statements":{"total":7,"covered":0,"skipped":0,"pct":0},"branches":{"total":10,"covered":0,"skipped":0,"pct":0}}
,"C:\\Users\\KF7\\Documents\\AlgoArenaFrontEnd\\src\\pages\\Frontoffice\\leaderboard\\components\\LeaderboardHeader.jsx": {"lines":{"total":6,"covered":0,"skipped":0,"pct":0},"functions":{"total":1,"covered":0,"skipped":0,"pct":0},"statements":{"total":6,"covered":0,"skipped":0,"pct":0},"branches":{"total":6,"covered":0,"skipped":0,"pct":0}}
,"C:\\Users\\KF7\\Documents\\AlgoArenaFrontEnd\\src\\pages\\Frontoffice\\leaderboard\\components\\RankBadge.jsx": {"lines":{"total":6,"covered":0,"skipped":0,"pct":0},"functions":{"total":1,"covered":0,"skipped":0,"pct":0},"statements":{"total":6,"covered":0,"skipped":0,"pct":0},"branches":{"total":6,"covered":0,"skipped":0,"pct":0}}
,"C:\\Users\\KF7\\Documents\\AlgoArenaFrontEnd\\src\\pages\\Frontoffice\\leaderboard\\components\\RankCard.jsx": {"lines":{"total":28,"covered":0,"skipped":0,"pct":0},"functions":{"total":5,"covered":0,"skipped":0,"pct":0},"statements":{"total":28,"covered":0,"skipped":0,"pct":0},"branches":{"total":47,"covered":0,"skipped":0,"pct":0}}
,"C:\\Users\\KF7\\Documents\\AlgoArenaFrontEnd\\src\\pages\\Frontoffice\\leaderboard\\components\\StreakIndicator.jsx": {"lines":{"total":11,"covered":0,"skipped":0,"pct":0},"functions":{"total":2,"covered":0,"skipped":0,"pct":0},"statements":{"total":12,"covered":0,"skipped":0,"pct":0},"branches":{"total":22,"covered":0,"skipped":0,"pct":0}}
,"C:\\Users\\KF7\\Documents\\AlgoArenaFrontEnd\\src\\pages\\Frontoffice\\leaderboard\\components\\TrendIndicator.jsx": {"lines":{"total":15,"covered":0,"skipped":0,"pct":0},"functions":{"total":4,"covered":0,"skipped":0,"pct":0},"statements":{"total":15,"covered":0,"skipped":0,"pct":0},"branches":{"total":6,"covered":0,"skipped":0,"pct":0}}
,"C:\\Users\\KF7\\Documents\\AlgoArenaFrontEnd\\src\\pages\\Frontoffice\\leaderboard\\data\\mockLeaderboard.js": {"lines":{"total":3,"covered":0,"skipped":0,"pct":0},"functions":{"total":0,"covered":0,"skipped":0,"pct":100},"statements":{"total":3,"covered":0,"skipped":0,"pct":0},"branches":{"total":0,"covered":0,"skipped":0,"pct":100}}
,"C:\\Users\\KF7\\Documents\\AlgoArenaFrontEnd\\src\\pages\\Frontoffice\\leaderboard\\pages\\LeaderboardPage.jsx": {"lines":{"total":78,"covered":0,"skipped":0,"pct":0},"functions":{"total":16,"covered":0,"skipped":0,"pct":0},"statements":{"total":85,"covered":0,"skipped":0,"pct":0},"branches":{"total":38,"covered":0,"skipped":0,"pct":0}}
,"C:\\Users\\KF7\\Documents\\AlgoArenaFrontEnd\\src\\pages\\Frontoffice\\leaderboard\\utils\\leaderboardUtils.js": {"lines":{"total":77,"covered":75,"skipped":0,"pct":97.4},"functions":{"total":23,"covered":23,"skipped":0,"pct":100},"statements":{"total":99,"covered":92,"skipped":0,"pct":92.92},"branches":{"total":103,"covered":82,"skipped":0,"pct":79.61}}
,"C:\\Users\\KF7\\Documents\\AlgoArenaFrontEnd\\src\\pages\\Frontoffice\\profile\\index.js": {"lines":{"total":0,"covered":0,"skipped":0,"pct":100},"functions":{"total":0,"covered":0,"skipped":0,"pct":100},"statements":{"total":0,"covered":0,"skipped":0,"pct":100},"branches":{"total":0,"covered":0,"skipped":0,"pct":100}}
,"C:\\Users\\KF7\\Documents\\AlgoArenaFrontEnd\\src\\pages\\Frontoffice\\profile\\components\\AvatarSection.jsx": {"lines":{"total":34,"covered":0,"skipped":0,"pct":0},"functions":{"total":12,"covered":0,"skipped":0,"pct":0},"statements":{"total":39,"covered":0,"skipped":0,"pct":0},"branches":{"total":20,"covered":0,"skipped":0,"pct":0}}
,"C:\\Users\\KF7\\Documents\\AlgoArenaFrontEnd\\src\\pages\\Frontoffice\\profile\\components\\ChangePasswordSection.jsx": {"lines":{"total":34,"covered":0,"skipped":0,"pct":0},"functions":{"total":11,"covered":0,"skipped":0,"pct":0},"statements":{"total":38,"covered":0,"skipped":0,"pct":0},"branches":{"total":28,"covered":0,"skipped":0,"pct":0}}
,"C:\\Users\\KF7\\Documents\\AlgoArenaFrontEnd\\src\\pages\\Frontoffice\\profile\\components\\PasswordStrengthMeter.jsx": {"lines":{"total":6,"covered":0,"skipped":0,"pct":0},"functions":{"total":1,"covered":0,"skipped":0,"pct":0},"statements":{"total":7,"covered":0,"skipped":0,"pct":0},"branches":{"total":6,"covered":0,"skipped":0,"pct":0}}
,"C:\\Users\\KF7\\Documents\\AlgoArenaFrontEnd\\src\\pages\\Frontoffice\\profile\\components\\ProfileInfoSection.jsx": {"lines":{"total":29,"covered":0,"skipped":0,"pct":0},"functions":{"total":12,"covered":0,"skipped":0,"pct":0},"statements":{"total":35,"covered":0,"skipped":0,"pct":0},"branches":{"total":59,"covered":0,"skipped":0,"pct":0}}
,"C:\\Users\\KF7\\Documents\\AlgoArenaFrontEnd\\src\\pages\\Frontoffice\\profile\\components\\RequirementChecklist.jsx": {"lines":{"total":3,"covered":0,"skipped":0,"pct":0},"functions":{"total":2,"covered":0,"skipped":0,"pct":0},"statements":{"total":3,"covered":0,"skipped":0,"pct":0},"branches":{"total":4,"covered":0,"skipped":0,"pct":0}}
,"C:\\Users\\KF7\\Documents\\AlgoArenaFrontEnd\\src\\pages\\Frontoffice\\profile\\components\\TwoFactorMethodSelector.jsx": {"lines":{"total":23,"covered":0,"skipped":0,"pct":0},"functions":{"total":5,"covered":0,"skipped":0,"pct":0},"statements":{"total":23,"covered":0,"skipped":0,"pct":0},"branches":{"total":16,"covered":0,"skipped":0,"pct":0}}
,"C:\\Users\\KF7\\Documents\\AlgoArenaFrontEnd\\src\\pages\\Frontoffice\\profile\\components\\TwoFactorSection.jsx": {"lines":{"total":18,"covered":0,"skipped":0,"pct":0},"functions":{"total":6,"covered":0,"skipped":0,"pct":0},"statements":{"total":18,"covered":0,"skipped":0,"pct":0},"branches":{"total":20,"covered":0,"skipped":0,"pct":0}}
,"C:\\Users\\KF7\\Documents\\AlgoArenaFrontEnd\\src\\pages\\Frontoffice\\profile\\context\\ProfileContext.jsx": {"lines":{"total":51,"covered":0,"skipped":0,"pct":0},"functions":{"total":12,"covered":0,"skipped":0,"pct":0},"statements":{"total":61,"covered":0,"skipped":0,"pct":0},"branches":{"total":14,"covered":0,"skipped":0,"pct":0}}
,"C:\\Users\\KF7\\Documents\\AlgoArenaFrontEnd\\src\\pages\\Frontoffice\\profile\\hooks\\usePasswordStrength.js": {"lines":{"total":13,"covered":0,"skipped":0,"pct":0},"functions":{"total":8,"covered":0,"skipped":0,"pct":0},"statements":{"total":15,"covered":0,"skipped":0,"pct":0},"branches":{"total":3,"covered":0,"skipped":0,"pct":0}}
,"C:\\Users\\KF7\\Documents\\AlgoArenaFrontEnd\\src\\pages\\Frontoffice\\profile\\pages\\BillingHistoryPage.jsx": {"lines":{"total":6,"covered":0,"skipped":0,"pct":0},"functions":{"total":3,"covered":0,"skipped":0,"pct":0},"statements":{"total":6,"covered":0,"skipped":0,"pct":0},"branches":{"total":16,"covered":0,"skipped":0,"pct":0}}
,"C:\\Users\\KF7\\Documents\\AlgoArenaFrontEnd\\src\\pages\\Frontoffice\\profile\\pages\\BillingReturnPage.jsx": {"lines":{"total":39,"covered":0,"skipped":0,"pct":0},"functions":{"total":8,"covered":0,"skipped":0,"pct":0},"statements":{"total":41,"covered":0,"skipped":0,"pct":0},"branches":{"total":24,"covered":0,"skipped":0,"pct":0}}
,"C:\\Users\\KF7\\Documents\\AlgoArenaFrontEnd\\src\\pages\\Frontoffice\\profile\\pages\\ProfilePage.jsx": {"lines":{"total":27,"covered":0,"skipped":0,"pct":0},"functions":{"total":5,"covered":0,"skipped":0,"pct":0},"statements":{"total":28,"covered":0,"skipped":0,"pct":0},"branches":{"total":14,"covered":0,"skipped":0,"pct":0}}
,"C:\\Users\\KF7\\Documents\\AlgoArenaFrontEnd\\src\\pages\\Frontoffice\\profile\\pages\\TwoFactorSetupPage.jsx": {"lines":{"total":55,"covered":0,"skipped":0,"pct":0},"functions":{"total":16,"covered":0,"skipped":0,"pct":0},"statements":{"total":58,"covered":0,"skipped":0,"pct":0},"branches":{"total":30,"covered":0,"skipped":0,"pct":0}}
,"C:\\Users\\KF7\\Documents\\AlgoArenaFrontEnd\\src\\pages\\Frontoffice\\speedchallenge\\SpeedChallengePage.jsx": {"lines":{"total":400,"covered":0,"skipped":0,"pct":0},"functions":{"total":106,"covered":0,"skipped":0,"pct":0},"statements":{"total":442,"covered":0,"skipped":0,"pct":0},"branches":{"total":281,"covered":0,"skipped":0,"pct":0}}
,"C:\\Users\\KF7\\Documents\\AlgoArenaFrontEnd\\src\\pages\\Frontoffice\\speedchallenge\\components\\PlacementResult.jsx": {"lines":{"total":43,"covered":0,"skipped":0,"pct":0},"functions":{"total":16,"covered":0,"skipped":0,"pct":0},"statements":{"total":49,"covered":0,"skipped":0,"pct":0},"branches":{"total":64,"covered":0,"skipped":0,"pct":0}}
,"C:\\Users\\KF7\\Documents\\AlgoArenaFrontEnd\\src\\pages\\Frontoffice\\speedchallenge\\components\\ProblemStepper.jsx": {"lines":{"total":13,"covered":0,"skipped":0,"pct":0},"functions":{"total":3,"covered":0,"skipped":0,"pct":0},"statements":{"total":13,"covered":0,"skipped":0,"pct":0},"branches":{"total":26,"covered":0,"skipped":0,"pct":0}}
,"C:\\Users\\KF7\\Documents\\AlgoArenaFrontEnd\\src\\pages\\Frontoffice\\speedchallenge\\components\\SpeedCodeEditor.jsx": {"lines":{"total":20,"covered":0,"skipped":0,"pct":0},"functions":{"total":8,"covered":0,"skipped":0,"pct":0},"statements":{"total":20,"covered":0,"skipped":0,"pct":0},"branches":{"total":9,"covered":0,"skipped":0,"pct":0}}
,"C:\\Users\\KF7\\Documents\\AlgoArenaFrontEnd\\src\\pages\\Frontoffice\\speedchallenge\\components\\SpeedProblemPanel.jsx": {"lines":{"total":24,"covered":0,"skipped":0,"pct":0},"functions":{"total":8,"covered":0,"skipped":0,"pct":0},"statements":{"total":26,"covered":0,"skipped":0,"pct":0},"branches":{"total":25,"covered":0,"skipped":0,"pct":0}}
,"C:\\Users\\KF7\\Documents\\AlgoArenaFrontEnd\\src\\pages\\Frontoffice\\speedchallenge\\components\\SpeedTimer.jsx": {"lines":{"total":76,"covered":0,"skipped":0,"pct":0},"functions":{"total":11,"covered":0,"skipped":0,"pct":0},"statements":{"total":85,"covered":0,"skipped":0,"pct":0},"branches":{"total":77,"covered":0,"skipped":0,"pct":0}}
,"C:\\Users\\KF7\\Documents\\AlgoArenaFrontEnd\\src\\pages\\Frontoffice\\speedchallenge\\data\\speedChallengeProblems.js": {"lines":{"total":13,"covered":13,"skipped":0,"pct":100},"functions":{"total":1,"covered":1,"skipped":0,"pct":100},"statements":{"total":16,"covered":16,"skipped":0,"pct":100},"branches":{"total":10,"covered":10,"skipped":0,"pct":100}}
,"C:\\Users\\KF7\\Documents\\AlgoArenaFrontEnd\\src\\pages\\LandingPage\\LandingPage.jsx": {"lines":{"total":2,"covered":0,"skipped":0,"pct":0},"functions":{"total":1,"covered":0,"skipped":0,"pct":0},"statements":{"total":2,"covered":0,"skipped":0,"pct":0},"branches":{"total":0,"covered":0,"skipped":0,"pct":100}}
,"C:\\Users\\KF7\\Documents\\AlgoArenaFrontEnd\\src\\routes\\prefetchRoutes.js": {"lines":{"total":45,"covered":0,"skipped":0,"pct":0},"functions":{"total":44,"covered":0,"skipped":0,"pct":0},"statements":{"total":68,"covered":0,"skipped":0,"pct":0},"branches":{"total":15,"covered":0,"skipped":0,"pct":0}}
,"C:\\Users\\KF7\\Documents\\AlgoArenaFrontEnd\\src\\sections\\Arena.jsx": {"lines":{"total":26,"covered":0,"skipped":0,"pct":0},"functions":{"total":5,"covered":0,"skipped":0,"pct":0},"statements":{"total":26,"covered":0,"skipped":0,"pct":0},"branches":{"total":22,"covered":0,"skipped":0,"pct":0}}
,"C:\\Users\\KF7\\Documents\\AlgoArenaFrontEnd\\src\\sections\\CTA.jsx": {"lines":{"total":6,"covered":0,"skipped":0,"pct":0},"functions":{"total":1,"covered":0,"skipped":0,"pct":0},"statements":{"total":6,"covered":0,"skipped":0,"pct":0},"branches":{"total":0,"covered":0,"skipped":0,"pct":100}}
,"C:\\Users\\KF7\\Documents\\AlgoArenaFrontEnd\\src\\sections\\Features.jsx": {"lines":{"total":19,"covered":0,"skipped":0,"pct":0},"functions":{"total":5,"covered":0,"skipped":0,"pct":0},"statements":{"total":19,"covered":0,"skipped":0,"pct":0},"branches":{"total":2,"covered":0,"skipped":0,"pct":0}}
,"C:\\Users\\KF7\\Documents\\AlgoArenaFrontEnd\\src\\sections\\Games.jsx": {"lines":{"total":44,"covered":0,"skipped":0,"pct":0},"functions":{"total":12,"covered":0,"skipped":0,"pct":0},"statements":{"total":45,"covered":0,"skipped":0,"pct":0},"branches":{"total":10,"covered":0,"skipped":0,"pct":0}}
,"C:\\Users\\KF7\\Documents\\AlgoArenaFrontEnd\\src\\sections\\Hero.jsx": {"lines":{"total":123,"covered":0,"skipped":0,"pct":0},"functions":{"total":24,"covered":0,"skipped":0,"pct":0},"statements":{"total":139,"covered":0,"skipped":0,"pct":0},"branches":{"total":42,"covered":0,"skipped":0,"pct":0}}
,"C:\\Users\\KF7\\Documents\\AlgoArenaFrontEnd\\src\\sections\\Stats.jsx": {"lines":{"total":12,"covered":0,"skipped":0,"pct":0},"functions":{"total":3,"covered":0,"skipped":0,"pct":0},"statements":{"total":12,"covered":0,"skipped":0,"pct":0},"branches":{"total":0,"covered":0,"skipped":0,"pct":100}}
,"C:\\Users\\KF7\\Documents\\AlgoArenaFrontEnd\\src\\sections\\TryChallenge.jsx": {"lines":{"total":102,"covered":0,"skipped":0,"pct":0},"functions":{"total":23,"covered":0,"skipped":0,"pct":0},"statements":{"total":111,"covered":0,"skipped":0,"pct":0},"branches":{"total":76,"covered":0,"skipped":0,"pct":0}}
,"C:\\Users\\KF7\\Documents\\AlgoArenaFrontEnd\\src\\services\\adminStatsService.js": {"lines":{"total":8,"covered":0,"skipped":0,"pct":0},"functions":{"total":7,"covered":0,"skipped":0,"pct":0},"statements":{"total":8,"covered":0,"skipped":0,"pct":0},"branches":{"total":0,"covered":0,"skipped":0,"pct":100}}
,"C:\\Users\\KF7\\Documents\\AlgoArenaFrontEnd\\src\\services\\aiAgentsService.js": {"lines":{"total":5,"covered":0,"skipped":0,"pct":0},"functions":{"total":4,"covered":0,"skipped":0,"pct":0},"statements":{"total":5,"covered":0,"skipped":0,"pct":0},"branches":{"total":16,"covered":0,"skipped":0,"pct":0}}
,"C:\\Users\\KF7\\Documents\\AlgoArenaFrontEnd\\src\\services\\aiService.js": {"lines":{"total":5,"covered":0,"skipped":0,"pct":0},"functions":{"total":2,"covered":0,"skipped":0,"pct":0},"statements":{"total":5,"covered":0,"skipped":0,"pct":0},"branches":{"total":2,"covered":0,"skipped":0,"pct":0}}
,"C:\\Users\\KF7\\Documents\\AlgoArenaFrontEnd\\src\\services\\apiClient.js": {"lines":{"total":82,"covered":28,"skipped":0,"pct":34.14},"functions":{"total":10,"covered":2,"skipped":0,"pct":20},"statements":{"total":84,"covered":28,"skipped":0,"pct":33.33},"branches":{"total":51,"covered":17,"skipped":0,"pct":33.33}}
,"C:\\Users\\KF7\\Documents\\AlgoArenaFrontEnd\\src\\services\\auditLogService.js": {"lines":{"total":11,"covered":0,"skipped":0,"pct":0},"functions":{"total":6,"covered":0,"skipped":0,"pct":0},"statements":{"total":11,"covered":0,"skipped":0,"pct":0},"branches":{"total":8,"covered":0,"skipped":0,"pct":0}}
,"C:\\Users\\KF7\\Documents\\AlgoArenaFrontEnd\\src\\services\\authService.js": {"lines":{"total":12,"covered":0,"skipped":0,"pct":0},"functions":{"total":7,"covered":0,"skipped":0,"pct":0},"statements":{"total":12,"covered":0,"skipped":0,"pct":0},"branches":{"total":2,"covered":0,"skipped":0,"pct":0}}
,"C:\\Users\\KF7\\Documents\\AlgoArenaFrontEnd\\src\\services\\battlesService.js": {"lines":{"total":17,"covered":0,"skipped":0,"pct":0},"functions":{"total":12,"covered":0,"skipped":0,"pct":0},"statements":{"total":17,"covered":0,"skipped":0,"pct":0},"branches":{"total":9,"covered":0,"skipped":0,"pct":0}}
,"C:\\Users\\KF7\\Documents\\AlgoArenaFrontEnd\\src\\services\\billingService.js": {"lines":{"total":3,"covered":0,"skipped":0,"pct":0},"functions":{"total":2,"covered":0,"skipped":0,"pct":0},"statements":{"total":3,"covered":0,"skipped":0,"pct":0},"branches":{"total":2,"covered":0,"skipped":0,"pct":0}}
,"C:\\Users\\KF7\\Documents\\AlgoArenaFrontEnd\\src\\services\\challengeImporter.js": {"lines":{"total":127,"covered":0,"skipped":0,"pct":0},"functions":{"total":23,"covered":0,"skipped":0,"pct":0},"statements":{"total":159,"covered":0,"skipped":0,"pct":0},"branches":{"total":141,"covered":0,"skipped":0,"pct":0}}
,"C:\\Users\\KF7\\Documents\\AlgoArenaFrontEnd\\src\\services\\challengeService.js": {"lines":{"total":20,"covered":0,"skipped":0,"pct":0},"functions":{"total":11,"covered":0,"skipped":0,"pct":0},"statements":{"total":20,"covered":0,"skipped":0,"pct":0},"branches":{"total":16,"covered":0,"skipped":0,"pct":0}}
,"C:\\Users\\KF7\\Documents\\AlgoArenaFrontEnd\\src\\services\\challengesService.js": {"lines":{"total":19,"covered":0,"skipped":0,"pct":0},"functions":{"total":8,"covered":0,"skipped":0,"pct":0},"statements":{"total":22,"covered":0,"skipped":0,"pct":0},"branches":{"total":9,"covered":0,"skipped":0,"pct":0}}
,"C:\\Users\\KF7\\Documents\\AlgoArenaFrontEnd\\src\\services\\communityService.js": {"lines":{"total":95,"covered":20,"skipped":0,"pct":21.05},"functions":{"total":26,"covered":5,"skipped":0,"pct":19.23},"statements":{"total":98,"covered":20,"skipped":0,"pct":20.4},"branches":{"total":58,"covered":9,"skipped":0,"pct":15.51}}
,"C:\\Users\\KF7\\Documents\\AlgoArenaFrontEnd\\src\\services\\cookieUtils.js": {"lines":{"total":8,"covered":5,"skipped":0,"pct":62.5},"functions":{"total":3,"covered":1,"skipped":0,"pct":33.33},"statements":{"total":8,"covered":5,"skipped":0,"pct":62.5},"branches":{"total":2,"covered":1,"skipped":0,"pct":50}}
,"C:\\Users\\KF7\\Documents\\AlgoArenaFrontEnd\\src\\services\\diagnosticsCollector.js": {"lines":{"total":14,"covered":4,"skipped":0,"pct":28.57},"functions":{"total":6,"covered":0,"skipped":0,"pct":0},"statements":{"total":17,"covered":4,"skipped":0,"pct":23.52},"branches":{"total":8,"covered":0,"skipped":0,"pct":0}}
,"C:\\Users\\KF7\\Documents\\AlgoArenaFrontEnd\\src\\services\\dicebear.js": {"lines":{"total":2,"covered":1,"skipped":0,"pct":50},"functions":{"total":2,"covered":1,"skipped":0,"pct":50},"statements":{"total":2,"covered":1,"skipped":0,"pct":50},"branches":{"total":2,"covered":0,"skipped":0,"pct":0}}
,"C:\\Users\\KF7\\Documents\\AlgoArenaFrontEnd\\src\\services\\judgeService.js": {"lines":{"total":11,"covered":0,"skipped":0,"pct":0},"functions":{"total":10,"covered":0,"skipped":0,"pct":0},"statements":{"total":11,"covered":0,"skipped":0,"pct":0},"branches":{"total":4,"covered":0,"skipped":0,"pct":0}}
,"C:\\Users\\KF7\\Documents\\AlgoArenaFrontEnd\\src\\services\\oauthRoutes.js": {"lines":{"total":17,"covered":0,"skipped":0,"pct":0},"functions":{"total":2,"covered":0,"skipped":0,"pct":0},"statements":{"total":18,"covered":0,"skipped":0,"pct":0},"branches":{"total":21,"covered":0,"skipped":0,"pct":0}}
,"C:\\Users\\KF7\\Documents\\AlgoArenaFrontEnd\\src\\services\\recaptchaV3.js": {"lines":{"total":46,"covered":0,"skipped":0,"pct":0},"functions":{"total":11,"covered":0,"skipped":0,"pct":0},"statements":{"total":49,"covered":0,"skipped":0,"pct":0},"branches":{"total":19,"covered":0,"skipped":0,"pct":0}}
,"C:\\Users\\KF7\\Documents\\AlgoArenaFrontEnd\\src\\services\\settingsService.js": {"lines":{"total":46,"covered":0,"skipped":0,"pct":0},"functions":{"total":13,"covered":0,"skipped":0,"pct":0},"statements":{"total":46,"covered":0,"skipped":0,"pct":0},"branches":{"total":6,"covered":0,"skipped":0,"pct":0}}
,"C:\\Users\\KF7\\Documents\\AlgoArenaFrontEnd\\src\\services\\userService.js": {"lines":{"total":20,"covered":0,"skipped":0,"pct":0},"functions":{"total":19,"covered":0,"skipped":0,"pct":0},"statements":{"total":20,"covered":0,"skipped":0,"pct":0},"branches":{"total":3,"covered":0,"skipped":0,"pct":0}}
,"C:\\Users\\KF7\\Documents\\AlgoArenaFrontEnd\\src\\services\\userStatsService.js": {"lines":{"total":13,"covered":0,"skipped":0,"pct":0},"functions":{"total":3,"covered":0,"skipped":0,"pct":0},"statements":{"total":14,"covered":0,"skipped":0,"pct":0},"branches":{"total":42,"covered":0,"skipped":0,"pct":0}}
,"C:\\Users\\KF7\\Documents\\AlgoArenaFrontEnd\\src\\shared\\index.js": {"lines":{"total":0,"covered":0,"skipped":0,"pct":100},"functions":{"total":0,"covered":0,"skipped":0,"pct":100},"statements":{"total":0,"covered":0,"skipped":0,"pct":100},"branches":{"total":0,"covered":0,"skipped":0,"pct":100}}
,"C:\\Users\\KF7\\Documents\\AlgoArenaFrontEnd\\src\\shared\\components\\AppLoader.jsx": {"lines":{"total":25,"covered":0,"skipped":0,"pct":0},"functions":{"total":9,"covered":0,"skipped":0,"pct":0},"statements":{"total":30,"covered":0,"skipped":0,"pct":0},"branches":{"total":23,"covered":0,"skipped":0,"pct":0}}
,"C:\\Users\\KF7\\Documents\\AlgoArenaFrontEnd\\src\\shared\\components\\InViewMount.jsx": {"lines":{"total":18,"covered":0,"skipped":0,"pct":0},"functions":{"total":5,"covered":0,"skipped":0,"pct":0},"statements":{"total":23,"covered":0,"skipped":0,"pct":0},"branches":{"total":13,"covered":0,"skipped":0,"pct":0}}
,"C:\\Users\\KF7\\Documents\\AlgoArenaFrontEnd\\src\\shared\\components\\NavigationProgress.jsx": {"lines":{"total":5,"covered":0,"skipped":0,"pct":0},"functions":{"total":2,"covered":0,"skipped":0,"pct":0},"statements":{"total":5,"covered":0,"skipped":0,"pct":0},"branches":{"total":0,"covered":0,"skipped":0,"pct":100}}
,"C:\\Users\\KF7\\Documents\\AlgoArenaFrontEnd\\src\\shared\\components\\PrivateRoute.jsx": {"lines":{"total":14,"covered":0,"skipped":0,"pct":0},"functions":{"total":2,"covered":0,"skipped":0,"pct":0},"statements":{"total":15,"covered":0,"skipped":0,"pct":0},"branches":{"total":17,"covered":0,"skipped":0,"pct":0}}
,"C:\\Users\\KF7\\Documents\\AlgoArenaFrontEnd\\src\\shared\\components\\RouteLoader.jsx": {"lines":{"total":14,"covered":0,"skipped":0,"pct":0},"functions":{"total":5,"covered":0,"skipped":0,"pct":0},"statements":{"total":15,"covered":0,"skipped":0,"pct":0},"branches":{"total":8,"covered":0,"skipped":0,"pct":0}}
,"C:\\Users\\KF7\\Documents\\AlgoArenaFrontEnd\\src\\shared\\context\\LoadingContext.jsx": {"lines":{"total":17,"covered":0,"skipped":0,"pct":0},"functions":{"total":9,"covered":0,"skipped":0,"pct":0},"statements":{"total":17,"covered":0,"skipped":0,"pct":0},"branches":{"total":2,"covered":0,"skipped":0,"pct":0}}
,"C:\\Users\\KF7\\Documents\\AlgoArenaFrontEnd\\src\\shared\\context\\ThemeContext.jsx": {"lines":{"total":39,"covered":0,"skipped":0,"pct":0},"functions":{"total":13,"covered":0,"skipped":0,"pct":0},"statements":{"total":46,"covered":0,"skipped":0,"pct":0},"branches":{"total":21,"covered":0,"skipped":0,"pct":0}}
,"C:\\Users\\KF7\\Documents\\AlgoArenaFrontEnd\\src\\shared\\cursor\\CustomCursor.jsx": {"lines":{"total":5,"covered":0,"skipped":0,"pct":0},"functions":{"total":1,"covered":0,"skipped":0,"pct":0},"statements":{"total":6,"covered":0,"skipped":0,"pct":0},"branches":{"total":4,"covered":0,"skipped":0,"pct":0}}
,"C:\\Users\\KF7\\Documents\\AlgoArenaFrontEnd\\src\\shared\\cursor\\useCrosshairCursor.js": {"lines":{"total":54,"covered":0,"skipped":0,"pct":0},"functions":{"total":8,"covered":0,"skipped":0,"pct":0},"statements":{"total":58,"covered":0,"skipped":0,"pct":0},"branches":{"total":36,"covered":0,"skipped":0,"pct":0}}
,"C:\\Users\\KF7\\Documents\\AlgoArenaFrontEnd\\src\\shared\\cursor\\useCursor.js": {"lines":{"total":31,"covered":0,"skipped":0,"pct":0},"functions":{"total":6,"covered":0,"skipped":0,"pct":0},"statements":{"total":33,"covered":0,"skipped":0,"pct":0},"branches":{"total":17,"covered":0,"skipped":0,"pct":0}}
,"C:\\Users\\KF7\\Documents\\AlgoArenaFrontEnd\\src\\shared\\hooks\\useLoading.js": {"lines":{"total":5,"covered":0,"skipped":0,"pct":0},"functions":{"total":1,"covered":0,"skipped":0,"pct":0},"statements":{"total":5,"covered":0,"skipped":0,"pct":0},"branches":{"total":2,"covered":0,"skipped":0,"pct":0}}
,"C:\\Users\\KF7\\Documents\\AlgoArenaFrontEnd\\src\\shared\\navigation\\progress.js": {"lines":{"total":7,"covered":0,"skipped":0,"pct":0},"functions":{"total":3,"covered":0,"skipped":0,"pct":0},"statements":{"total":10,"covered":0,"skipped":0,"pct":0},"branches":{"total":4,"covered":0,"skipped":0,"pct":0}}
,"C:\\Users\\KF7\\Documents\\AlgoArenaFrontEnd\\src\\shared\\skeletons\\ActiveBattleSkeleton.jsx": {"lines":{"total":7,"covered":0,"skipped":0,"pct":0},"functions":{"total":4,"covered":0,"skipped":0,"pct":0},"statements":{"total":7,"covered":0,"skipped":0,"pct":0},"branches":{"total":2,"covered":0,"skipped":0,"pct":0}}
,"C:\\Users\\KF7\\Documents\\AlgoArenaFrontEnd\\src\\shared\\skeletons\\BattleCardSkeleton.jsx": {"lines":{"total":5,"covered":0,"skipped":0,"pct":0},"functions":{"total":2,"covered":0,"skipped":0,"pct":0},"statements":{"total":5,"covered":0,"skipped":0,"pct":0},"branches":{"total":3,"covered":0,"skipped":0,"pct":0}}
,"C:\\Users\\KF7\\Documents\\AlgoArenaFrontEnd\\src\\shared\\skeletons\\BattleSummarySkeleton.jsx": {"lines":{"total":7,"covered":0,"skipped":0,"pct":0},"functions":{"total":4,"covered":0,"skipped":0,"pct":0},"statements":{"total":7,"covered":0,"skipped":0,"pct":0},"branches":{"total":2,"covered":0,"skipped":0,"pct":0}}
,"C:\\Users\\KF7\\Documents\\AlgoArenaFrontEnd\\src\\shared\\skeletons\\BattlesListSkeleton.jsx": {"lines":{"total":7,"covered":0,"skipped":0,"pct":0},"functions":{"total":4,"covered":0,"skipped":0,"pct":0},"statements":{"total":7,"covered":0,"skipped":0,"pct":0},"branches":{"total":2,"covered":0,"skipped":0,"pct":0}}
,"C:\\Users\\KF7\\Documents\\AlgoArenaFrontEnd\\src\\shared\\skeletons\\ChallengeCardSkeleton.jsx": {"lines":{"total":6,"covered":0,"skipped":0,"pct":0},"functions":{"total":3,"covered":0,"skipped":0,"pct":0},"statements":{"total":6,"covered":0,"skipped":0,"pct":0},"branches":{"total":3,"covered":0,"skipped":0,"pct":0}}
,"C:\\Users\\KF7\\Documents\\AlgoArenaFrontEnd\\src\\shared\\skeletons\\ChallengePlaySkeleton.jsx": {"lines":{"total":7,"covered":0,"skipped":0,"pct":0},"functions":{"total":4,"covered":0,"skipped":0,"pct":0},"statements":{"total":7,"covered":0,"skipped":0,"pct":0},"branches":{"total":2,"covered":0,"skipped":0,"pct":0}}
,"C:\\Users\\KF7\\Documents\\AlgoArenaFrontEnd\\src\\shared\\skeletons\\ChallengesListSkeleton.jsx": {"lines":{"total":9,"covered":0,"skipped":0,"pct":0},"functions":{"total":6,"covered":0,"skipped":0,"pct":0},"statements":{"total":9,"covered":0,"skipped":0,"pct":0},"branches":{"total":2,"covered":0,"skipped":0,"pct":0}}
,"C:\\Users\\KF7\\Documents\\AlgoArenaFrontEnd\\src\\shared\\skeletons\\LeaderboardSkeleton.jsx": {"lines":{"total":7,"covered":0,"skipped":0,"pct":0},"functions":{"total":4,"covered":0,"skipped":0,"pct":0},"statements":{"total":7,"covered":0,"skipped":0,"pct":0},"branches":{"total":2,"covered":0,"skipped":0,"pct":0}}
,"C:\\Users\\KF7\\Documents\\AlgoArenaFrontEnd\\src\\tests\\algoarena.simple.test.mjs": {"lines":{"total":11,"covered":0,"skipped":0,"pct":0},"functions":{"total":3,"covered":0,"skipped":0,"pct":0},"statements":{"total":11,"covered":0,"skipped":0,"pct":0},"branches":{"total":0,"covered":0,"skipped":0,"pct":100}}
,"C:\\Users\\KF7\\Documents\\AlgoArenaFrontEnd\\src\\theme\\index.js": {"lines":{"total":5,"covered":0,"skipped":0,"pct":0},"functions":{"total":4,"covered":0,"skipped":0,"pct":0},"statements":{"total":5,"covered":0,"skipped":0,"pct":0},"branches":{"total":18,"covered":0,"skipped":0,"pct":0}}
}
