TN:
SF:src\App.jsx
FN:24,(anonymous_0)
FN:27,(anonymous_1)
FN:28,(anonymous_2)
FN:29,(anonymous_3)
FN:30,(anonymous_4)
FN:31,(anonymous_5)
FN:32,(anonymous_6)
FN:33,(anonymous_7)
FN:34,(anonymous_8)
FN:37,(anonymous_9)
FN:38,(anonymous_10)
FN:39,(anonymous_11)
FN:52,(anonymous_12)
FN:55,(anonymous_13)
FN:56,(anonymous_14)
FN:57,(anonymous_15)
FN:58,(anonymous_16)
FN:61,(anonymous_17)
FN:64,(anonymous_18)
FN:66,(anonymous_19)
FN:67,(anonymous_20)
FN:68,(anonymous_21)
FN:71,(anonymous_22)
FN:72,(anonymous_23)
FN:73,(anonymous_24)
FN:74,(anonymous_25)
FN:77,(anonymous_26)
FN:78,(anonymous_27)
FN:79,(anonymous_28)
FN:80,(anonymous_29)
FN:81,(anonymous_30)
FN:82,(anonymous_31)
FN:83,(anonymous_32)
FN:84,(anonymous_33)
FN:85,(anonymous_34)
FN:86,(anonymous_35)
FN:87,(anonymous_36)
FN:88,(anonymous_37)
FN:89,(anonymous_38)
FN:90,(anonymous_39)
FN:91,(anonymous_40)
FN:92,(anonymous_41)
FN:93,(anonymous_42)
FN:94,(anonymous_43)
FN:95,(anonymous_44)
FN:99,(anonymous_45)
FN:101,(anonymous_46)
FN:101,(anonymous_47)
FN:103,(anonymous_48)
FN:109,(anonymous_49)
FN:113,(anonymous_50)
FN:118,(anonymous_51)
FN:122,(anonymous_52)
FN:146,(anonymous_53)
FN:163,ChallengesAuthGuard
FN:183,BattlesAuthGuard
FN:205,(anonymous_56)
FN:216,(anonymous_57)
FN:226,(anonymous_58)
FN:228,(anonymous_59)
FN:236,(anonymous_60)
FN:239,(anonymous_61)
FN:242,(anonymous_62)
FN:260,(anonymous_63)
FN:283,(anonymous_64)
FN:295,(anonymous_65)
FN:331,(anonymous_66)
FN:334,(anonymous_67)
FN:340,(anonymous_68)
FN:343,(anonymous_69)
FN:351,(anonymous_70)
FN:387,(anonymous_71)
FN:400,(anonymous_72)
FN:403,(anonymous_73)
FN:404,(anonymous_74)
FN:408,(anonymous_75)
FN:426,App
FN:428,(anonymous_77)
FN:428,(anonymous_78)
FNF:79
FNH:0
FNDA:0,(anonymous_0)
FNDA:0,(anonymous_1)
FNDA:0,(anonymous_2)
FNDA:0,(anonymous_3)
FNDA:0,(anonymous_4)
FNDA:0,(anonymous_5)
FNDA:0,(anonymous_6)
FNDA:0,(anonymous_7)
FNDA:0,(anonymous_8)
FNDA:0,(anonymous_9)
FNDA:0,(anonymous_10)
FNDA:0,(anonymous_11)
FNDA:0,(anonymous_12)
FNDA:0,(anonymous_13)
FNDA:0,(anonymous_14)
FNDA:0,(anonymous_15)
FNDA:0,(anonymous_16)
FNDA:0,(anonymous_17)
FNDA:0,(anonymous_18)
FNDA:0,(anonymous_19)
FNDA:0,(anonymous_20)
FNDA:0,(anonymous_21)
FNDA:0,(anonymous_22)
FNDA:0,(anonymous_23)
FNDA:0,(anonymous_24)
FNDA:0,(anonymous_25)
FNDA:0,(anonymous_26)
FNDA:0,(anonymous_27)
FNDA:0,(anonymous_28)
FNDA:0,(anonymous_29)
FNDA:0,(anonymous_30)
FNDA:0,(anonymous_31)
FNDA:0,(anonymous_32)
FNDA:0,(anonymous_33)
FNDA:0,(anonymous_34)
FNDA:0,(anonymous_35)
FNDA:0,(anonymous_36)
FNDA:0,(anonymous_37)
FNDA:0,(anonymous_38)
FNDA:0,(anonymous_39)
FNDA:0,(anonymous_40)
FNDA:0,(anonymous_41)
FNDA:0,(anonymous_42)
FNDA:0,(anonymous_43)
FNDA:0,(anonymous_44)
FNDA:0,(anonymous_45)
FNDA:0,(anonymous_46)
FNDA:0,(anonymous_47)
FNDA:0,(anonymous_48)
FNDA:0,(anonymous_49)
FNDA:0,(anonymous_50)
FNDA:0,(anonymous_51)
FNDA:0,(anonymous_52)
FNDA:0,(anonymous_53)
FNDA:0,ChallengesAuthGuard
FNDA:0,BattlesAuthGuard
FNDA:0,(anonymous_56)
FNDA:0,(anonymous_57)
FNDA:0,(anonymous_58)
FNDA:0,(anonymous_59)
FNDA:0,(anonymous_60)
FNDA:0,(anonymous_61)
FNDA:0,(anonymous_62)
FNDA:0,(anonymous_63)
FNDA:0,(anonymous_64)
FNDA:0,(anonymous_65)
FNDA:0,(anonymous_66)
FNDA:0,(anonymous_67)
FNDA:0,(anonymous_68)
FNDA:0,(anonymous_69)
FNDA:0,(anonymous_70)
FNDA:0,(anonymous_71)
FNDA:0,(anonymous_72)
FNDA:0,(anonymous_73)
FNDA:0,(anonymous_74)
FNDA:0,(anonymous_75)
FNDA:0,App
FNDA:0,(anonymous_77)
FNDA:0,(anonymous_78)
DA:24,0
DA:27,0
DA:28,0
DA:29,0
DA:30,0
DA:31,0
DA:32,0
DA:33,0
DA:34,0
DA:37,0
DA:38,0
DA:39,0
DA:52,0
DA:55,0
DA:56,0
DA:57,0
DA:58,0
DA:61,0
DA:64,0
DA:66,0
DA:67,0
DA:68,0
DA:71,0
DA:72,0
DA:73,0
DA:74,0
DA:77,0
DA:78,0
DA:79,0
DA:80,0
DA:81,0
DA:82,0
DA:83,0
DA:84,0
DA:85,0
DA:86,0
DA:87,0
DA:88,0
DA:89,0
DA:90,0
DA:91,0
DA:92,0
DA:93,0
DA:94,0
DA:95,0
DA:97,0
DA:99,0
DA:101,0
DA:103,0
DA:104,0
DA:105,0
DA:106,0
DA:107,0
DA:109,0
DA:110,0
DA:112,0
DA:114,0
DA:115,0
DA:116,0
DA:119,0
DA:122,0
DA:123,0
DA:128,0
DA:130,0
DA:132,0
DA:133,0
DA:136,0
DA:137,0
DA:140,0
DA:146,0
DA:147,0
DA:148,0
DA:151,0
DA:152,0
DA:155,0
DA:156,0
DA:157,0
DA:160,0
DA:164,0
DA:165,0
DA:168,0
DA:169,0
DA:172,0
DA:173,0
DA:180,0
DA:184,0
DA:185,0
DA:188,0
DA:189,0
DA:192,0
DA:193,0
DA:200,0
DA:205,0
DA:206,0
DA:209,0
DA:211,0
DA:216,0
DA:217,0
DA:218,0
DA:219,0
DA:220,0
DA:222,0
DA:223,0
DA:226,0
DA:227,0
DA:228,0
DA:229,0
DA:230,0
DA:231,0
DA:236,0
DA:239,0
DA:240,0
DA:242,0
DA:243,0
DA:245,0
DA:246,0
DA:247,0
DA:250,0
DA:251,0
DA:252,0
DA:254,0
DA:256,0
DA:260,0
DA:261,0
DA:266,0
DA:283,0
DA:284,0
DA:285,0
DA:289,0
DA:292,0
DA:294,0
DA:295,0
DA:296,0
DA:297,0
DA:298,0
DA:299,0
DA:300,0
DA:302,0
DA:307,0
DA:310,0
DA:311,0
DA:312,0
DA:315,0
DA:319,0
DA:322,0
DA:323,0
DA:327,0
DA:331,0
DA:332,0
DA:333,0
DA:334,0
DA:335,0
DA:337,0
DA:340,0
DA:341,0
DA:343,0
DA:344,0
DA:345,0
DA:348,0
DA:351,0
DA:352,0
DA:353,0
DA:355,0
DA:358,0
DA:359,0
DA:360,0
DA:362,0
DA:363,0
DA:366,0
DA:367,0
DA:374,0
DA:387,0
DA:388,0
DA:389,0
DA:391,0
DA:393,0
DA:400,0
DA:401,0
DA:403,0
DA:404,0
DA:405,0
DA:408,0
DA:409,0
DA:413,0
DA:414,0
DA:417,0
DA:427,0
DA:428,0
DA:432,0
LF:189
LH:0
BRDA:99,0,0,0
BRDA:99,0,1,0
BRDA:114,1,0,0
BRDA:114,1,1,0
BRDA:119,2,0,0
BRDA:119,2,1,0
BRDA:128,3,0,0
BRDA:128,3,1,0
BRDA:130,4,0,0
BRDA:130,4,1,0
BRDA:132,5,0,0
BRDA:132,5,1,0
BRDA:136,6,0,0
BRDA:136,6,1,0
BRDA:136,7,0,0
BRDA:136,7,1,0
BRDA:151,8,0,0
BRDA:151,8,1,0
BRDA:151,9,0,0
BRDA:151,9,1,0
BRDA:155,10,0,0
BRDA:155,10,1,0
BRDA:156,11,0,0
BRDA:156,11,1,0
BRDA:156,12,0,0
BRDA:156,12,1,0
BRDA:168,13,0,0
BRDA:168,13,1,0
BRDA:168,14,0,0
BRDA:168,14,1,0
BRDA:172,15,0,0
BRDA:172,15,1,0
BRDA:188,16,0,0
BRDA:188,16,1,0
BRDA:188,17,0,0
BRDA:188,17,1,0
BRDA:192,18,0,0
BRDA:192,18,1,0
BRDA:209,19,0,0
BRDA:209,19,1,0
BRDA:222,20,0,0
BRDA:222,20,1,0
BRDA:222,20,2,0
BRDA:222,20,3,0
BRDA:231,21,0,0
BRDA:231,21,1,0
BRDA:231,22,0,0
BRDA:231,22,1,0
BRDA:231,22,2,0
BRDA:243,23,0,0
BRDA:243,23,1,0
BRDA:245,24,0,0
BRDA:245,24,1,0
BRDA:254,25,0,0
BRDA:254,25,1,0
BRDA:284,26,0,0
BRDA:284,26,1,0
BRDA:284,27,0,0
BRDA:284,27,1,0
BRDA:289,28,0,0
BRDA:289,28,1,0
BRDA:289,29,0,0
BRDA:289,29,1,0
BRDA:292,30,0,0
BRDA:292,30,1,0
BRDA:298,31,0,0
BRDA:298,31,1,0
BRDA:300,32,0,0
BRDA:300,32,1,0
BRDA:307,33,0,0
BRDA:307,33,1,0
BRDA:310,34,0,0
BRDA:310,34,1,0
BRDA:310,35,0,0
BRDA:310,35,1,0
BRDA:310,35,2,0
BRDA:319,36,0,0
BRDA:319,36,1,0
BRDA:319,37,0,0
BRDA:319,37,1,0
BRDA:322,38,0,0
BRDA:322,38,1,0
BRDA:322,39,0,0
BRDA:322,39,1,0
BRDA:344,40,0,0
BRDA:344,40,1,0
BRDA:345,41,0,0
BRDA:345,41,1,0
BRDA:345,41,2,0
BRDA:355,42,0,0
BRDA:355,42,1,0
BRDA:358,43,0,0
BRDA:358,43,1,0
BRDA:362,44,0,0
BRDA:362,44,1,0
BRDA:362,45,0,0
BRDA:362,45,1,0
BRDA:362,45,2,0
BRDA:366,46,0,0
BRDA:366,46,1,0
BRDA:376,47,0,0
BRDA:376,47,1,0
BRDA:378,48,0,0
BRDA:378,48,1,0
BRDA:391,49,0,0
BRDA:391,49,1,0
BRDA:391,50,0,0
BRDA:391,50,1,0
BRDA:413,51,0,0
BRDA:413,51,1,0
BRF:110
BRH:0
end_of_record
TN:
SF:src\main.jsx
FNF:0
FNH:0
DA:11,0
DA:22,0
LF:2
LH:0
BRF:0
BRH:0
end_of_record
TN:
SF:src\motionFeatures.js
FNF:0
FNH:0
LF:0
LH:0
BRF:0
BRH:0
end_of_record
TN:
SF:src\reportWebVitals.js
FN:3,(anonymous_0)
FN:8,(anonymous_1)
FN:15,(anonymous_2)
FN:23,(anonymous_3)
FNF:4
FNH:0
FNDA:0,(anonymous_0)
FNDA:0,(anonymous_1)
FNDA:0,(anonymous_2)
FNDA:0,(anonymous_3)
DA:3,0
DA:4,0
DA:5,0
DA:8,0
DA:9,0
DA:10,0
DA:12,0
DA:15,0
DA:16,0
DA:17,0
DA:18,0
DA:20,0
DA:23,0
DA:24,0
DA:25,0
DA:26,0
DA:27,0
DA:28,0
LF:18
LH:0
BRDA:4,0,0,0
BRDA:4,0,1,0
BRDA:5,1,0,0
BRDA:5,1,1,0
BRDA:9,2,0,0
BRDA:9,2,1,0
BRDA:16,3,0,0
BRDA:16,3,1,0
BRDA:18,4,0,0
BRDA:18,4,1,0
BRF:10
BRH:0
end_of_record
TN:
SF:src\accessibility\components\AccessibilityDrawer.jsx
FN:38,(anonymous_0)
FN:47,(anonymous_1)
FN:56,(anonymous_2)
FN:64,(anonymous_3)
FN:72,(anonymous_4)
FN:82,(anonymous_5)
FN:100,(anonymous_6)
FN:107,(anonymous_7)
FN:184,(anonymous_8)
FN:196,(anonymous_9)
FN:208,(anonymous_10)
FN:228,(anonymous_11)
FN:261,(anonymous_12)
FN:303,(anonymous_13)
FN:337,(anonymous_14)
FNF:15
FNH:0
FNDA:0,(anonymous_0)
FNDA:0,(anonymous_1)
FNDA:0,(anonymous_2)
FNDA:0,(anonymous_3)
FNDA:0,(anonymous_4)
FNDA:0,(anonymous_5)
FNDA:0,(anonymous_6)
FNDA:0,(anonymous_7)
FNDA:0,(anonymous_8)
FNDA:0,(anonymous_9)
FNDA:0,(anonymous_10)
FNDA:0,(anonymous_11)
FNDA:0,(anonymous_12)
FNDA:0,(anonymous_13)
FNDA:0,(anonymous_14)
DA:38,0
DA:39,0
DA:47,0
DA:48,0
DA:56,0
DA:57,0
DA:64,0
DA:65,0
DA:72,0
DA:73,0
DA:82,0
DA:83,0
DA:98,0
DA:100,0
DA:101,0
DA:102,0
DA:104,0
DA:105,0
DA:107,0
DA:108,0
DA:109,0
DA:110,0
DA:112,0
DA:116,0
DA:184,0
DA:196,0
DA:208,0
DA:228,0
DA:261,0
DA:303,0
DA:338,0
LF:31
LH:0
BRDA:88,0,0,0
BRDA:88,0,1,0
BRDA:108,1,0,0
BRDA:108,1,1,0
BRDA:109,2,0,0
BRDA:109,2,1,0
BRDA:267,3,0,0
BRDA:267,3,1,0
BRDA:309,4,0,0
BRDA:309,4,1,0
BRF:10
BRH:0
end_of_record
TN:
SF:src\accessibility\components\GlobalAccessibilityUI.jsx
FN:8,(anonymous_0)
FN:17,(anonymous_1)
FN:40,(anonymous_2)
FN:41,(anonymous_3)
FNF:4
FNH:0
FNDA:0,(anonymous_0)
FNDA:0,(anonymous_1)
FNDA:0,(anonymous_2)
FNDA:0,(anonymous_3)
DA:8,0
DA:9,0
DA:17,0
DA:18,0
DA:19,0
DA:20,0
DA:21,0
DA:24,0
DA:40,0
DA:41,0
LF:10
LH:0
BRDA:35,0,0,0
BRDA:35,0,1,0
BRDA:36,1,0,0
BRDA:36,1,1,0
BRF:4
BRH:0
end_of_record
TN:
SF:src\accessibility\context\AccessibilityContext.jsx
FN:20,(anonymous_0)
FN:30,(anonymous_1)
FN:36,(anonymous_2)
FN:40,(anonymous_3)
FN:63,(anonymous_4)
FN:66,(anonymous_5)
FN:75,(anonymous_6)
FN:87,(anonymous_7)
FN:92,(anonymous_8)
FN:93,(anonymous_9)
FN:100,(anonymous_10)
FN:112,(anonymous_11)
FN:119,(anonymous_12)
FN:125,(anonymous_13)
FN:142,(anonymous_14)
FN:145,(anonymous_15)
FN:146,(anonymous_16)
FN:149,(anonymous_17)
FNF:18
FNH:0
FNDA:0,(anonymous_0)
FNDA:0,(anonymous_1)
FNDA:0,(anonymous_2)
FNDA:0,(anonymous_3)
FNDA:0,(anonymous_4)
FNDA:0,(anonymous_5)
FNDA:0,(anonymous_6)
FNDA:0,(anonymous_7)
FNDA:0,(anonymous_8)
FNDA:0,(anonymous_9)
FNDA:0,(anonymous_10)
FNDA:0,(anonymous_11)
FNDA:0,(anonymous_12)
FNDA:0,(anonymous_13)
FNDA:0,(anonymous_14)
FNDA:0,(anonymous_15)
FNDA:0,(anonymous_16)
FNDA:0,(anonymous_17)
DA:18,0
DA:20,0
DA:21,0
DA:22,0
DA:27,0
DA:30,0
DA:31,0
DA:32,0
DA:33,0
DA:36,0
DA:37,0
DA:40,0
DA:41,0
DA:42,0
DA:43,0
DA:44,0
DA:45,0
DA:48,0
DA:49,0
DA:50,0
DA:51,0
DA:52,0
DA:56,0
DA:58,0
DA:63,0
DA:64,0
DA:65,0
DA:66,0
DA:70,0
DA:71,0
DA:72,0
DA:73,0
DA:74,0
DA:75,0
DA:78,0
DA:87,0
DA:88,0
DA:92,0
DA:93,0
DA:94,0
DA:95,0
DA:99,0
DA:100,0
DA:101,0
DA:102,0
DA:103,0
DA:104,0
DA:107,0
DA:110,0
DA:112,0
DA:113,0
DA:114,0
DA:119,0
DA:120,0
DA:121,0
DA:122,0
DA:125,0
DA:126,0
DA:127,0
DA:129,0
DA:130,0
DA:131,0
DA:132,0
DA:133,0
DA:134,0
DA:135,0
DA:136,0
DA:140,0
DA:142,0
DA:145,0
DA:146,0
DA:149,0
DA:150,0
DA:153,0
LF:74
LH:0
BRDA:21,0,0,0
BRDA:21,0,1,0
BRDA:43,1,0,0
BRDA:43,1,1,0
BRDA:43,2,0,0
BRDA:43,2,1,0
BRDA:51,3,0,0
BRDA:51,3,1,0
BRDA:51,4,0,0
BRDA:51,4,1,0
BRDA:65,5,0,0
BRDA:65,5,1,0
BRDA:73,6,0,0
BRDA:73,6,1,0
BRDA:74,7,0,0
BRDA:74,7,1,0
BRDA:74,8,0,0
BRDA:74,8,1,0
BRDA:94,9,0,0
BRDA:94,9,1,0
BRDA:94,10,0,0
BRDA:94,10,1,0
BRDA:101,11,0,0
BRDA:101,11,1,0
BRDA:102,12,0,0
BRDA:102,12,1,0
BRDA:120,13,0,0
BRDA:120,13,1,0
BRDA:127,14,0,0
BRDA:127,14,1,0
BRDA:129,15,0,0
BRDA:129,15,1,0
BRDA:129,16,0,0
BRDA:129,16,1,0
BRDA:131,17,0,0
BRDA:131,17,1,0
BRDA:131,18,0,0
BRDA:131,18,1,0
BRDA:133,19,0,0
BRDA:133,19,1,0
BRDA:133,20,0,0
BRDA:133,20,1,0
BRDA:135,21,0,0
BRDA:135,21,1,0
BRDA:135,22,0,0
BRDA:135,22,1,0
BRF:46
BRH:0
end_of_record
TN:
SF:src\accessibility\context\AccessibilityContextDef.js
FN:19,(anonymous_0)
FN:20,(anonymous_1)
FNF:2
FNH:0
FNDA:0,(anonymous_0)
FNDA:0,(anonymous_1)
DA:8,0
DA:17,0
LF:2
LH:0
BRF:0
BRH:0
end_of_record
TN:
SF:src\accessibility\hooks\useAccessibility.js
FN:7,(anonymous_0)
FNF:1
FNH:0
FNDA:0,(anonymous_0)
DA:7,0
DA:8,0
DA:9,0
DA:10,0
DA:12,0
LF:5
LH:0
BRDA:9,0,0,0
BRDA:9,0,1,0
BRF:2
BRH:0
end_of_record
TN:
SF:src\accessibility\utils\speechUtils.js
FN:14,(anonymous_0)
FN:30,(anonymous_1)
FN:31,(anonymous_2)
FN:37,(anonymous_3)
FN:43,(anonymous_4)
FN:56,(anonymous_5)
FN:70,(anonymous_6)
FN:76,(anonymous_7)
FN:85,(anonymous_8)
FN:90,(anonymous_9)
FN:105,(anonymous_10)
FN:108,(anonymous_11)
FN:136,(anonymous_12)
FN:158,(anonymous_13)
FN:166,(anonymous_14)
FNF:15
FNH:0
FNDA:0,(anonymous_0)
FNDA:0,(anonymous_1)
FNDA:0,(anonymous_2)
FNDA:0,(anonymous_3)
FNDA:0,(anonymous_4)
FNDA:0,(anonymous_5)
FNDA:0,(anonymous_6)
FNDA:0,(anonymous_7)
FNDA:0,(anonymous_8)
FNDA:0,(anonymous_9)
FNDA:0,(anonymous_10)
FNDA:0,(anonymous_11)
FNDA:0,(anonymous_12)
FNDA:0,(anonymous_13)
FNDA:0,(anonymous_14)
DA:14,0
DA:15,0
DA:16,0
DA:17,0
DA:20,0
DA:22,0
DA:23,0
DA:24,0
DA:25,0
DA:28,0
DA:29,0
DA:30,0
DA:31,0
DA:32,0
DA:34,0
DA:37,0
DA:38,0
DA:39,0
DA:43,0
DA:44,0
DA:45,0
DA:47,0
DA:52,0
DA:53,0
DA:54,0
DA:56,0
DA:58,0
DA:60,0
DA:61,0
DA:62,0
DA:63,0
DA:67,0
DA:68,0
DA:70,0
DA:71,0
DA:72,0
DA:73,0
DA:74,0
DA:76,0
DA:77,0
DA:78,0
DA:79,0
DA:80,0
DA:81,0
DA:85,0
DA:86,0
DA:88,0
DA:89,0
DA:90,0
DA:91,0
DA:92,0
DA:93,0
DA:94,0
DA:96,0
DA:101,0
DA:105,0
DA:106,0
DA:107,0
DA:108,0
DA:109,0
DA:110,0
DA:111,0
DA:112,0
DA:114,0
DA:121,0
DA:124,0
DA:126,0
DA:127,0
DA:128,0
DA:130,0
DA:133,0
DA:136,0
DA:137,0
DA:138,0
DA:139,0
DA:140,0
DA:142,0
DA:143,0
DA:144,0
DA:145,0
DA:146,0
DA:150,0
DA:158,0
DA:159,0
DA:160,0
DA:162,0
DA:167,0
DA:168,0
DA:169,0
DA:170,0
DA:171,0
DA:172,0
DA:173,0
DA:174,0
DA:179,0
DA:180,0
DA:181,0
DA:182,0
DA:184,0
LF:99
LH:0
BRDA:15,0,0,0
BRDA:15,0,1,0
BRDA:29,1,0,0
BRDA:29,1,1,0
BRDA:30,2,0,0
BRDA:30,2,1,0
BRDA:32,3,0,0
BRDA:32,3,1,0
BRDA:38,4,0,0
BRDA:38,4,1,0
BRDA:44,5,0,0
BRDA:44,5,1,0
BRDA:58,6,0,0
BRDA:58,6,1,0
BRDA:60,7,0,0
BRDA:60,7,1,0
BRDA:62,8,0,0
BRDA:62,8,1,0
BRDA:78,9,0,0
BRDA:78,9,1,0
BRDA:81,10,0,0
BRDA:81,10,1,0
BRDA:88,11,0,0
BRDA:88,11,1,0
BRDA:88,12,0,0
BRDA:88,12,1,0
BRDA:91,13,0,0
BRDA:91,13,1,0
BRDA:101,14,0,0
BRDA:101,14,1,0
BRDA:106,15,0,0
BRDA:106,15,1,0
BRDA:109,16,0,0
BRDA:109,16,1,0
BRDA:138,17,0,0
BRDA:138,17,1,0
BRDA:142,18,0,0
BRDA:142,18,1,0
BRDA:158,19,0,0
BRDA:160,20,0,0
BRDA:160,20,1,0
BRDA:168,21,0,0
BRDA:168,21,1,0
BRDA:170,22,0,0
BRDA:170,22,1,0
BRDA:170,23,0,0
BRDA:170,23,1,0
BRDA:172,24,0,0
BRDA:172,24,1,0
BRDA:182,25,0,0
BRDA:182,25,1,0
BRF:51
BRH:0
end_of_record
TN:
SF:src\accessibility\utils\themeOverrides.js
FN:13,(anonymous_0)
FNF:1
FNH:0
FNDA:0,(anonymous_0)
DA:13,0
DA:14,0
DA:17,0
DA:18,0
DA:21,0
DA:22,0
DA:23,0
DA:25,0
DA:26,0
DA:30,0
DA:31,0
DA:33,0
DA:37,0
DA:38,0
DA:40,0
DA:44,0
DA:45,0
DA:46,0
DA:47,0
DA:48,0
LF:20
LH:0
BRDA:18,0,0,0
BRDA:18,0,1,0
BRDA:21,1,0,0
BRDA:21,1,1,0
BRDA:30,2,0,0
BRDA:30,2,1,0
BRDA:37,3,0,0
BRDA:37,3,1,0
BRF:8
BRH:0
end_of_record
TN:
SF:src\components\AIAgent.jsx
FN:10,(anonymous_0)
FN:20,(anonymous_1)
FN:23,(anonymous_2)
FN:33,(anonymous_3)
FN:42,(anonymous_4)
FN:54,(anonymous_5)
FN:57,(anonymous_6)
FN:71,(anonymous_7)
FN:75,(anonymous_8)
FN:80,(anonymous_9)
FN:81,(anonymous_10)
FN:89,(anonymous_11)
FN:112,(anonymous_12)
FN:124,(anonymous_13)
FN:128,(anonymous_14)
FN:185,(anonymous_15)
FN:190,(anonymous_16)
FN:197,(anonymous_17)
FN:203,(anonymous_18)
FN:206,(anonymous_19)
FN:222,(anonymous_20)
FN:231,(anonymous_21)
FN:235,(anonymous_22)
FN:241,(anonymous_23)
FN:252,(anonymous_24)
FN:258,(anonymous_25)
FN:262,(anonymous_26)
FN:273,(anonymous_27)
FN:278,(anonymous_28)
FN:287,(anonymous_29)
FN:291,(anonymous_30)
FN:294,(anonymous_31)
FN:299,(anonymous_32)
FN:307,(anonymous_33)
FN:316,(anonymous_34)
FN:357,(anonymous_35)
FN:368,(anonymous_36)
FN:375,(anonymous_37)
FN:391,(anonymous_38)
FN:411,(anonymous_39)
FN:469,(anonymous_40)
FNF:41
FNH:0
FNDA:0,(anonymous_0)
FNDA:0,(anonymous_1)
FNDA:0,(anonymous_2)
FNDA:0,(anonymous_3)
FNDA:0,(anonymous_4)
FNDA:0,(anonymous_5)
FNDA:0,(anonymous_6)
FNDA:0,(anonymous_7)
FNDA:0,(anonymous_8)
FNDA:0,(anonymous_9)
FNDA:0,(anonymous_10)
FNDA:0,(anonymous_11)
FNDA:0,(anonymous_12)
FNDA:0,(anonymous_13)
FNDA:0,(anonymous_14)
FNDA:0,(anonymous_15)
FNDA:0,(anonymous_16)
FNDA:0,(anonymous_17)
FNDA:0,(anonymous_18)
FNDA:0,(anonymous_19)
FNDA:0,(anonymous_20)
FNDA:0,(anonymous_21)
FNDA:0,(anonymous_22)
FNDA:0,(anonymous_23)
FNDA:0,(anonymous_24)
FNDA:0,(anonymous_25)
FNDA:0,(anonymous_26)
FNDA:0,(anonymous_27)
FNDA:0,(anonymous_28)
FNDA:0,(anonymous_29)
FNDA:0,(anonymous_30)
FNDA:0,(anonymous_31)
FNDA:0,(anonymous_32)
FNDA:0,(anonymous_33)
FNDA:0,(anonymous_34)
FNDA:0,(anonymous_35)
FNDA:0,(anonymous_36)
FNDA:0,(anonymous_37)
FNDA:0,(anonymous_38)
FNDA:0,(anonymous_39)
FNDA:0,(anonymous_40)
DA:8,0
DA:10,0
DA:11,0
DA:12,0
DA:15,0
DA:16,0
DA:19,0
DA:20,0
DA:21,0
DA:22,0
DA:23,0
DA:24,0
DA:25,0
DA:28,0
DA:29,0
DA:30,0
DA:31,0
DA:32,0
DA:33,0
DA:34,0
DA:35,0
DA:39,0
DA:42,0
DA:43,0
DA:44,0
DA:45,0
DA:46,0
DA:47,0
DA:48,0
DA:49,0
DA:50,0
DA:51,0
DA:52,0
DA:54,0
DA:57,0
DA:61,0
DA:62,0
DA:63,0
DA:64,0
DA:65,0
DA:67,0
DA:68,0
DA:69,0
DA:71,0
DA:72,0
DA:75,0
DA:76,0
DA:80,0
DA:81,0
DA:82,0
DA:83,0
DA:84,0
DA:89,0
DA:91,0
DA:92,0
DA:93,0
DA:94,0
DA:95,0
DA:99,0
DA:100,0
DA:101,0
DA:102,0
DA:105,0
DA:107,0
DA:108,0
DA:109,0
DA:110,0
DA:112,0
DA:113,0
DA:114,0
DA:117,0
DA:119,0
DA:120,0
DA:124,0
DA:125,0
DA:126,0
DA:128,0
DA:129,0
DA:131,0
DA:132,0
DA:134,0
DA:139,0
DA:140,0
DA:142,0
DA:143,0
DA:145,0
DA:147,0
DA:148,0
DA:150,0
DA:151,0
DA:152,0
DA:153,0
DA:154,0
DA:155,0
DA:156,0
DA:157,0
DA:159,0
DA:160,0
DA:161,0
DA:163,0
DA:164,0
DA:166,0
DA:168,0
DA:169,0
DA:170,0
DA:171,0
DA:172,0
DA:173,0
DA:175,0
DA:176,0
DA:178,0
DA:180,0
DA:181,0
DA:184,0
DA:185,0
DA:187,0
DA:189,0
DA:190,0
DA:191,0
DA:192,0
DA:196,0
DA:197,0
DA:199,0
DA:203,0
DA:204,0
DA:205,0
DA:206,0
DA:207,0
DA:209,0
DA:210,0
DA:212,0
DA:220,0
DA:222,0
DA:229,0
DA:230,0
DA:231,0
DA:234,0
DA:235,0
DA:237,0
DA:241,0
DA:242,0
DA:243,0
DA:244,0
DA:245,0
DA:246,0
DA:248,0
DA:252,0
DA:253,0
DA:254,0
DA:255,0
DA:256,0
DA:258,0
DA:259,0
DA:262,0
DA:263,0
DA:264,0
DA:265,0
DA:267,0
DA:268,0
DA:269,0
DA:270,0
DA:271,0
DA:273,0
DA:274,0
DA:277,0
DA:278,0
DA:279,0
DA:283,0
DA:284,0
DA:286,0
DA:287,0
DA:291,0
DA:292,0
DA:293,0
DA:294,0
DA:296,0
DA:299,0
DA:300,0
DA:301,0
DA:303,0
DA:307,0
DA:308,0
DA:311,0
DA:316,0
DA:357,0
DA:368,0
DA:375,0
DA:392,0
DA:411,0
DA:469,0
LF:190
LH:0
BRDA:11,0,0,0
BRDA:11,0,1,0
BRDA:15,1,0,0
BRDA:15,1,1,0
BRDA:19,2,0,0
BRDA:19,2,1,0
BRDA:22,3,0,0
BRDA:22,3,1,0
BRDA:67,4,0,0
BRDA:67,4,1,0
BRDA:69,5,0,0
BRDA:69,5,1,0
BRDA:82,6,0,0
BRDA:82,6,1,0
BRDA:91,7,0,0
BRDA:91,7,1,0
BRDA:91,8,0,0
BRDA:91,8,1,0
BRDA:99,9,0,0
BRDA:99,9,1,0
BRDA:145,10,0,0
BRDA:145,10,1,0
BRDA:147,11,0,0
BRDA:147,11,1,0
BRDA:148,12,0,0
BRDA:148,12,1,0
BRDA:150,13,0,0
BRDA:150,13,1,0
BRDA:150,13,2,0
BRDA:150,13,3,0
BRDA:150,13,4,0
BRDA:150,13,5,0
BRDA:150,13,6,0
BRDA:150,13,7,0
BRDA:150,13,8,0
BRDA:150,13,9,0
BRDA:159,14,0,0
BRDA:159,14,1,0
BRDA:168,15,0,0
BRDA:168,15,1,0
BRDA:171,16,0,0
BRDA:171,16,1,0
BRDA:189,17,0,0
BRDA:189,17,1,0
BRDA:223,18,0,0
BRDA:223,18,1,0
BRDA:242,19,0,0
BRDA:242,19,1,0
BRDA:242,20,0,0
BRDA:242,20,1,0
BRDA:245,21,0,0
BRDA:245,21,1,0
BRDA:270,22,0,0
BRDA:270,22,1,0
BRDA:270,23,0,0
BRDA:270,23,1,0
BRDA:292,24,0,0
BRDA:292,24,1,0
BRDA:292,25,0,0
BRDA:292,25,1,0
BRDA:300,26,0,0
BRDA:300,26,1,0
BRDA:308,27,0,0
BRDA:308,27,1,0
BRDA:312,28,0,0
BRDA:312,28,1,0
BRDA:314,29,0,0
BRDA:314,29,1,0
BRDA:334,30,0,0
BRDA:334,30,1,0
BRDA:368,31,0,0
BRDA:368,31,1,0
BRDA:369,32,0,0
BRDA:369,32,1,0
BRDA:376,33,0,0
BRDA:376,33,1,0
BRDA:392,34,0,0
BRDA:392,34,1,0
BRDA:393,35,0,0
BRDA:393,35,1,0
BRDA:394,36,0,0
BRDA:394,36,1,0
BRDA:396,37,0,0
BRDA:396,37,1,0
BRDA:404,38,0,0
BRDA:404,38,1,0
BRDA:405,39,0,0
BRDA:405,39,1,0
BRDA:409,40,0,0
BRDA:409,40,1,0
BRDA:412,41,0,0
BRDA:412,41,1,0
BRDA:413,42,0,0
BRDA:413,42,1,0
BRDA:415,43,0,0
BRDA:415,43,1,0
BRDA:430,44,0,0
BRDA:430,44,1,0
BRDA:435,45,0,0
BRDA:435,45,1,0
BRDA:435,45,2,0
BRDA:437,46,0,0
BRDA:437,46,1,0
BRDA:444,47,0,0
BRDA:444,47,1,0
BRDA:471,48,0,0
BRDA:471,48,1,0
BRDA:472,49,0,0
BRDA:472,49,1,0
BRDA:477,50,0,0
BRDA:477,50,1,0
BRDA:477,50,2,0
BRDA:478,51,0,0
BRDA:478,51,1,0
BRDA:487,52,0,0
BRDA:487,52,1,0
BRDA:492,53,0,0
BRDA:492,53,1,0
BRF:118
BRH:0
end_of_record
TN:
SF:src\components\ActionButton.jsx
FN:179,(anonymous_0)
FN:190,(anonymous_1)
FN:253,(anonymous_2)
FN:264,(anonymous_3)
FN:275,(anonymous_4)
FN:282,(anonymous_5)
FNF:6
FNH:0
FNDA:0,(anonymous_0)
FNDA:0,(anonymous_1)
FNDA:0,(anonymous_2)
FNDA:0,(anonymous_3)
FNDA:0,(anonymous_4)
FNDA:0,(anonymous_5)
DA:17,0
DA:98,0
DA:179,0
DA:180,0
DA:181,0
DA:182,0
DA:183,0
DA:184,0
DA:185,0
DA:186,0
DA:187,0
DA:190,0
DA:201,0
DA:202,0
DA:203,0
DA:204,0
DA:205,0
DA:206,0
DA:208,0
DA:228,0
DA:241,0
DA:253,0
DA:254,0
DA:255,0
DA:256,0
DA:257,0
DA:258,0
DA:259,0
DA:260,0
DA:261,0
DA:264,0
DA:265,0
DA:266,0
DA:267,0
DA:268,0
DA:269,0
DA:270,0
DA:271,0
DA:272,0
DA:275,0
DA:276,0
DA:277,0
DA:278,0
DA:279,0
DA:282,0
DA:283,0
DA:284,0
DA:285,0
DA:286,0
DA:289,0
LF:50
LH:0
BRDA:180,0,0,0
BRDA:180,0,1,0
BRDA:182,1,0,0
BRDA:182,1,1,0
BRDA:182,2,0,0
BRDA:182,2,1,0
BRDA:182,2,2,0
BRDA:183,3,0,0
BRDA:183,3,1,0
BRDA:183,4,0,0
BRDA:183,4,1,0
BRDA:183,4,2,0
BRDA:183,4,3,0
BRDA:184,5,0,0
BRDA:184,5,1,0
BRDA:184,6,0,0
BRDA:184,6,1,0
BRDA:184,6,2,0
BRDA:185,7,0,0
BRDA:185,7,1,0
BRDA:185,8,0,0
BRDA:185,8,1,0
BRDA:185,8,2,0
BRDA:185,8,3,0
BRDA:185,8,4,0
BRDA:186,9,0,0
BRDA:186,9,1,0
BRDA:186,10,0,0
BRDA:186,10,1,0
BRDA:186,10,2,0
BRDA:186,10,3,0
BRDA:196,11,0,0
BRDA:198,12,0,0
BRDA:199,13,0,0
BRDA:202,14,0,0
BRDA:202,14,1,0
BRDA:203,15,0,0
BRDA:203,15,1,0
BRDA:204,16,0,0
BRDA:204,16,1,0
BRDA:205,17,0,0
BRDA:205,17,1,0
BRDA:217,18,0,0
BRDA:217,18,1,0
BRDA:218,19,0,0
BRDA:218,19,1,0
BRDA:254,20,0,0
BRDA:254,20,1,0
BRDA:261,21,0,0
BRDA:261,21,1,0
BRDA:265,22,0,0
BRDA:265,22,1,0
BRDA:272,23,0,0
BRDA:272,23,1,0
BRDA:276,24,0,0
BRDA:276,24,1,0
BRDA:283,25,0,0
BRDA:283,25,1,0
BRDA:297,26,0,0
BRDA:297,26,1,0
BRDA:305,27,0,0
BRDA:305,27,1,0
BRF:62
BRH:0
end_of_record
TN:
SF:src\components\ErrorBoundary.jsx
FN:5,(anonymous_0)
FN:10,(anonymous_1)
FN:14,(anonymous_2)
FN:18,(anonymous_3)
FN:24,(anonymous_4)
FNF:5
FNH:0
FNDA:0,(anonymous_0)
FNDA:0,(anonymous_1)
FNDA:0,(anonymous_2)
FNDA:0,(anonymous_3)
FNDA:0,(anonymous_4)
DA:6,0
DA:7,0
DA:11,0
DA:15,0
DA:19,0
DA:20,0
DA:24,0
DA:31,0
LF:8
LH:0
BRDA:19,0,0,0
BRDA:19,0,1,0
BRDA:23,1,0,0
BRDA:23,1,1,0
BRF:4
BRH:0
end_of_record
TN:
SF:src\components\Footer.jsx
FN:18,(anonymous_0)
FNF:1
FNH:0
FNDA:0,(anonymous_0)
DA:18,0
DA:19,0
DA:20,0
DA:21,0
DA:22,0
DA:23,0
DA:25,0
DA:27,0
LF:8
LH:0
BRF:0
BRH:0
end_of_record
TN:
SF:src\components\Header.jsx
FN:150,(anonymous_0)
FN:152,(anonymous_1)
FN:158,(anonymous_2)
FN:272,(anonymous_3)
FN:282,(anonymous_4)
FN:289,(anonymous_5)
FN:297,(anonymous_6)
FN:305,(anonymous_7)
FN:326,(anonymous_8)
FN:349,(anonymous_9)
FN:360,(anonymous_10)
FN:370,(anonymous_11)
FN:372,(anonymous_12)
FN:380,(anonymous_13)
FN:386,(anonymous_14)
FN:390,(anonymous_15)
FN:397,(anonymous_16)
FN:402,(anonymous_17)
FN:465,(anonymous_18)
FN:484,(anonymous_19)
FN:485,(anonymous_20)
FN:486,(anonymous_21)
FN:514,(anonymous_22)
FN:533,(anonymous_23)
FN:534,(anonymous_24)
FN:535,(anonymous_25)
FN:575,(anonymous_26)
FN:576,(anonymous_27)
FN:577,(anonymous_28)
FN:588,(anonymous_29)
FN:589,(anonymous_30)
FN:590,(anonymous_31)
FN:749,(anonymous_32)
FN:765,(anonymous_33)
FN:787,(anonymous_34)
FN:788,(anonymous_35)
FN:789,(anonymous_36)
FN:838,(anonymous_37)
FN:848,(anonymous_38)
FN:849,(anonymous_39)
FN:850,(anonymous_40)
FN:877,(anonymous_41)
FN:892,(anonymous_42)
FN:893,(anonymous_43)
FN:894,(anonymous_44)
FN:925,(anonymous_45)
FN:947,(anonymous_46)
FN:948,(anonymous_47)
FN:949,(anonymous_48)
FN:959,(anonymous_49)
FN:960,(anonymous_50)
FN:961,(anonymous_51)
FN:976,(anonymous_52)
FN:1051,(anonymous_53)
FN:1063,(anonymous_54)
FN:1070,(anonymous_55)
FNF:56
FNH:0
FNDA:0,(anonymous_0)
FNDA:0,(anonymous_1)
FNDA:0,(anonymous_2)
FNDA:0,(anonymous_3)
FNDA:0,(anonymous_4)
FNDA:0,(anonymous_5)
FNDA:0,(anonymous_6)
FNDA:0,(anonymous_7)
FNDA:0,(anonymous_8)
FNDA:0,(anonymous_9)
FNDA:0,(anonymous_10)
FNDA:0,(anonymous_11)
FNDA:0,(anonymous_12)
FNDA:0,(anonymous_13)
FNDA:0,(anonymous_14)
FNDA:0,(anonymous_15)
FNDA:0,(anonymous_16)
FNDA:0,(anonymous_17)
FNDA:0,(anonymous_18)
FNDA:0,(anonymous_19)
FNDA:0,(anonymous_20)
FNDA:0,(anonymous_21)
FNDA:0,(anonymous_22)
FNDA:0,(anonymous_23)
FNDA:0,(anonymous_24)
FNDA:0,(anonymous_25)
FNDA:0,(anonymous_26)
FNDA:0,(anonymous_27)
FNDA:0,(anonymous_28)
FNDA:0,(anonymous_29)
FNDA:0,(anonymous_30)
FNDA:0,(anonymous_31)
FNDA:0,(anonymous_32)
FNDA:0,(anonymous_33)
FNDA:0,(anonymous_34)
FNDA:0,(anonymous_35)
FNDA:0,(anonymous_36)
FNDA:0,(anonymous_37)
FNDA:0,(anonymous_38)
FNDA:0,(anonymous_39)
FNDA:0,(anonymous_40)
FNDA:0,(anonymous_41)
FNDA:0,(anonymous_42)
FNDA:0,(anonymous_43)
FNDA:0,(anonymous_44)
FNDA:0,(anonymous_45)
FNDA:0,(anonymous_46)
FNDA:0,(anonymous_47)
FNDA:0,(anonymous_48)
FNDA:0,(anonymous_49)
FNDA:0,(anonymous_50)
FNDA:0,(anonymous_51)
FNDA:0,(anonymous_52)
FNDA:0,(anonymous_53)
FNDA:0,(anonymous_54)
FNDA:0,(anonymous_55)
DA:57,0
DA:150,0
DA:152,0
DA:153,0
DA:154,0
DA:158,0
DA:159,0
DA:160,0
DA:161,0
DA:162,0
DA:164,0
DA:165,0
DA:166,0
DA:168,0
DA:169,0
DA:170,0
DA:171,0
DA:172,0
DA:175,0
DA:183,0
DA:272,0
DA:273,0
DA:282,0
DA:283,0
DA:289,0
DA:290,0
DA:297,0
DA:298,0
DA:305,0
DA:306,0
DA:307,0
DA:308,0
DA:309,0
DA:314,0
DA:315,0
DA:316,0
DA:317,0
DA:318,0
DA:319,0
DA:320,0
DA:321,0
DA:322,0
DA:324,0
DA:326,0
DA:327,0
DA:328,0
DA:329,0
DA:331,0
DA:332,0
DA:335,0
DA:337,0
DA:348,0
DA:349,0
DA:359,0
DA:361,0
DA:362,0
DA:363,0
DA:365,0
DA:370,0
DA:372,0
DA:377,0
DA:378,0
DA:379,0
DA:380,0
DA:381,0
DA:382,0
DA:386,0
DA:387,0
DA:390,0
DA:391,0
DA:392,0
DA:393,0
DA:397,0
DA:398,0
DA:399,0
DA:402,0
DA:403,0
DA:404,0
DA:408,0
DA:409,0
DA:410,0
DA:414,0
DA:415,0
DA:416,0
DA:417,0
DA:418,0
DA:419,0
DA:421,0
DA:466,0
DA:484,0
DA:485,0
DA:486,0
DA:515,0
DA:533,0
DA:534,0
DA:535,0
DA:575,0
DA:576,0
DA:577,0
DA:588,0
DA:589,0
DA:590,0
DA:750,0
DA:751,0
DA:766,0
DA:767,0
DA:787,0
DA:788,0
DA:789,0
DA:839,0
DA:848,0
DA:849,0
DA:850,0
DA:878,0
DA:879,0
DA:892,0
DA:893,0
DA:894,0
DA:925,0
DA:947,0
DA:948,0
DA:949,0
DA:959,0
DA:960,0
DA:961,0
DA:977,0
DA:978,0
DA:979,0
DA:1051,0
DA:1064,0
DA:1070,0
LF:131
LH:0
BRDA:150,0,0,0
BRDA:150,0,1,0
BRDA:153,1,0,0
BRDA:153,1,1,0
BRDA:153,2,0,0
BRDA:153,2,1,0
BRDA:154,3,0,0
BRDA:154,3,1,0
BRDA:161,4,0,0
BRDA:161,4,1,0
BRDA:162,5,0,0
BRDA:162,5,1,0
BRDA:164,6,0,0
BRDA:164,6,1,0
BRDA:165,7,0,0
BRDA:165,7,1,0
BRDA:166,8,0,0
BRDA:166,8,1,0
BRDA:169,9,0,0
BRDA:169,9,1,0
BRDA:170,10,0,0
BRDA:170,10,1,0
BRDA:171,11,0,0
BRDA:171,11,1,0
BRDA:171,12,0,0
BRDA:171,12,1,0
BRDA:171,13,0,0
BRDA:171,13,1,0
BRDA:172,14,0,0
BRDA:172,14,1,0
BRDA:179,15,0,0
BRDA:179,15,1,0
BRDA:209,16,0,0
BRDA:209,16,1,0
BRDA:219,17,0,0
BRDA:219,17,1,0
BRDA:258,18,0,0
BRDA:258,18,1,0
BRDA:324,19,0,0
BRDA:324,19,1,0
BRDA:329,20,0,0
BRDA:329,20,1,0
BRDA:329,20,2,0
BRDA:331,21,0,0
BRDA:331,21,1,0
BRDA:339,22,0,0
BRDA:339,22,1,0
BRDA:362,23,0,0
BRDA:362,23,1,0
BRDA:362,24,0,0
BRDA:362,24,1,0
BRDA:377,25,0,0
BRDA:377,25,1,0
BRDA:392,26,0,0
BRDA:392,26,1,0
BRDA:403,27,0,0
BRDA:403,27,1,0
BRDA:404,28,0,0
BRDA:404,28,1,0
BRDA:470,29,0,0
BRDA:470,29,1,0
BRDA:471,30,0,0
BRDA:471,30,1,0
BRDA:476,31,0,0
BRDA:476,31,1,0
BRDA:487,32,0,0
BRDA:487,32,1,0
BRDA:504,33,0,0
BRDA:504,33,1,0
BRDA:519,34,0,0
BRDA:519,34,1,0
BRDA:520,35,0,0
BRDA:520,35,1,0
BRDA:525,36,0,0
BRDA:525,36,1,0
BRDA:536,37,0,0
BRDA:536,37,1,0
BRDA:565,38,0,0
BRDA:565,38,1,0
BRDA:629,39,0,0
BRDA:629,39,1,0
BRDA:636,40,0,0
BRDA:636,40,1,0
BRDA:636,40,2,0
BRDA:649,41,0,0
BRDA:649,41,1,0
BRDA:718,42,0,0
BRDA:718,42,1,0
BRDA:724,43,0,0
BRDA:724,43,1,0
BRDA:728,44,0,0
BRDA:728,44,1,0
BRDA:729,45,0,0
BRDA:729,45,1,0
BRDA:733,46,0,0
BRDA:733,46,1,0
BRDA:734,47,0,0
BRDA:734,47,1,0
BRDA:735,48,0,0
BRDA:735,48,1,0
BRDA:778,49,0,0
BRDA:778,49,1,0
BRDA:843,50,0,0
BRDA:843,50,1,0
BRDA:844,51,0,0
BRDA:844,51,1,0
BRDA:851,52,0,0
BRDA:851,52,1,0
BRDA:852,53,0,0
BRDA:852,53,1,0
BRDA:853,54,0,0
BRDA:853,54,1,0
BRDA:864,55,0,0
BRDA:864,55,1,0
BRDA:887,56,0,0
BRDA:887,56,1,0
BRDA:888,57,0,0
BRDA:888,57,1,0
BRDA:895,58,0,0
BRDA:895,58,1,0
BRDA:896,59,0,0
BRDA:896,59,1,0
BRDA:897,60,0,0
BRDA:897,60,1,0
BRDA:939,61,0,0
BRDA:939,61,1,0
BRDA:1017,62,0,0
BRDA:1017,62,1,0
BRDA:1067,63,0,0
BRDA:1067,63,1,0
BRF:130
BRH:0
end_of_record
TN:
SF:src\components\LanguageSwitcher.jsx
FN:5,setLang
FN:16,LanguageSwitcher
FN:46,(anonymous_2)
FN:52,(anonymous_3)
FNF:4
FNH:0
FNDA:0,setLang
FNDA:0,LanguageSwitcher
FNDA:0,(anonymous_2)
FNDA:0,(anonymous_3)
DA:6,0
DA:7,0
DA:8,0
DA:9,0
DA:17,0
DA:18,0
DA:20,0
DA:24,0
DA:25,0
DA:26,0
DA:27,0
DA:28,0
DA:29,0
DA:30,0
DA:32,0
DA:37,0
DA:47,0
DA:48,0
DA:52,0
LF:19
LH:0
BRDA:6,0,0,0
BRDA:6,0,1,0
BRDA:16,1,0,0
BRDA:16,2,0,0
BRDA:18,3,0,0
BRDA:18,3,1,0
BRDA:18,4,0,0
BRDA:18,4,1,0
BRDA:54,5,0,0
BRDA:54,5,1,0
BRDA:58,6,0,0
BRDA:58,6,1,0
BRDA:62,7,0,0
BRDA:62,7,1,0
BRDA:63,8,0,0
BRDA:63,8,1,0
BRDA:64,9,0,0
BRDA:64,9,1,0
BRDA:68,10,0,0
BRDA:68,10,1,0
BRDA:70,11,0,0
BRDA:70,11,1,0
BRDA:79,12,0,0
BRDA:79,12,1,0
BRDA:80,13,0,0
BRDA:80,13,1,0
BRDA:81,14,0,0
BRDA:81,14,1,0
BRF:28
BRH:0
end_of_record
TN:
SF:src\components\SandboxMonitorCard.jsx
FN:58,(anonymous_0)
FN:68,(anonymous_1)
FN:71,(anonymous_2)
FN:74,(anonymous_3)
FN:90,(anonymous_4)
FN:98,(anonymous_5)
FN:107,(anonymous_6)
FN:136,(anonymous_7)
FN:146,(anonymous_8)
FN:227,(anonymous_9)
FN:230,(anonymous_10)
FN:242,(anonymous_11)
FN:243,(anonymous_12)
FN:244,(anonymous_13)
FN:245,(anonymous_14)
FN:251,(anonymous_15)
FN:374,(anonymous_16)
FNF:17
FNH:0
FNDA:0,(anonymous_0)
FNDA:0,(anonymous_1)
FNDA:0,(anonymous_2)
FNDA:0,(anonymous_3)
FNDA:0,(anonymous_4)
FNDA:0,(anonymous_5)
FNDA:0,(anonymous_6)
FNDA:0,(anonymous_7)
FNDA:0,(anonymous_8)
FNDA:0,(anonymous_9)
FNDA:0,(anonymous_10)
FNDA:0,(anonymous_11)
FNDA:0,(anonymous_12)
FNDA:0,(anonymous_13)
FNDA:0,(anonymous_14)
FNDA:0,(anonymous_15)
FNDA:0,(anonymous_16)
DA:31,0
DA:37,0
DA:42,0
DA:47,0
DA:52,0
DA:58,0
DA:59,0
DA:60,0
DA:61,0
DA:62,0
DA:63,0
DA:64,0
DA:65,0
DA:68,0
DA:69,0
DA:71,0
DA:72,0
DA:74,0
DA:75,0
DA:76,0
DA:77,0
DA:78,0
DA:79,0
DA:80,0
DA:81,0
DA:82,0
DA:83,0
DA:84,0
DA:85,0
DA:86,0
DA:87,0
DA:90,0
DA:91,0
DA:92,0
DA:93,0
DA:94,0
DA:95,0
DA:98,0
DA:99,0
DA:100,0
DA:101,0
DA:102,0
DA:103,0
DA:104,0
DA:107,0
DA:108,0
DA:109,0
DA:110,0
DA:111,0
DA:112,0
DA:116,0
DA:129,0
DA:136,0
DA:137,0
DA:138,0
DA:146,0
DA:147,0
DA:148,0
DA:227,0
DA:228,0
DA:229,0
DA:230,0
DA:239,0
DA:242,0
DA:243,0
DA:244,0
DA:245,0
DA:247,0
DA:249,0
DA:250,0
DA:251,0
DA:252,0
DA:253,0
DA:254,0
DA:255,0
DA:258,0
DA:266,0
DA:279,0
DA:375,0
LF:79
LH:0
BRDA:59,0,0,0
BRDA:59,0,1,0
BRDA:59,1,0,0
BRDA:59,1,1,0
BRDA:61,2,0,0
BRDA:61,2,1,0
BRDA:62,3,0,0
BRDA:62,3,1,0
BRDA:69,4,0,0
BRDA:69,4,1,0
BRDA:69,5,0,0
BRDA:69,5,1,0
BRDA:72,6,0,0
BRDA:72,6,1,0
BRDA:72,7,0,0
BRDA:72,7,1,0
BRDA:75,8,0,0
BRDA:75,8,1,0
BRDA:77,9,0,0
BRDA:77,9,1,0
BRDA:79,10,0,0
BRDA:79,10,1,0
BRDA:81,11,0,0
BRDA:81,11,1,0
BRDA:83,12,0,0
BRDA:83,12,1,0
BRDA:85,13,0,0
BRDA:85,13,1,0
BRDA:92,14,0,0
BRDA:92,14,1,0
BRDA:93,15,0,0
BRDA:93,15,1,0
BRDA:94,16,0,0
BRDA:94,16,1,0
BRDA:98,17,0,0
BRDA:100,18,0,0
BRDA:100,18,1,0
BRDA:102,19,0,0
BRDA:102,19,1,0
BRDA:103,20,0,0
BRDA:103,20,1,0
BRDA:109,21,0,0
BRDA:109,21,1,0
BRDA:110,22,0,0
BRDA:110,22,1,0
BRDA:111,23,0,0
BRDA:111,23,1,0
BRDA:137,24,0,0
BRDA:137,24,1,0
BRDA:147,25,0,0
BRDA:147,25,1,0
BRDA:200,26,0,0
BRDA:200,26,1,0
BRDA:202,27,0,0
BRDA:202,27,1,0
BRDA:203,28,0,0
BRDA:203,28,1,0
BRDA:250,29,0,0
BRDA:250,29,1,0
BRDA:252,30,0,0
BRDA:252,30,1,0
BRDA:253,31,0,0
BRDA:253,31,1,0
BRDA:254,32,0,0
BRDA:254,32,1,0
BRDA:258,33,0,0
BRDA:258,33,1,0
BRDA:260,34,0,0
BRDA:260,34,1,0
BRDA:262,35,0,0
BRDA:262,35,1,0
BRDA:267,36,0,0
BRDA:267,36,1,0
BRDA:273,37,0,0
BRDA:273,37,1,0
BRDA:275,38,0,0
BRDA:275,38,1,0
BRDA:276,39,0,0
BRDA:276,39,1,0
BRDA:327,40,0,0
BRDA:327,40,1,0
BRDA:352,41,0,0
BRDA:352,41,1,0
BRDA:365,42,0,0
BRDA:365,42,1,0
BRDA:370,43,0,0
BRDA:370,43,1,0
BRDA:411,44,0,0
BRDA:411,44,1,0
BRDA:412,45,0,0
BRDA:412,45,1,0
BRDA:413,46,0,0
BRDA:413,46,1,0
BRDA:419,47,0,0
BRDA:419,47,1,0
BRDA:444,48,0,0
BRDA:444,48,1,0
BRDA:446,49,0,0
BRDA:446,49,1,0
BRF:99
BRH:0
end_of_record
TN:
SF:src\components\Sidebar.jsx
FN:8,(anonymous_0)
FN:14,(anonymous_1)
FN:18,(anonymous_2)
FN:24,(anonymous_3)
FN:34,(anonymous_4)
FNF:5
FNH:0
FNDA:0,(anonymous_0)
FNDA:0,(anonymous_1)
FNDA:0,(anonymous_2)
FNDA:0,(anonymous_3)
FNDA:0,(anonymous_4)
DA:8,0
DA:9,0
DA:14,0
DA:15,0
DA:19,0
DA:24,0
DA:34,0
DA:35,0
DA:36,0
DA:37,0
DA:39,0
LF:11
LH:0
BRDA:19,0,0,0
BRDA:19,0,1,0
BRDA:25,1,0,0
BRDA:25,1,1,0
BRDA:34,2,0,0
BRDA:37,3,0,0
BRDA:37,3,1,0
BRDA:45,4,0,0
BRDA:45,4,1,0
BRDA:107,5,0,0
BRDA:107,5,1,0
BRDA:109,6,0,0
BRDA:109,6,1,0
BRDA:120,7,0,0
BRDA:120,7,1,0
BRDA:123,8,0,0
BRDA:123,8,1,0
BRF:17
BRH:0
end_of_record
TN:
SF:src\components\StatCard.jsx
FN:4,(anonymous_0)
FNF:1
FNH:0
FNDA:0,(anonymous_0)
DA:4,0
DA:5,0
DA:6,0
DA:33,0
DA:35,0
LF:5
LH:0
BRDA:4,0,0,0
BRDA:4,1,0,0
BRDA:33,2,0,0
BRDA:33,2,1,0
BRDA:41,3,0,0
BRDA:41,3,1,0
BRDA:63,4,0,0
BRDA:63,4,1,0
BRDA:68,5,0,0
BRDA:68,5,1,0
BRDA:70,6,0,0
BRDA:70,6,1,0
BRF:12
BRH:0
end_of_record
TN:
SF:src\components\ThemeSwitcher.jsx
FN:30,(anonymous_0)
FN:44,(anonymous_1)
FN:50,(anonymous_2)
FN:58,(anonymous_3)
FN:90,(anonymous_4)
FN:194,(anonymous_5)
FN:199,(anonymous_6)
FN:283,(anonymous_7)
FN:289,(anonymous_8)
FNF:9
FNH:0
FNDA:0,(anonymous_0)
FNDA:0,(anonymous_1)
FNDA:0,(anonymous_2)
FNDA:0,(anonymous_3)
FNDA:0,(anonymous_4)
FNDA:0,(anonymous_5)
FNDA:0,(anonymous_6)
FNDA:0,(anonymous_7)
FNDA:0,(anonymous_8)
DA:26,0
DA:30,0
DA:31,0
DA:44,0
DA:45,0
DA:50,0
DA:51,0
DA:58,0
DA:59,0
DA:65,0
DA:90,0
DA:91,0
DA:93,0
DA:94,0
DA:95,0
DA:96,0
DA:97,0
DA:98,0
DA:99,0
DA:100,0
DA:102,0
DA:194,0
DA:195,0
DA:196,0
DA:199,0
DA:200,0
DA:201,0
DA:205,0
DA:206,0
DA:207,0
DA:211,0
DA:215,0
DA:216,0
DA:217,0
DA:218,0
DA:219,0
DA:221,0
DA:284,0
DA:289,0
LF:39
LH:0
BRDA:118,0,0,0
BRDA:118,0,1,0
BRDA:133,1,0,0
BRDA:133,1,1,0
BRDA:134,2,0,0
BRDA:134,2,1,0
BRDA:145,3,0,0
BRDA:145,3,1,0
BRDA:146,4,0,0
BRDA:146,4,1,0
BRDA:154,5,0,0
BRDA:154,5,1,0
BRDA:154,5,2,0
BRDA:156,6,0,0
BRDA:156,6,1,0
BRDA:172,7,0,0
BRDA:172,7,1,0
BRDA:178,8,0,0
BRDA:178,8,1,0
BRDA:194,9,0,0
BRDA:200,10,0,0
BRDA:200,10,1,0
BRDA:201,11,0,0
BRDA:201,11,1,0
BRF:24
BRH:0
end_of_record
TN:
SF:src\components\TopNavbar.jsx
FN:12,(anonymous_0)
FN:24,(anonymous_1)
FN:32,(anonymous_2)
FN:40,(anonymous_3)
FN:61,(anonymous_4)
FN:80,(anonymous_5)
FN:85,(anonymous_6)
FN:95,(anonymous_7)
FN:104,(anonymous_8)
FN:112,(anonymous_9)
FN:114,(anonymous_10)
FN:122,(anonymous_11)
FN:122,(anonymous_12)
FN:122,(anonymous_13)
FN:124,(anonymous_14)
FN:129,(anonymous_15)
FN:142,(anonymous_16)
FN:143,(anonymous_17)
FN:153,(anonymous_18)
FN:156,(anonymous_19)
FN:160,(anonymous_20)
FN:164,(anonymous_21)
FN:165,(anonymous_22)
FN:170,(anonymous_23)
FN:173,(anonymous_24)
FN:174,(anonymous_25)
FN:180,(anonymous_26)
FN:202,(anonymous_27)
FN:207,(anonymous_28)
FN:209,(anonymous_29)
FN:212,(anonymous_30)
FN:214,(anonymous_31)
FN:219,(anonymous_32)
FN:219,(anonymous_33)
FN:226,(anonymous_34)
FN:227,(anonymous_35)
FN:230,(anonymous_36)
FN:234,(anonymous_37)
FN:293,(anonymous_38)
FN:346,(anonymous_39)
FN:366,(anonymous_40)
FN:405,(anonymous_41)
FN:459,(anonymous_42)
FN:469,(anonymous_43)
FN:478,(anonymous_44)
FN:490,(anonymous_45)
FN:498,(anonymous_46)
FNF:47
FNH:0
FNDA:0,(anonymous_0)
FNDA:0,(anonymous_1)
FNDA:0,(anonymous_2)
FNDA:0,(anonymous_3)
FNDA:0,(anonymous_4)
FNDA:0,(anonymous_5)
FNDA:0,(anonymous_6)
FNDA:0,(anonymous_7)
FNDA:0,(anonymous_8)
FNDA:0,(anonymous_9)
FNDA:0,(anonymous_10)
FNDA:0,(anonymous_11)
FNDA:0,(anonymous_12)
FNDA:0,(anonymous_13)
FNDA:0,(anonymous_14)
FNDA:0,(anonymous_15)
FNDA:0,(anonymous_16)
FNDA:0,(anonymous_17)
FNDA:0,(anonymous_18)
FNDA:0,(anonymous_19)
FNDA:0,(anonymous_20)
FNDA:0,(anonymous_21)
FNDA:0,(anonymous_22)
FNDA:0,(anonymous_23)
FNDA:0,(anonymous_24)
FNDA:0,(anonymous_25)
FNDA:0,(anonymous_26)
FNDA:0,(anonymous_27)
FNDA:0,(anonymous_28)
FNDA:0,(anonymous_29)
FNDA:0,(anonymous_30)
FNDA:0,(anonymous_31)
FNDA:0,(anonymous_32)
FNDA:0,(anonymous_33)
FNDA:0,(anonymous_34)
FNDA:0,(anonymous_35)
FNDA:0,(anonymous_36)
FNDA:0,(anonymous_37)
FNDA:0,(anonymous_38)
FNDA:0,(anonymous_39)
FNDA:0,(anonymous_40)
FNDA:0,(anonymous_41)
FNDA:0,(anonymous_42)
FNDA:0,(anonymous_43)
FNDA:0,(anonymous_44)
FNDA:0,(anonymous_45)
FNDA:0,(anonymous_46)
DA:9,0
DA:10,0
DA:12,0
DA:13,0
DA:14,0
DA:15,0
DA:16,0
DA:17,0
DA:18,0
DA:20,0
DA:24,0
DA:25,0
DA:26,0
DA:32,0
DA:33,0
DA:34,0
DA:35,0
DA:37,0
DA:40,0
DA:41,0
DA:43,0
DA:44,0
DA:46,0
DA:47,0
DA:49,0
DA:50,0
DA:52,0
DA:53,0
DA:55,0
DA:56,0
DA:58,0
DA:61,0
DA:62,0
DA:63,0
DA:65,0
DA:66,0
DA:69,0
DA:70,0
DA:73,0
DA:74,0
DA:77,0
DA:80,0
DA:81,0
DA:82,0
DA:85,0
DA:86,0
DA:88,0
DA:89,0
DA:90,0
DA:92,0
DA:95,0
DA:104,0
DA:105,0
DA:106,0
DA:107,0
DA:109,0
DA:112,0
DA:113,0
DA:114,0
DA:115,0
DA:116,0
DA:119,0
DA:122,0
DA:124,0
DA:125,0
DA:126,0
DA:127,0
DA:128,0
DA:129,0
DA:130,0
DA:131,0
DA:132,0
DA:133,0
DA:134,0
DA:135,0
DA:136,0
DA:139,0
DA:142,0
DA:143,0
DA:144,0
DA:145,0
DA:147,0
DA:148,0
DA:152,0
DA:153,0
DA:156,0
DA:157,0
DA:160,0
DA:161,0
DA:164,0
DA:165,0
DA:166,0
DA:167,0
DA:169,0
DA:170,0
DA:173,0
DA:174,0
DA:175,0
DA:176,0
DA:177,0
DA:178,0
DA:180,0
DA:181,0
DA:183,0
DA:184,0
DA:185,0
DA:188,0
DA:189,0
DA:191,0
DA:192,0
DA:193,0
DA:195,0
DA:199,0
DA:200,0
DA:202,0
DA:203,0
DA:207,0
DA:209,0
DA:210,0
DA:212,0
DA:213,0
DA:214,0
DA:215,0
DA:216,0
DA:219,0
DA:220,0
DA:226,0
DA:227,0
DA:230,0
DA:231,0
DA:234,0
DA:235,0
DA:236,0
DA:237,0
DA:240,0
DA:293,0
DA:347,0
DA:354,0
DA:366,0
DA:405,0
DA:459,0
DA:469,0
DA:478,0
DA:490,0
DA:498,0
LF:145
LH:0
BRDA:15,0,0,0
BRDA:15,0,1,0
BRDA:17,1,0,0
BRDA:17,1,1,0
BRDA:33,2,0,0
BRDA:33,2,1,0
BRDA:35,3,0,0
BRDA:35,3,1,0
BRDA:41,4,0,0
BRDA:41,4,1,0
BRDA:44,5,0,0
BRDA:44,5,1,0
BRDA:49,6,0,0
BRDA:49,6,1,0
BRDA:50,7,0,0
BRDA:50,7,1,0
BRDA:53,8,0,0
BRDA:53,8,1,0
BRDA:56,9,0,0
BRDA:56,9,1,0
BRDA:62,10,0,0
BRDA:62,10,1,0
BRDA:63,11,0,0
BRDA:63,11,1,0
BRDA:65,12,0,0
BRDA:65,12,1,0
BRDA:65,13,0,0
BRDA:65,13,1,0
BRDA:65,13,2,0
BRDA:65,13,3,0
BRDA:69,14,0,0
BRDA:69,14,1,0
BRDA:69,15,0,0
BRDA:69,15,1,0
BRDA:69,15,2,0
BRDA:69,15,3,0
BRDA:73,16,0,0
BRDA:73,16,1,0
BRDA:73,17,0,0
BRDA:73,17,1,0
BRDA:73,17,2,0
BRDA:73,17,3,0
BRDA:81,18,0,0
BRDA:81,18,1,0
BRDA:86,19,0,0
BRDA:86,19,1,0
BRDA:89,20,0,0
BRDA:89,20,1,0
BRDA:90,21,0,0
BRDA:90,21,1,0
BRDA:92,22,0,0
BRDA:92,22,1,0
BRDA:101,23,0,0
BRDA:101,23,1,0
BRDA:101,24,0,0
BRDA:101,24,1,0
BRDA:107,25,0,0
BRDA:107,25,1,0
BRDA:115,26,0,0
BRDA:115,26,1,0
BRDA:115,27,0,0
BRDA:115,27,1,0
BRDA:115,27,2,0
BRDA:139,28,0,0
BRDA:139,28,1,0
BRDA:144,29,0,0
BRDA:144,29,1,0
BRDA:144,30,0,0
BRDA:144,30,1,0
BRDA:147,31,0,0
BRDA:147,31,1,0
BRDA:147,32,0,0
BRDA:147,32,1,0
BRDA:166,33,0,0
BRDA:166,33,1,0
BRDA:178,34,0,0
BRDA:178,34,1,0
BRDA:183,35,0,0
BRDA:183,35,1,0
BRDA:193,36,0,0
BRDA:193,36,1,0
BRDA:210,37,0,0
BRDA:210,37,1,0
BRDA:220,38,0,0
BRDA:220,38,1,0
BRDA:292,39,0,0
BRDA:292,39,1,0
BRDA:303,40,0,0
BRDA:303,40,1,0
BRDA:308,41,0,0
BRDA:308,41,1,0
BRDA:315,42,0,0
BRDA:315,42,1,0
BRDA:328,43,0,0
BRDA:328,43,1,0
BRDA:334,44,0,0
BRDA:334,44,1,0
BRDA:338,45,0,0
BRDA:338,45,1,0
BRDA:342,46,0,0
BRDA:342,46,1,0
BRDA:364,47,0,0
BRDA:364,47,1,0
BRDA:373,48,0,0
BRDA:373,48,1,0
BRDA:393,49,0,0
BRDA:393,49,1,0
BRDA:407,50,0,0
BRDA:407,50,1,0
BRDA:409,51,0,0
BRDA:409,51,1,0
BRDA:411,52,0,0
BRDA:411,52,1,0
BRDA:421,53,0,0
BRDA:421,53,1,0
BRDA:432,54,0,0
BRDA:432,54,1,0
BRDA:436,55,0,0
BRDA:436,55,1,0
BRDA:438,56,0,0
BRDA:438,56,1,0
BRDA:448,57,0,0
BRDA:448,57,1,0
BRDA:449,58,0,0
BRDA:449,58,1,0
BRF:125
BRH:0
end_of_record
TN:
SF:src\components\Charts\ActiveUsersChart.jsx
FN:87,(anonymous_0)
FN:99,(anonymous_1)
FNF:2
FNH:0
FNDA:0,(anonymous_0)
FNDA:0,(anonymous_1)
DA:16,0
DA:27,0
DA:85,0
DA:87,0
DA:88,0
DA:89,0
DA:90,0
DA:91,0
DA:100,0
DA:101,0
DA:102,0
DA:103,0
DA:104,0
DA:105,0
DA:106,0
DA:107,0
DA:117,0
LF:17
LH:0
BRDA:87,0,0,0
BRDA:89,1,0,0
BRDA:89,1,1,0
BRDA:90,2,0,0
BRDA:90,2,1,0
BRDA:102,3,0,0
BRDA:102,3,1,0
BRF:7
BRH:0
end_of_record
TN:
SF:src\components\Charts\BattleActivityChart.jsx
FN:67,(anonymous_0)
FNF:1
FNH:0
FNDA:0,(anonymous_0)
DA:14,0
DA:23,0
DA:65,0
DA:67,0
DA:68,0
DA:69,0
DA:70,0
DA:80,0
LF:8
LH:0
BRF:0
BRH:0
end_of_record
TN:
SF:src\components\Charts\DifficultyChart.jsx
FN:10,(anonymous_0)
FN:12,(anonymous_1)
FN:65,(anonymous_2)
FN:69,(anonymous_3)
FNF:4
FNH:0
FNDA:0,(anonymous_0)
FNDA:0,(anonymous_1)
FNDA:0,(anonymous_2)
FNDA:0,(anonymous_3)
DA:6,0
DA:8,0
DA:11,0
DA:12,0
DA:13,0
DA:14,0
DA:15,0
DA:17,0
DA:18,0
DA:19,0
DA:20,0
DA:21,0
DA:22,0
DA:23,0
DA:24,0
DA:25,0
DA:26,0
DA:27,0
DA:31,0
DA:63,0
DA:65,0
DA:66,0
DA:67,0
DA:68,0
DA:69,0
DA:70,0
DA:95,0
LF:27
LH:0
BRDA:12,0,0,0
BRDA:12,0,1,0
BRDA:12,1,0,0
BRDA:12,1,1,0
BRDA:15,2,0,0
BRDA:15,2,1,0
BRDA:65,3,0,0
BRDA:69,4,0,0
BRDA:69,4,1,0
BRF:9
BRH:0
end_of_record
TN:
SF:src\components\Charts\GamesChart.jsx
FN:85,(anonymous_0)
FN:96,(anonymous_1)
FN:105,(anonymous_2)
FN:106,(anonymous_3)
FNF:4
FNH:0
FNDA:0,(anonymous_0)
FNDA:0,(anonymous_1)
FNDA:0,(anonymous_2)
FNDA:0,(anonymous_3)
DA:14,0
DA:23,0
DA:75,0
DA:76,0
DA:77,0
DA:85,0
DA:86,0
DA:87,0
DA:88,0
DA:89,0
DA:90,0
DA:91,0
DA:92,0
DA:93,0
DA:96,0
DA:97,0
DA:98,0
DA:99,0
DA:105,0
DA:106,0
DA:114,0
LF:21
LH:0
BRDA:89,0,0,0
BRDA:89,0,1,0
BRDA:96,1,0,0
BRDA:96,2,0,0
BRDA:98,3,0,0
BRDA:98,3,1,0
BRDA:105,4,0,0
BRDA:105,4,1,0
BRF:8
BRH:0
end_of_record
TN:
SF:src\components\Charts\UserGrowthChart.jsx
FN:77,(anonymous_0)
FN:79,(anonymous_1)
FNF:2
FNH:0
FNDA:0,(anonymous_0)
FNDA:0,(anonymous_1)
DA:16,0
DA:27,0
DA:75,0
DA:77,0
DA:78,0
DA:79,0
DA:80,0
DA:92,0
LF:8
LH:0
BRF:0
BRH:0
end_of_record
TN:
SF:src\editor\index.js
FNF:0
FNH:0
LF:0
LH:0
BRF:0
BRH:0
end_of_record
TN:
SF:src\editor\components\CodeEditor.jsx
FN:31,(anonymous_0)
FN:36,(anonymous_1)
FN:56,(anonymous_2)
FN:69,(anonymous_3)
FN:79,(anonymous_4)
FN:89,(anonymous_5)
FN:116,(anonymous_6)
FN:121,(anonymous_7)
FNF:8
FNH:0
FNDA:0,(anonymous_0)
FNDA:0,(anonymous_1)
FNDA:0,(anonymous_2)
FNDA:0,(anonymous_3)
FNDA:0,(anonymous_4)
FNDA:0,(anonymous_5)
FNDA:0,(anonymous_6)
FNDA:0,(anonymous_7)
DA:31,0
DA:36,0
DA:37,0
DA:38,0
DA:56,0
DA:64,0
DA:69,0
DA:70,0
DA:78,0
DA:79,0
DA:81,0
DA:88,0
DA:90,0
DA:95,0
DA:97,0
DA:115,0
DA:116,0
DA:118,0
DA:121,0
DA:122,0
DA:123,0
DA:129,0
LF:22
LH:0
BRDA:59,0,0,0
BRDA:60,1,0,0
BRDA:61,2,0,0
BRDA:62,3,0,0
BRDA:90,4,0,0
BRDA:90,4,1,0
BRDA:90,5,0,0
BRDA:90,5,1,0
BRDA:95,6,0,0
BRDA:95,6,1,0
BRDA:104,7,0,0
BRDA:104,7,1,0
BRDA:122,8,0,0
BRDA:122,8,1,0
BRF:14
BRH:0
end_of_record
TN:
SF:src\editor\components\EditorToolbar.jsx
FN:15,(anonymous_0)
FN:23,(anonymous_1)
FNF:2
FNH:0
FNDA:0,(anonymous_0)
FNDA:0,(anonymous_1)
DA:15,0
DA:16,0
DA:23,0
DA:31,0
DA:32,0
LF:5
LH:0
BRF:0
BRH:0
end_of_record
TN:
SF:src\editor\components\LanguageSelector.jsx
FN:13,(anonymous_0)
FN:21,(anonymous_1)
FN:38,(anonymous_2)
FN:52,(anonymous_3)
FNF:4
FNH:0
FNDA:0,(anonymous_0)
FNDA:0,(anonymous_1)
FNDA:0,(anonymous_2)
FNDA:0,(anonymous_3)
DA:13,0
DA:14,0
DA:21,0
DA:26,0
DA:27,0
DA:32,0
DA:33,0
DA:38,0
DA:53,0
LF:9
LH:0
BRDA:32,0,0,0
BRDA:32,0,1,0
BRF:2
BRH:0
end_of_record
TN:
SF:src\editor\components\OutputTerminal.jsx
FN:18,(anonymous_0)
FN:33,(anonymous_1)
FN:37,(anonymous_2)
FN:97,(anonymous_3)
FNF:4
FNH:0
FNDA:0,(anonymous_0)
FNDA:0,(anonymous_1)
FNDA:0,(anonymous_2)
FNDA:0,(anonymous_3)
DA:13,0
DA:18,0
DA:19,0
DA:26,0
DA:33,0
DA:34,0
DA:35,0
DA:37,0
DA:38,0
DA:39,0
DA:43,0
DA:98,0
LF:12
LH:0
BRDA:33,0,0,0
BRDA:33,1,0,0
BRDA:38,2,0,0
BRDA:38,2,1,0
BRDA:91,3,0,0
BRDA:91,3,1,0
BRDA:91,3,2,0
BRDA:98,4,0,0
BRDA:98,4,1,0
BRDA:103,5,0,0
BRDA:103,5,1,0
BRF:11
BRH:0
end_of_record
TN:
SF:src\editor\components\RunButton.jsx
FN:12,(anonymous_0)
FN:18,(anonymous_1)
FNF:2
FNH:0
FNDA:0,(anonymous_0)
FNDA:0,(anonymous_1)
DA:12,0
DA:13,0
DA:18,0
DA:19,0
DA:20,0
LF:5
LH:0
BRDA:23,0,0,0
BRDA:23,0,1,0
BRDA:24,1,0,0
BRDA:24,1,1,0
BRDA:25,2,0,0
BRDA:25,2,1,0
BRDA:32,3,0,0
BRDA:32,3,1,0
BRDA:43,4,0,0
BRDA:43,4,1,0
BRF:10
BRH:0
end_of_record
TN:
SF:src\editor\config\editorOptions.js
FN:58,(anonymous_0)
FNF:1
FNH:0
FNDA:0,(anonymous_0)
DA:11,0
DA:58,0
DA:59,0
DA:126,0
DA:138,0
LF:5
LH:0
BRF:0
BRH:0
end_of_record
TN:
SF:src\editor\hooks\useEditorState.js
FN:13,(anonymous_0)
FN:25,(anonymous_1)
FN:26,(anonymous_2)
FN:28,(anonymous_3)
FN:42,(anonymous_4)
FN:50,(anonymous_5)
FN:69,(anonymous_6)
FNF:7
FNH:0
FNDA:0,(anonymous_0)
FNDA:0,(anonymous_1)
FNDA:0,(anonymous_2)
FNDA:0,(anonymous_3)
FNDA:0,(anonymous_4)
FNDA:0,(anonymous_5)
FNDA:0,(anonymous_6)
DA:13,0
DA:14,0
DA:15,0
DA:16,0
DA:17,0
DA:18,0
DA:24,0
DA:26,0
DA:28,0
DA:29,0
DA:30,0
DA:32,0
DA:42,0
DA:43,0
DA:44,0
DA:45,0
DA:48,0
DA:50,0
DA:51,0
DA:64,0
DA:69,0
DA:70,0
DA:71,0
DA:74,0
LF:24
LH:0
BRDA:13,0,0,0
BRDA:13,1,0,0
BRDA:15,2,0,0
BRDA:15,2,1,0
BRDA:29,3,0,0
BRDA:29,3,1,0
BRDA:30,4,0,0
BRDA:30,4,1,0
BRDA:30,5,0,0
BRDA:30,5,1,0
BRDA:43,6,0,0
BRDA:43,6,1,0
BRDA:48,7,0,0
BRDA:48,7,1,0
BRDA:70,8,0,0
BRDA:70,8,1,0
BRF:16
BRH:0
end_of_record
TN:
SF:src\features\chat\ChatEmptyState.jsx
FN:6,(anonymous_0)
FNF:1
FNH:0
FNDA:0,(anonymous_0)
DA:6,0
DA:7,0
DA:8,0
DA:9,0
DA:10,0
LF:5
LH:0
BRF:0
BRH:0
end_of_record
TN:
SF:src\features\chat\ChatHeader.jsx
FN:6,(anonymous_0)
FNF:1
FNH:0
FNDA:0,(anonymous_0)
DA:6,0
DA:7,0
DA:8,0
DA:9,0
DA:10,0
DA:11,0
DA:12,0
LF:7
LH:0
BRDA:21,0,0,0
BRDA:21,0,1,0
BRDA:21,1,0,0
BRDA:21,1,1,0
BRDA:24,2,0,0
BRDA:24,2,1,0
BRDA:24,3,0,0
BRDA:24,3,1,0
BRDA:25,4,0,0
BRDA:25,4,1,0
BRF:10
BRH:0
end_of_record
TN:
SF:src\features\chat\ChatMessage.jsx
FN:8,(anonymous_0)
FN:11,(anonymous_1)
FN:25,(anonymous_2)
FN:41,(anonymous_3)
FN:41,(anonymous_4)
FN:65,(anonymous_5)
FN:85,(anonymous_6)
FN:85,(anonymous_7)
FN:91,(anonymous_8)
FN:92,(anonymous_9)
FN:96,(anonymous_10)
FN:111,(anonymous_11)
FN:112,(anonymous_12)
FN:115,(anonymous_13)
FN:116,(anonymous_14)
FNF:15
FNH:0
FNDA:0,(anonymous_0)
FNDA:0,(anonymous_1)
FNDA:0,(anonymous_2)
FNDA:0,(anonymous_3)
FNDA:0,(anonymous_4)
FNDA:0,(anonymous_5)
FNDA:0,(anonymous_6)
FNDA:0,(anonymous_7)
FNDA:0,(anonymous_8)
FNDA:0,(anonymous_9)
FNDA:0,(anonymous_10)
FNDA:0,(anonymous_11)
FNDA:0,(anonymous_12)
FNDA:0,(anonymous_13)
FNDA:0,(anonymous_14)
DA:8,0
DA:10,0
DA:12,0
DA:13,0
DA:14,0
DA:15,0
DA:16,0
DA:17,0
DA:18,0
DA:19,0
DA:20,0
DA:21,0
DA:22,0
DA:24,0
DA:25,0
DA:26,0
DA:27,0
DA:30,0
DA:31,0
DA:40,0
DA:41,0
DA:65,0
DA:85,0
DA:92,0
DA:93,0
DA:96,0
DA:111,0
DA:112,0
DA:115,0
DA:116,0
LF:30
LH:0
BRDA:24,0,0,0
BRDA:24,0,1,0
BRDA:26,1,0,0
BRDA:26,1,1,0
BRDA:26,2,0,0
BRDA:26,2,1,0
BRDA:30,3,0,0
BRDA:30,3,1,0
BRDA:41,4,0,0
BRDA:41,4,1,0
BRDA:42,5,0,0
BRDA:42,5,1,0
BRDA:42,6,0,0
BRDA:42,6,1,0
BRDA:44,7,0,0
BRDA:44,7,1,0
BRDA:55,8,0,0
BRDA:55,8,1,0
BRDA:78,9,0,0
BRDA:78,9,1,0
BRDA:84,10,0,0
BRDA:84,10,1,0
BRDA:86,11,0,0
BRDA:86,11,1,0
BRDA:91,12,0,0
BRDA:91,12,1,0
BRDA:92,13,0,0
BRDA:92,13,1,0
BRDA:100,14,0,0
BRDA:100,14,1,0
BRDA:109,15,0,0
BRDA:109,15,1,0
BRDA:113,16,0,0
BRDA:113,16,1,0
BRF:34
BRH:0
end_of_record
TN:
SF:src\features\chat\ChatMessageInput.jsx
FN:8,(anonymous_0)
FN:30,(anonymous_1)
FN:34,(anonymous_2)
FN:64,(anonymous_3)
FN:65,(anonymous_4)
FN:70,(anonymous_5)
FN:74,(anonymous_6)
FN:80,(anonymous_7)
FNF:8
FNH:0
FNDA:0,(anonymous_0)
FNDA:0,(anonymous_1)
FNDA:0,(anonymous_2)
FNDA:0,(anonymous_3)
FNDA:0,(anonymous_4)
FNDA:0,(anonymous_5)
FNDA:0,(anonymous_6)
FNDA:0,(anonymous_7)
DA:8,0
DA:18,0
DA:19,0
DA:20,0
DA:21,0
DA:22,0
DA:23,0
DA:24,0
DA:25,0
DA:26,0
DA:27,0
DA:28,0
DA:30,0
DA:31,0
DA:34,0
DA:35,0
DA:36,0
DA:37,0
DA:38,0
DA:39,0
DA:41,0
DA:44,0
DA:45,0
DA:46,0
DA:48,0
DA:49,0
DA:50,0
DA:51,0
DA:54,0
DA:64,0
DA:65,0
DA:71,0
DA:72,0
DA:73,0
DA:74,0
DA:81,0
DA:82,0
DA:83,0
LF:38
LH:0
BRDA:31,0,0,0
BRDA:31,0,1,0
BRDA:31,1,0,0
BRDA:31,1,1,0
BRDA:36,2,0,0
BRDA:36,2,1,0
BRDA:37,3,0,0
BRDA:37,3,1,0
BRDA:41,4,0,0
BRDA:41,4,1,0
BRDA:44,5,0,0
BRDA:44,5,1,0
BRDA:64,6,0,0
BRDA:64,6,1,0
BRDA:65,7,0,0
BRDA:65,7,1,0
BRDA:73,8,0,0
BRDA:73,8,1,0
BRDA:81,9,0,0
BRDA:81,9,1,0
BRDA:81,10,0,0
BRDA:81,10,1,0
BRDA:91,11,0,0
BRDA:91,11,1,0
BRDA:98,12,0,0
BRDA:98,12,1,0
BRDA:99,13,0,0
BRDA:99,13,1,0
BRF:28
BRH:0
end_of_record
TN:
SF:src\features\chat\ChatMessageList.jsx
FN:8,(anonymous_0)
FN:16,(anonymous_1)
FN:27,(anonymous_2)
FN:46,(anonymous_3)
FN:52,(anonymous_4)
FN:69,(anonymous_5)
FN:95,(anonymous_6)
FN:113,(anonymous_7)
FN:124,(anonymous_8)
FNF:9
FNH:0
FNDA:0,(anonymous_0)
FNDA:0,(anonymous_1)
FNDA:0,(anonymous_2)
FNDA:0,(anonymous_3)
FNDA:0,(anonymous_4)
FNDA:0,(anonymous_5)
FNDA:0,(anonymous_6)
FNDA:0,(anonymous_7)
FNDA:0,(anonymous_8)
DA:8,0
DA:9,0
DA:10,0
DA:11,0
DA:12,0
DA:13,0
DA:16,0
DA:17,0
DA:18,0
DA:19,0
DA:20,0
DA:21,0
DA:22,0
DA:23,0
DA:24,0
DA:27,0
DA:41,0
DA:42,0
DA:43,0
DA:44,0
DA:46,0
DA:47,0
DA:48,0
DA:49,0
DA:52,0
DA:53,0
DA:54,0
DA:55,0
DA:56,0
DA:57,0
DA:58,0
DA:60,0
DA:63,0
DA:70,0
DA:71,0
DA:72,0
DA:73,0
DA:96,0
DA:114,0
DA:115,0
DA:124,0
LF:41
LH:0
BRDA:9,0,0,0
BRDA:9,0,1,0
BRDA:9,1,0,0
BRDA:9,1,1,0
BRDA:10,2,0,0
BRDA:10,2,1,0
BRDA:22,3,0,0
BRDA:22,3,1,0
BRDA:23,4,0,0
BRDA:23,4,1,0
BRDA:48,5,0,0
BRDA:48,5,1,0
BRDA:49,6,0,0
BRDA:49,6,1,0
BRDA:57,7,0,0
BRDA:57,7,1,0
BRDA:73,8,0,0
BRDA:73,8,1,0
BRDA:73,9,0,0
BRDA:73,9,1,0
BRDA:73,9,2,0
BRDA:76,10,0,0
BRDA:76,10,1,0
BRDA:84,11,0,0
BRDA:84,11,1,0
BRDA:91,12,0,0
BRDA:91,12,1,0
BRDA:97,13,0,0
BRDA:97,13,1,0
BRDA:107,14,0,0
BRDA:107,14,1,0
BRDA:108,15,0,0
BRDA:108,15,1,0
BRDA:115,16,0,0
BRDA:115,16,1,0
BRDA:123,17,0,0
BRDA:123,17,1,0
BRF:37
BRH:0
end_of_record
TN:
SF:src\features\chat\ChatPanel.jsx
FN:13,(anonymous_0)
FN:24,(anonymous_1)
FN:40,(anonymous_2)
FN:113,(anonymous_3)
FN:114,(anonymous_4)
FN:126,(anonymous_5)
FNF:6
FNH:0
FNDA:0,(anonymous_0)
FNDA:0,(anonymous_1)
FNDA:0,(anonymous_2)
FNDA:0,(anonymous_3)
FNDA:0,(anonymous_4)
FNDA:0,(anonymous_5)
DA:11,0
DA:13,0
DA:14,0
DA:15,0
DA:16,0
DA:17,0
DA:18,0
DA:19,0
DA:20,0
DA:21,0
DA:22,0
DA:24,0
DA:25,0
DA:26,0
DA:27,0
DA:28,0
DA:29,0
DA:30,0
DA:31,0
DA:32,0
DA:33,0
DA:40,0
DA:41,0
DA:45,0
DA:46,0
DA:47,0
DA:51,0
DA:53,0
DA:113,0
DA:115,0
DA:127,0
DA:128,0
LF:32
LH:0
BRDA:25,0,0,0
BRDA:25,0,1,0
BRDA:28,1,0,0
BRDA:28,1,1,0
BRDA:32,2,0,0
BRDA:32,2,1,0
BRDA:32,3,0,0
BRDA:32,3,1,0
BRDA:46,4,0,0
BRDA:46,4,1,0
BRDA:51,5,0,0
BRDA:51,5,1,0
BRDA:55,6,0,0
BRDA:55,6,1,0
BRDA:63,7,0,0
BRDA:63,7,1,0
BRDA:64,8,0,0
BRDA:64,8,1,0
BRDA:66,9,0,0
BRDA:66,9,1,0
BRDA:66,10,0,0
BRDA:66,10,1,0
BRDA:67,11,0,0
BRDA:67,11,1,0
BRDA:81,12,0,0
BRDA:81,12,1,0
BRDA:82,13,0,0
BRDA:82,13,1,0
BRDA:83,14,0,0
BRDA:83,14,1,0
BRDA:94,15,0,0
BRDA:94,15,1,0
BRDA:96,16,0,0
BRDA:96,16,1,0
BRDA:99,17,0,0
BRDA:99,17,1,0
BRDA:115,18,0,0
BRDA:115,18,1,0
BRDA:127,19,0,0
BRDA:127,19,1,0
BRF:40
BRH:0
end_of_record
TN:
SF:src\features\chat\ChatProvider.jsx
FN:7,(anonymous_0)
FN:16,(anonymous_1)
FN:23,(anonymous_2)
FN:29,(anonymous_3)
FN:36,(anonymous_4)
FN:44,(anonymous_5)
FN:47,(anonymous_6)
FN:51,(anonymous_7)
FN:55,(anonymous_8)
FN:56,(anonymous_9)
FN:57,(anonymous_10)
FN:60,(anonymous_11)
FN:60,(anonymous_12)
FN:63,(anonymous_13)
FN:94,(anonymous_14)
FNF:15
FNH:0
FNDA:0,(anonymous_0)
FNDA:0,(anonymous_1)
FNDA:0,(anonymous_2)
FNDA:0,(anonymous_3)
FNDA:0,(anonymous_4)
FNDA:0,(anonymous_5)
FNDA:0,(anonymous_6)
FNDA:0,(anonymous_7)
FNDA:0,(anonymous_8)
FNDA:0,(anonymous_9)
FNDA:0,(anonymous_10)
FNDA:0,(anonymous_11)
FNDA:0,(anonymous_12)
FNDA:0,(anonymous_13)
FNDA:0,(anonymous_14)
DA:5,0
DA:7,0
DA:8,0
DA:9,0
DA:10,0
DA:11,0
DA:12,0
DA:13,0
DA:14,0
DA:16,0
DA:17,0
DA:18,0
DA:19,0
DA:22,0
DA:23,0
DA:24,0
DA:27,0
DA:28,0
DA:29,0
DA:30,0
DA:31,0
DA:35,0
DA:36,0
DA:37,0
DA:38,0
DA:42,0
DA:44,0
DA:45,0
DA:46,0
DA:47,0
DA:51,0
DA:52,0
DA:53,0
DA:55,0
DA:56,0
DA:57,0
DA:58,0
DA:60,0
DA:62,0
DA:63,0
DA:91,0
DA:94,0
DA:95,0
DA:96,0
DA:97,0
LF:45
LH:0
BRDA:17,0,0,0
BRDA:17,0,1,0
BRDA:24,1,0,0
BRDA:24,1,1,0
BRDA:27,2,0,0
BRDA:27,2,1,0
BRDA:27,3,0,0
BRDA:27,3,1,0
BRDA:42,4,0,0
BRDA:42,4,1,0
BRDA:45,5,0,0
BRDA:45,5,1,0
BRDA:46,6,0,0
BRDA:46,6,1,0
BRDA:58,7,0,0
BRDA:58,7,1,0
BRDA:96,8,0,0
BRDA:96,8,1,0
BRF:18
BRH:0
end_of_record
TN:
SF:src\features\chat\ChatReactionPicker.jsx
FN:6,(anonymous_0)
FN:20,(anonymous_1)
FN:27,(anonymous_2)
FNF:3
FNH:0
FNDA:0,(anonymous_0)
FNDA:0,(anonymous_1)
FNDA:0,(anonymous_2)
DA:6,0
DA:7,0
DA:8,0
DA:9,0
DA:10,0
DA:12,0
DA:21,0
DA:27,0
LF:8
LH:0
BRF:0
BRH:0
end_of_record
TN:
SF:src\features\chat\ChatReplyPreview.jsx
FN:6,(anonymous_0)
FNF:1
FNH:0
FNDA:0,(anonymous_0)
DA:6,0
DA:7,0
DA:8,0
DA:9,0
DA:10,0
DA:11,0
DA:12,0
DA:13,0
LF:8
LH:0
BRDA:6,0,0,0
BRDA:12,1,0,0
BRDA:12,1,1,0
BRDA:18,2,0,0
BRDA:18,2,1,0
BRDA:21,3,0,0
BRDA:21,3,1,0
BRDA:21,3,2,0
BRF:8
BRH:0
end_of_record
TN:
SF:src\features\chat\ChatTypingIndicator.jsx
FN:8,(anonymous_0)
FN:25,(anonymous_1)
FNF:2
FNH:0
FNDA:0,(anonymous_0)
FNDA:0,(anonymous_1)
DA:6,0
DA:8,0
DA:9,0
DA:10,0
DA:11,0
DA:12,0
DA:13,0
DA:15,0
DA:16,0
DA:17,0
DA:19,0
DA:26,0
LF:12
LH:0
BRDA:12,0,0,0
BRDA:12,0,1,0
BRDA:13,1,0,0
BRDA:13,1,1,0
BRDA:16,2,0,0
BRDA:16,2,1,0
BRDA:17,3,0,0
BRDA:17,3,1,0
BRF:8
BRH:0
end_of_record
TN:
SF:src\features\chat\chatApi.js
FN:4,(anonymous_0)
FN:5,(anonymous_1)
FNF:2
FNH:0
FNDA:0,(anonymous_0)
FNDA:0,(anonymous_1)
DA:3,0
DA:4,0
DA:6,0
LF:3
LH:0
BRDA:5,0,0,0
BRDA:5,1,0,0
BRF:2
BRH:0
end_of_record
TN:
SF:src\features\chat\chatConstants.js
FNF:0
FNH:0
DA:1,0
DA:2,0
DA:3,0
DA:4,0
DA:5,0
DA:7,0
LF:6
LH:0
BRF:0
BRH:0
end_of_record
TN:
SF:src\features\chat\index.js
FNF:0
FNH:0
LF:0
LH:0
BRF:0
BRH:0
end_of_record
TN:
SF:src\features\chat\useChatSocket.js
FN:6,(anonymous_0)
FN:16,(anonymous_1)
FN:21,(anonymous_2)
FN:33,(anonymous_3)
FN:34,(anonymous_4)
FN:36,(anonymous_5)
FN:38,(anonymous_6)
FN:44,(anonymous_7)
FN:52,(anonymous_8)
FN:59,(anonymous_9)
FN:69,(anonymous_10)
FN:72,(anonymous_11)
FN:73,(anonymous_12)
FN:77,(anonymous_13)
FN:78,(anonymous_14)
FN:82,(anonymous_15)
FN:83,(anonymous_16)
FN:102,(anonymous_17)
FN:145,(anonymous_18)
FN:164,(anonymous_19)
FN:165,(anonymous_20)
FN:174,(anonymous_21)
FN:177,(anonymous_22)
FN:183,(anonymous_23)
FN:190,(anonymous_24)
FN:207,(anonymous_25)
FN:217,(anonymous_26)
FN:218,(anonymous_27)
FN:219,(anonymous_28)
FN:229,(anonymous_29)
FN:254,(anonymous_30)
FN:264,(anonymous_31)
FN:289,(anonymous_32)
FN:294,(anonymous_33)
FN:312,(anonymous_34)
FN:324,(anonymous_35)
FN:326,(anonymous_36)
FN:331,(anonymous_37)
FN:332,(anonymous_38)
FN:333,(anonymous_39)
FN:334,(anonymous_40)
FN:335,(anonymous_41)
FN:336,(anonymous_42)
FN:337,(anonymous_43)
FN:340,(anonymous_44)
FNF:45
FNH:0
FNDA:0,(anonymous_0)
FNDA:0,(anonymous_1)
FNDA:0,(anonymous_2)
FNDA:0,(anonymous_3)
FNDA:0,(anonymous_4)
FNDA:0,(anonymous_5)
FNDA:0,(anonymous_6)
FNDA:0,(anonymous_7)
FNDA:0,(anonymous_8)
FNDA:0,(anonymous_9)
FNDA:0,(anonymous_10)
FNDA:0,(anonymous_11)
FNDA:0,(anonymous_12)
FNDA:0,(anonymous_13)
FNDA:0,(anonymous_14)
FNDA:0,(anonymous_15)
FNDA:0,(anonymous_16)
FNDA:0,(anonymous_17)
FNDA:0,(anonymous_18)
FNDA:0,(anonymous_19)
FNDA:0,(anonymous_20)
FNDA:0,(anonymous_21)
FNDA:0,(anonymous_22)
FNDA:0,(anonymous_23)
FNDA:0,(anonymous_24)
FNDA:0,(anonymous_25)
FNDA:0,(anonymous_26)
FNDA:0,(anonymous_27)
FNDA:0,(anonymous_28)
FNDA:0,(anonymous_29)
FNDA:0,(anonymous_30)
FNDA:0,(anonymous_31)
FNDA:0,(anonymous_32)
FNDA:0,(anonymous_33)
FNDA:0,(anonymous_34)
FNDA:0,(anonymous_35)
FNDA:0,(anonymous_36)
FNDA:0,(anonymous_37)
FNDA:0,(anonymous_38)
FNDA:0,(anonymous_39)
FNDA:0,(anonymous_40)
FNDA:0,(anonymous_41)
FNDA:0,(anonymous_42)
FNDA:0,(anonymous_43)
FNDA:0,(anonymous_44)
DA:6,0
DA:7,0
DA:8,0
DA:9,0
DA:10,0
DA:11,0
DA:13,0
DA:16,0
DA:21,0
DA:22,0
DA:23,0
DA:24,0
DA:25,0
DA:26,0
DA:27,0
DA:28,0
DA:30,0
DA:33,0
DA:34,0
DA:36,0
DA:37,0
DA:38,0
DA:39,0
DA:41,0
DA:44,0
DA:45,0
DA:46,0
DA:48,0
DA:52,0
DA:53,0
DA:54,0
DA:55,0
DA:56,0
DA:59,0
DA:67,0
DA:69,0
DA:70,0
DA:72,0
DA:73,0
DA:75,0
DA:77,0
DA:78,0
DA:80,0
DA:82,0
DA:83,0
DA:85,0
DA:87,0
DA:88,0
DA:90,0
DA:92,0
DA:93,0
DA:95,0
DA:96,0
DA:98,0
DA:102,0
DA:113,0
DA:114,0
DA:115,0
DA:117,0
DA:118,0
DA:119,0
DA:123,0
DA:124,0
DA:125,0
DA:126,0
DA:134,0
DA:135,0
DA:136,0
DA:139,0
DA:140,0
DA:141,0
DA:142,0
DA:145,0
DA:146,0
DA:147,0
DA:148,0
DA:149,0
DA:150,0
DA:151,0
DA:152,0
DA:154,0
DA:155,0
DA:156,0
DA:157,0
DA:158,0
DA:159,0
DA:160,0
DA:161,0
DA:162,0
DA:164,0
DA:165,0
DA:166,0
DA:167,0
DA:168,0
DA:169,0
DA:173,0
DA:175,0
DA:176,0
DA:177,0
DA:178,0
DA:183,0
DA:184,0
DA:185,0
DA:186,0
DA:187,0
DA:190,0
DA:191,0
DA:192,0
DA:193,0
DA:194,0
DA:195,0
DA:196,0
DA:197,0
DA:198,0
DA:199,0
DA:201,0
DA:203,0
DA:207,0
DA:208,0
DA:209,0
DA:210,0
DA:211,0
DA:212,0
DA:213,0
DA:214,0
DA:215,0
DA:216,0
DA:217,0
DA:218,0
DA:219,0
DA:220,0
DA:223,0
DA:225,0
DA:229,0
DA:230,0
DA:231,0
DA:232,0
DA:234,0
DA:235,0
DA:236,0
DA:239,0
DA:240,0
DA:245,0
DA:248,0
DA:249,0
DA:251,0
DA:252,0
DA:254,0
DA:255,0
DA:256,0
DA:257,0
DA:258,0
DA:259,0
DA:260,0
DA:261,0
DA:264,0
DA:265,0
DA:266,0
DA:267,0
DA:268,0
DA:269,0
DA:272,0
DA:273,0
DA:274,0
DA:275,0
DA:276,0
DA:279,0
DA:289,0
DA:290,0
DA:291,0
DA:294,0
DA:295,0
DA:296,0
DA:298,0
DA:312,0
DA:313,0
DA:314,0
DA:316,0
DA:317,0
DA:318,0
DA:319,0
DA:320,0
DA:321,0
DA:322,0
DA:324,0
DA:325,0
DA:326,0
DA:327,0
DA:331,0
DA:332,0
DA:333,0
DA:334,0
DA:335,0
DA:336,0
DA:337,0
DA:339,0
DA:340,0
LF:197
LH:0
BRDA:8,0,0,0
BRDA:8,0,1,0
BRDA:10,1,0,0
BRDA:10,1,1,0
BRDA:10,2,0,0
BRDA:10,2,1,0
BRDA:24,3,0,0
BRDA:24,3,1,0
BRDA:26,4,0,0
BRDA:26,4,1,0
BRDA:34,5,0,0
BRDA:34,5,1,0
BRDA:38,6,0,0
BRDA:38,6,1,0
BRDA:53,7,0,0
BRDA:53,7,1,0
BRDA:67,8,0,0
BRDA:67,8,1,0
BRDA:67,8,2,0
BRDA:67,8,3,0
BRDA:67,8,4,0
BRDA:67,8,5,0
BRDA:67,8,6,0
BRDA:67,8,7,0
BRDA:73,9,0,0
BRDA:73,9,1,0
BRDA:87,10,0,0
BRDA:87,10,1,0
BRDA:92,11,0,0
BRDA:92,11,1,0
BRDA:95,12,0,0
BRDA:95,12,1,0
BRDA:115,13,0,0
BRDA:115,13,1,0
BRDA:117,14,0,0
BRDA:117,14,1,0
BRDA:119,15,0,0
BRDA:119,15,1,0
BRDA:123,16,0,0
BRDA:123,16,1,0
BRDA:125,17,0,0
BRDA:125,17,1,0
BRDA:134,18,0,0
BRDA:134,18,1,0
BRDA:166,19,0,0
BRDA:166,19,1,0
BRDA:176,20,0,0
BRDA:176,20,1,0
BRDA:185,21,0,0
BRDA:185,21,1,0
BRDA:185,22,0,0
BRDA:185,22,1,0
BRDA:196,23,0,0
BRDA:196,23,1,0
BRDA:201,24,0,0
BRDA:201,24,1,0
BRDA:208,25,0,0
BRDA:208,25,1,0
BRDA:208,26,0,0
BRDA:208,26,1,0
BRDA:213,27,0,0
BRDA:213,27,1,0
BRDA:223,28,0,0
BRDA:223,28,1,0
BRDA:230,29,0,0
BRDA:230,29,1,0
BRDA:230,30,0,0
BRDA:230,30,1,0
BRDA:232,31,0,0
BRDA:232,31,1,0
BRDA:234,32,0,0
BRDA:234,32,1,0
BRDA:240,33,0,0
BRDA:240,33,1,0
BRDA:241,34,0,0
BRDA:241,34,1,0
BRDA:241,34,2,0
BRDA:255,35,0,0
BRDA:255,35,1,0
BRDA:265,36,0,0
BRDA:265,36,1,0
BRDA:267,37,0,0
BRDA:267,37,1,0
BRDA:273,38,0,0
BRDA:273,38,1,0
BRDA:290,39,0,0
BRDA:290,39,1,0
BRDA:295,40,0,0
BRDA:295,40,1,0
BRDA:313,41,0,0
BRDA:313,41,1,0
BRDA:313,42,0,0
BRDA:313,42,1,0
BRDA:325,43,0,0
BRDA:325,43,1,0
BRF:95
BRH:0
end_of_record
TN:
SF:src\features\support\ContactSupportForm.jsx
FN:7,(anonymous_0)
FN:12,(anonymous_1)
FN:14,(anonymous_2)
FN:34,(anonymous_3)
FN:35,(anonymous_4)
FN:36,(anonymous_5)
FNF:6
FNH:0
FNDA:0,(anonymous_0)
FNDA:0,(anonymous_1)
FNDA:0,(anonymous_2)
FNDA:0,(anonymous_3)
FNDA:0,(anonymous_4)
FNDA:0,(anonymous_5)
DA:7,0
DA:8,0
DA:9,0
DA:10,0
DA:11,0
DA:12,0
DA:14,0
DA:15,0
DA:16,0
DA:17,0
DA:19,0
DA:23,0
DA:34,0
DA:35,0
DA:36,0
LF:15
LH:0
BRDA:12,0,0,0
BRDA:12,0,1,0
BRDA:12,0,2,0
BRDA:30,1,0,0
BRDA:30,1,1,0
BRDA:40,2,0,0
BRDA:40,2,1,0
BRF:7
BRH:0
end_of_record
TN:
SF:src\features\support\ReportBugForm.jsx
FN:10,(anonymous_0)
FN:30,(anonymous_1)
FN:32,(anonymous_2)
FN:53,(anonymous_3)
FN:54,(anonymous_4)
FN:54,(anonymous_5)
FN:55,(anonymous_6)
FN:56,(anonymous_7)
FN:57,(anonymous_8)
FN:58,(anonymous_9)
FN:59,(anonymous_10)
FN:60,(anonymous_11)
FN:61,(anonymous_12)
FN:62,(anonymous_13)
FNF:14
FNH:0
FNDA:0,(anonymous_0)
FNDA:0,(anonymous_1)
FNDA:0,(anonymous_2)
FNDA:0,(anonymous_3)
FNDA:0,(anonymous_4)
FNDA:0,(anonymous_5)
FNDA:0,(anonymous_6)
FNDA:0,(anonymous_7)
FNDA:0,(anonymous_8)
FNDA:0,(anonymous_9)
FNDA:0,(anonymous_10)
FNDA:0,(anonymous_11)
FNDA:0,(anonymous_12)
FNDA:0,(anonymous_13)
DA:10,0
DA:11,0
DA:12,0
DA:13,0
DA:14,0
DA:15,0
DA:16,0
DA:17,0
DA:30,0
DA:32,0
DA:33,0
DA:34,0
DA:35,0
DA:36,0
DA:38,0
DA:42,0
DA:53,0
DA:54,0
DA:55,0
DA:56,0
DA:57,0
DA:58,0
DA:59,0
DA:60,0
DA:61,0
DA:62,0
LF:26
LH:0
BRDA:30,0,0,0
BRDA:30,0,1,0
BRDA:30,0,2,0
BRDA:30,0,3,0
BRDA:35,1,0,0
BRDA:35,1,1,0
BRDA:49,2,0,0
BRDA:49,2,1,0
BRDA:71,3,0,0
BRDA:71,3,1,0
BRF:10
BRH:0
end_of_record
TN:
SF:src\features\support\ScheduleMeetingForm.jsx
FN:8,(anonymous_0)
FN:14,(anonymous_1)
FN:28,(anonymous_2)
FN:30,(anonymous_3)
FN:51,(anonymous_4)
FN:52,(anonymous_5)
FN:53,(anonymous_6)
FN:53,(anonymous_7)
FN:54,(anonymous_8)
FN:55,(anonymous_9)
FN:55,(anonymous_10)
FN:56,(anonymous_11)
FN:57,(anonymous_12)
FN:58,(anonymous_13)
FN:58,(anonymous_14)
FNF:15
FNH:0
FNDA:0,(anonymous_0)
FNDA:0,(anonymous_1)
FNDA:0,(anonymous_2)
FNDA:0,(anonymous_3)
FNDA:0,(anonymous_4)
FNDA:0,(anonymous_5)
FNDA:0,(anonymous_6)
FNDA:0,(anonymous_7)
FNDA:0,(anonymous_8)
FNDA:0,(anonymous_9)
FNDA:0,(anonymous_10)
FNDA:0,(anonymous_11)
FNDA:0,(anonymous_12)
FNDA:0,(anonymous_13)
FNDA:0,(anonymous_14)
DA:8,0
DA:9,0
DA:10,0
DA:11,0
DA:14,0
DA:15,0
DA:16,0
DA:17,0
DA:18,0
DA:28,0
DA:30,0
DA:31,0
DA:32,0
DA:33,0
DA:34,0
DA:36,0
DA:40,0
DA:51,0
DA:52,0
DA:53,0
DA:54,0
DA:55,0
DA:56,0
DA:57,0
DA:58,0
LF:25
LH:0
BRDA:25,0,0,0
BRDA:25,0,1,0
BRDA:28,1,0,0
BRDA:28,1,1,0
BRDA:28,1,2,0
BRDA:28,1,3,0
BRDA:28,1,4,0
BRDA:47,2,0,0
BRDA:47,2,1,0
BRDA:62,3,0,0
BRDA:62,3,1,0
BRF:11
BRH:0
end_of_record
TN:
SF:src\features\support\SupportCategoryCard.jsx
FN:4,(anonymous_0)
FNF:1
FNH:0
FNDA:0,(anonymous_0)
DA:4,0
DA:5,0
LF:2
LH:0
BRF:0
BRH:0
end_of_record
TN:
SF:src\features\support\SupportHub.jsx
FN:8,(anonymous_0)
FN:24,(anonymous_1)
FN:25,(anonymous_2)
FN:26,(anonymous_3)
FNF:4
FNH:0
FNDA:0,(anonymous_0)
FNDA:0,(anonymous_1)
FNDA:0,(anonymous_2)
FNDA:0,(anonymous_3)
DA:8,0
DA:9,0
DA:10,0
DA:11,0
DA:24,0
DA:25,0
DA:26,0
LF:7
LH:0
BRF:0
BRH:0
end_of_record
TN:
SF:src\features\support\SupportProvider.jsx
FN:3,(anonymous_0)
FN:4,(anonymous_1)
FN:5,(anonymous_2)
FN:6,(anonymous_3)
FN:7,(anonymous_4)
FN:11,(anonymous_5)
FN:18,(anonymous_6)
FN:24,(anonymous_7)
FN:25,(anonymous_8)
FN:26,(anonymous_9)
FN:31,(anonymous_10)
FN:36,(anonymous_11)
FN:37,(anonymous_12)
FN:47,(anonymous_13)
FN:50,(anonymous_14)
FN:53,(anonymous_15)
FN:61,(anonymous_16)
FNF:17
FNH:0
FNDA:0,(anonymous_0)
FNDA:0,(anonymous_1)
FNDA:0,(anonymous_2)
FNDA:0,(anonymous_3)
FNDA:0,(anonymous_4)
FNDA:0,(anonymous_5)
FNDA:0,(anonymous_6)
FNDA:0,(anonymous_7)
FNDA:0,(anonymous_8)
FNDA:0,(anonymous_9)
FNDA:0,(anonymous_10)
FNDA:0,(anonymous_11)
FNDA:0,(anonymous_12)
FNDA:0,(anonymous_13)
FNDA:0,(anonymous_14)
FNDA:0,(anonymous_15)
FNDA:0,(anonymous_16)
DA:3,0
DA:4,0
DA:5,0
DA:6,0
DA:7,0
DA:9,0
DA:11,0
DA:12,0
DA:13,0
DA:14,0
DA:15,0
DA:16,0
DA:18,0
DA:24,0
DA:25,0
DA:27,0
DA:28,0
DA:29,0
DA:32,0
DA:33,0
DA:34,0
DA:36,0
DA:37,0
DA:41,0
DA:47,0
DA:50,0
DA:53,0
DA:61,0
DA:62,0
DA:63,0
DA:64,0
LF:31
LH:0
BRDA:45,0,0,0
BRDA:45,0,1,0
BRDA:46,1,0,0
BRDA:46,1,1,0
BRDA:46,1,2,0
BRDA:49,2,0,0
BRDA:49,2,1,0
BRDA:49,2,2,0
BRDA:52,3,0,0
BRDA:52,3,1,0
BRDA:52,3,2,0
BRDA:55,4,0,0
BRDA:55,4,1,0
BRDA:63,5,0,0
BRDA:63,5,1,0
BRF:15
BRH:0
end_of_record
TN:
SF:src\features\support\SupportRequestHistory.jsx
FN:8,(anonymous_0)
FN:12,(anonymous_1)
FN:15,(anonymous_2)
FN:15,(anonymous_3)
FN:18,(anonymous_4)
FN:19,(anonymous_5)
FN:24,(anonymous_6)
FNF:7
FNH:0
FNDA:0,(anonymous_0)
FNDA:0,(anonymous_1)
FNDA:0,(anonymous_2)
FNDA:0,(anonymous_3)
FNDA:0,(anonymous_4)
FNDA:0,(anonymous_5)
FNDA:0,(anonymous_6)
DA:6,0
DA:8,0
DA:9,0
DA:10,0
DA:11,0
DA:12,0
DA:13,0
DA:14,0
DA:15,0
DA:18,0
DA:19,0
DA:20,0
DA:21,0
DA:22,0
DA:25,0
DA:35,0
LF:16
LH:0
BRDA:13,0,0,0
BRDA:13,0,1,0
BRDA:15,1,0,0
BRDA:15,1,1,0
BRDA:19,2,0,0
BRDA:19,2,1,0
BRDA:19,3,0,0
BRDA:19,3,1,0
BRDA:20,4,0,0
BRDA:20,4,1,0
BRDA:21,5,0,0
BRDA:21,5,1,0
BRDA:28,6,0,0
BRDA:28,6,1,0
BRF:14
BRH:0
end_of_record
TN:
SF:src\features\support\SupportSuccessScreen.jsx
FN:9,(anonymous_0)
FNF:1
FNH:0
FNDA:0,(anonymous_0)
DA:7,0
DA:9,0
DA:10,0
DA:12,0
DA:17,0
LF:5
LH:0
BRDA:12,0,0,0
BRDA:12,0,1,0
BRDA:14,1,0,0
BRDA:14,1,1,0
BRDA:26,2,0,0
BRDA:26,2,1,0
BRF:6
BRH:0
end_of_record
TN:
SF:src\features\support\index.js
FNF:0
FNH:0
LF:0
LH:0
BRF:0
BRH:0
end_of_record
TN:
SF:src\features\support\supportConstants.js
FNF:0
FNH:0
DA:1,0
DA:7,0
DA:8,0
DA:9,0
DA:10,0
LF:5
LH:0
BRF:0
BRH:0
end_of_record
TN:
SF:src\features\support\supportService.js
FN:4,(anonymous_0)
FN:5,(anonymous_1)
FN:6,(anonymous_2)
FN:7,(anonymous_3)
FN:9,(anonymous_4)
FNF:5
FNH:0
FNDA:0,(anonymous_0)
FNDA:0,(anonymous_1)
FNDA:0,(anonymous_2)
FNDA:0,(anonymous_3)
FNDA:0,(anonymous_4)
DA:3,0
DA:4,0
DA:5,0
DA:6,0
DA:8,0
DA:9,0
LF:6
LH:0
BRDA:7,0,0,0
BRDA:7,1,0,0
BRDA:7,2,0,0
BRDA:8,3,0,0
BRDA:8,3,1,0
BRF:5
BRH:0
end_of_record
TN:
SF:src\features\support\useDeviceInfo.js
FN:3,(anonymous_0)
FN:4,(anonymous_1)
FNF:2
FNH:0
FNDA:0,(anonymous_0)
FNDA:0,(anonymous_1)
DA:3,0
DA:4,0
DA:5,0
DA:6,0
DA:7,0
DA:8,0
DA:9,0
DA:10,0
DA:12,0
DA:13,0
DA:14,0
DA:15,0
DA:16,0
DA:17,0
DA:19,0
LF:15
LH:0
BRDA:5,0,0,0
BRDA:5,0,1,0
BRDA:7,1,0,0
BRDA:7,1,1,0
BRDA:7,2,0,0
BRDA:7,2,1,0
BRDA:7,3,0,0
BRDA:7,3,1,0
BRDA:8,4,0,0
BRDA:8,4,1,0
BRDA:8,5,0,0
BRDA:8,5,1,0
BRDA:9,6,0,0
BRDA:9,6,1,0
BRDA:9,7,0,0
BRDA:9,7,1,0
BRDA:9,8,0,0
BRDA:9,8,1,0
BRDA:10,9,0,0
BRDA:10,9,1,0
BRDA:10,10,0,0
BRDA:10,10,1,0
BRDA:13,11,0,0
BRDA:13,11,1,0
BRDA:14,12,0,0
BRDA:14,12,1,0
BRDA:15,13,0,0
BRDA:15,13,1,0
BRDA:16,14,0,0
BRDA:16,14,1,0
BRDA:17,15,0,0
BRDA:17,15,1,0
BRDA:22,16,0,0
BRDA:22,16,1,0
BRF:34
BRH:0
end_of_record
TN:
SF:src\features\support\useReproductionBundle.js
FN:13,(anonymous_0)
FN:18,(anonymous_1)
FN:31,(anonymous_2)
FN:39,(anonymous_3)
FN:48,(anonymous_4)
FN:53,(anonymous_5)
FN:64,(anonymous_6)
FN:74,(anonymous_7)
FN:79,(anonymous_8)
FN:80,(anonymous_9)
FN:82,(anonymous_10)
FN:88,(anonymous_11)
FNF:12
FNH:0
FNDA:0,(anonymous_0)
FNDA:0,(anonymous_1)
FNDA:0,(anonymous_2)
FNDA:0,(anonymous_3)
FNDA:0,(anonymous_4)
FNDA:0,(anonymous_5)
FNDA:0,(anonymous_6)
FNDA:0,(anonymous_7)
FNDA:0,(anonymous_8)
FNDA:0,(anonymous_9)
FNDA:0,(anonymous_10)
FNDA:0,(anonymous_11)
DA:4,0
DA:5,0
DA:6,0
DA:8,0
DA:9,0
DA:10,0
DA:11,0
DA:13,0
DA:14,0
DA:15,0
DA:18,0
DA:19,0
DA:20,0
DA:21,0
DA:22,0
DA:23,0
DA:25,0
DA:27,0
DA:31,0
DA:32,0
DA:33,0
DA:34,0
DA:35,0
DA:36,0
DA:39,0
DA:40,0
DA:41,0
DA:42,0
DA:43,0
DA:44,0
DA:45,0
DA:48,0
DA:49,0
DA:50,0
DA:52,0
DA:53,0
DA:54,0
DA:59,0
DA:60,0
DA:63,0
DA:64,0
DA:65,0
DA:70,0
DA:71,0
DA:74,0
DA:75,0
DA:79,0
DA:80,0
DA:81,0
DA:82,0
DA:83,0
DA:84,0
DA:88,0
DA:89,0
DA:90,0
DA:114,0
LF:56
LH:0
BRDA:15,0,0,0
BRDA:15,0,1,0
BRDA:21,1,0,0
BRDA:21,1,1,0
BRDA:32,2,0,0
BRDA:32,2,1,0
BRDA:32,3,0,0
BRDA:32,3,1,0
BRDA:33,4,0,0
BRDA:33,4,1,0
BRDA:33,5,0,0
BRDA:33,5,1,0
BRDA:33,6,0,0
BRDA:33,6,1,0
BRDA:34,7,0,0
BRDA:34,7,1,0
BRDA:34,8,0,0
BRDA:34,8,1,0
BRDA:35,9,0,0
BRDA:35,9,1,0
BRDA:35,10,0,0
BRDA:35,10,1,0
BRDA:40,11,0,0
BRDA:40,11,1,0
BRDA:41,12,0,0
BRDA:41,12,1,0
BRDA:42,13,0,0
BRDA:42,13,1,0
BRDA:43,14,0,0
BRDA:43,14,1,0
BRDA:44,15,0,0
BRDA:44,15,1,0
BRDA:49,16,0,0
BRDA:49,16,1,0
BRDA:49,17,0,0
BRDA:49,17,1,0
BRDA:56,18,0,0
BRDA:56,18,1,0
BRDA:56,19,0,0
BRDA:56,19,1,0
BRDA:56,20,0,0
BRDA:56,20,1,0
BRDA:56,21,0,0
BRDA:56,21,1,0
BRDA:59,22,0,0
BRDA:59,22,1,0
BRDA:67,23,0,0
BRDA:67,23,1,0
BRDA:67,23,2,0
BRDA:70,24,0,0
BRDA:70,24,1,0
BRDA:83,25,0,0
BRDA:83,25,1,0
BRDA:89,26,0,0
BRDA:89,26,1,0
BRDA:99,27,0,0
BRDA:99,27,1,0
BRDA:100,28,0,0
BRDA:100,28,1,0
BRDA:101,29,0,0
BRDA:101,29,1,0
BRDA:103,30,0,0
BRDA:103,30,1,0
BRDA:104,31,0,0
BRDA:104,31,1,0
BRDA:105,32,0,0
BRDA:105,32,1,0
BRDA:105,32,2,0
BRF:68
BRH:0
end_of_record
TN:
SF:src\hooks\useChallenge.js
FN:4,useChallenge
FN:15,(anonymous_1)
FN:16,(anonymous_2)
FN:19,(anonymous_3)
FN:22,(anonymous_4)
FN:34,(anonymous_5)
FN:35,(anonymous_6)
FN:44,(anonymous_7)
FN:49,(anonymous_8)
FNF:9
FNH:9
FNDA:5,useChallenge
FNDA:2,(anonymous_1)
FNDA:1,(anonymous_2)
FNDA:2,(anonymous_3)
FNDA:1,(anonymous_4)
FNDA:1,(anonymous_5)
FNDA:1,(anonymous_6)
FNDA:1,(anonymous_7)
FNDA:1,(anonymous_8)
DA:5,5
DA:6,5
DA:7,5
DA:8,5
DA:9,5
DA:10,5
DA:11,5
DA:12,5
DA:13,5
DA:15,5
DA:16,2
DA:17,1
DA:19,2
DA:22,5
DA:23,1
DA:24,1
DA:25,1
DA:33,1
DA:34,1
DA:35,1
DA:38,0
DA:40,1
DA:44,5
DA:45,1
DA:46,1
DA:47,1
DA:48,1
DA:49,1
DA:52,0
DA:57,5
DA:61,5
LF:31
LH:29
BRDA:34,0,0,1
BRDA:34,0,1,0
BRDA:47,1,0,1
BRDA:47,1,1,0
BRDA:47,2,0,1
BRDA:47,2,1,1
BRDA:57,3,0,5
BRDA:57,3,1,4
BRDA:57,3,2,1
BRDA:57,3,3,4
BRDA:57,3,4,1
BRDA:57,3,5,0
BRDA:57,3,6,4
BRDA:57,3,7,0
BRDA:57,3,8,0
BRF:15
BRH:10
end_of_record
TN:
SF:src\i18n\index.js
FN:5,(anonymous_0)
FN:6,(anonymous_1)
FN:30,(anonymous_2)
FN:38,getAcceptLanguageHeader
FNF:4
FNH:3
FNDA:6,(anonymous_0)
FNDA:1,(anonymous_1)
FNDA:0,(anonymous_2)
FNDA:5,getAcceptLanguageHeader
DA:5,6
DA:6,1
DA:7,1
DA:8,1
DA:9,1
DA:12,1
DA:30,1
DA:31,0
DA:32,0
DA:33,0
DA:34,0
DA:39,5
LF:12
LH:8
BRDA:5,0,0,0
BRDA:5,0,1,6
BRDA:5,1,0,6
BRDA:5,1,1,1
BRDA:7,2,0,0
BRDA:7,2,1,1
BRDA:9,3,0,1
BRDA:9,3,1,1
BRDA:9,3,2,0
BRDA:32,4,0,0
BRDA:32,4,1,0
BRDA:33,5,0,0
BRDA:33,5,1,0
BRF:13
BRH:6
end_of_record
TN:
SF:src\layout\AdminLayout.jsx
FN:7,(anonymous_0)
FN:10,(anonymous_1)
FN:10,(anonymous_2)
FN:11,(anonymous_3)
FNF:4
FNH:0
FNDA:0,(anonymous_0)
FNDA:0,(anonymous_1)
FNDA:0,(anonymous_2)
FNDA:0,(anonymous_3)
DA:7,0
DA:8,0
DA:10,0
DA:11,0
DA:13,0
LF:5
LH:0
BRDA:31,0,0,0
BRDA:31,0,1,0
BRF:2
BRH:0
end_of_record
TN:
SF:src\layout\AuthLayout.jsx
FN:9,(anonymous_0)
FN:46,(anonymous_1)
FN:47,(anonymous_2)
FN:48,(anonymous_3)
FN:56,(anonymous_4)
FN:57,(anonymous_5)
FN:58,(anonymous_6)
FN:65,(anonymous_7)
FN:66,(anonymous_8)
FN:67,(anonymous_9)
FNF:10
FNH:0
FNDA:0,(anonymous_0)
FNDA:0,(anonymous_1)
FNDA:0,(anonymous_2)
FNDA:0,(anonymous_3)
FNDA:0,(anonymous_4)
FNDA:0,(anonymous_5)
FNDA:0,(anonymous_6)
FNDA:0,(anonymous_7)
FNDA:0,(anonymous_8)
FNDA:0,(anonymous_9)
DA:9,0
DA:10,0
DA:11,0
DA:12,0
DA:13,0
DA:14,0
DA:15,0
DA:16,0
DA:17,0
DA:19,0
DA:46,0
DA:47,0
DA:48,0
DA:56,0
DA:57,0
DA:58,0
DA:65,0
DA:66,0
DA:67,0
LF:19
LH:0
BRDA:9,0,0,0
BRDA:54,1,0,0
BRDA:54,1,1,0
BRDA:54,2,0,0
BRDA:54,2,1,0
BRDA:55,3,0,0
BRDA:55,3,1,0
BRDA:59,4,0,0
BRDA:59,4,1,0
BRDA:63,5,0,0
BRDA:63,5,1,0
BRDA:63,6,0,0
BRDA:63,6,1,0
BRDA:64,7,0,0
BRDA:64,7,1,0
BRDA:68,8,0,0
BRDA:68,8,1,0
BRF:17
BRH:0
end_of_record
TN:
SF:src\layout\PublicLayout.jsx
FN:10,(anonymous_0)
FN:12,(anonymous_1)
FN:14,(anonymous_2)
FN:16,(anonymous_3)
FN:20,(anonymous_4)
FN:32,(anonymous_5)
FNF:6
FNH:0
FNDA:0,(anonymous_0)
FNDA:0,(anonymous_1)
FNDA:0,(anonymous_2)
FNDA:0,(anonymous_3)
FNDA:0,(anonymous_4)
FNDA:0,(anonymous_5)
DA:10,0
DA:12,0
DA:13,0
DA:14,0
DA:15,0
DA:16,0
DA:17,0
DA:20,0
DA:21,0
DA:22,0
DA:23,0
DA:25,0
DA:29,0
DA:32,0
DA:33,0
DA:34,0
DA:36,0
LF:17
LH:0
BRDA:12,0,0,0
BRDA:16,1,0,0
BRDA:16,1,1,0
BRDA:17,2,0,0
BRDA:17,2,1,0
BRDA:17,3,0,0
BRDA:17,3,1,0
BRDA:22,4,0,0
BRDA:22,4,1,0
BRDA:22,5,0,0
BRDA:22,5,1,0
BRDA:22,5,2,0
BRDA:43,6,0,0
BRDA:43,6,1,0
BRF:14
BRH:0
end_of_record
TN:
SF:src\pages\MaintenancePage.jsx
FN:4,(anonymous_0)
FN:8,(anonymous_1)
FN:9,(anonymous_2)
FN:10,(anonymous_3)
FN:12,(anonymous_4)
FN:109,(anonymous_5)
FNF:6
FNH:0
FNDA:0,(anonymous_0)
FNDA:0,(anonymous_1)
FNDA:0,(anonymous_2)
FNDA:0,(anonymous_3)
FNDA:0,(anonymous_4)
FNDA:0,(anonymous_5)
DA:4,0
DA:5,0
DA:6,0
DA:8,0
DA:9,0
DA:10,0
DA:12,0
DA:15,0
DA:109,0
DA:110,0
DA:125,0
LF:11
LH:0
BRDA:10,0,0,0
BRDA:10,0,1,0
BRF:2
BRH:0
end_of_record
TN:
SF:src\pages\NotFoundPage.jsx
FN:6,(anonymous_0)
FN:53,(anonymous_1)
FN:60,(anonymous_2)
FNF:3
FNH:0
FNDA:0,(anonymous_0)
FNDA:0,(anonymous_1)
FNDA:0,(anonymous_2)
DA:6,0
DA:7,0
DA:8,0
DA:9,0
DA:11,0
DA:12,0
DA:14,0
DA:18,0
DA:22,0
DA:53,0
DA:60,0
LF:11
LH:0
BRDA:11,0,0,0
BRDA:11,0,1,0
BRDA:12,1,0,0
BRDA:12,1,1,0
BRDA:14,2,0,0
BRDA:14,2,1,0
BRDA:18,3,0,0
BRDA:18,3,1,0
BRF:8
BRH:0
end_of_record
TN:
SF:src\pages\Backoffice\AIAgents.jsx
FN:5,(anonymous_0)
FN:18,(anonymous_1)
FN:71,(anonymous_2)
FN:89,(anonymous_3)
FN:110,(anonymous_4)
FN:126,(anonymous_5)
FN:142,(anonymous_6)
FN:189,(anonymous_7)
FN:214,(anonymous_8)
FN:216,(anonymous_9)
FN:255,(anonymous_10)
FN:261,(anonymous_11)
FN:270,(anonymous_12)
FN:303,(anonymous_13)
FN:318,(anonymous_14)
FN:335,(anonymous_15)
FNF:16
FNH:0
FNDA:0,(anonymous_0)
FNDA:0,(anonymous_1)
FNDA:0,(anonymous_2)
FNDA:0,(anonymous_3)
FNDA:0,(anonymous_4)
FNDA:0,(anonymous_5)
FNDA:0,(anonymous_6)
FNDA:0,(anonymous_7)
FNDA:0,(anonymous_8)
FNDA:0,(anonymous_9)
FNDA:0,(anonymous_10)
FNDA:0,(anonymous_11)
FNDA:0,(anonymous_12)
FNDA:0,(anonymous_13)
FNDA:0,(anonymous_14)
FNDA:0,(anonymous_15)
DA:5,0
DA:6,0
DA:18,0
DA:19,0
DA:71,0
DA:72,0
DA:78,0
DA:79,0
DA:89,0
DA:90,0
DA:92,0
DA:93,0
DA:94,0
DA:95,0
DA:96,0
DA:98,0
DA:99,0
DA:100,0
DA:101,0
DA:102,0
DA:104,0
DA:105,0
DA:106,0
DA:107,0
DA:108,0
DA:110,0
DA:111,0
DA:112,0
DA:113,0
DA:114,0
DA:118,0
DA:120,0
DA:122,0
DA:126,0
DA:127,0
DA:128,0
DA:129,0
DA:130,0
DA:134,0
DA:136,0
DA:138,0
DA:142,0
DA:143,0
DA:144,0
DA:145,0
DA:146,0
DA:150,0
DA:152,0
DA:154,0
DA:158,0
DA:190,0
DA:214,0
DA:216,0
DA:255,0
DA:261,0
DA:271,0
DA:303,0
DA:318,0
DA:336,0
LF:59
LH:0
BRDA:45,0,0,0
BRDA:45,0,1,0
BRDA:51,1,0,0
BRDA:51,1,1,0
BRDA:60,2,0,0
BRDA:60,2,1,0
BRDA:71,3,0,0
BRDA:78,4,0,0
BRDA:78,4,1,0
BRDA:120,5,0,0
BRDA:120,5,1,0
BRDA:136,6,0,0
BRDA:136,6,1,0
BRDA:152,7,0,0
BRDA:152,7,1,0
BRDA:210,8,0,0
BRDA:210,8,1,0
BRDA:214,9,0,0
BRDA:214,9,1,0
BRDA:216,10,0,0
BRDA:216,10,1,0
BRDA:219,11,0,0
BRDA:219,11,1,0
BRDA:220,12,0,0
BRDA:220,12,1,0
BRDA:225,13,0,0
BRDA:225,13,1,0
BRDA:229,14,0,0
BRDA:229,14,1,0
BRDA:233,15,0,0
BRDA:233,15,1,0
BRDA:237,16,0,0
BRDA:237,16,1,0
BRDA:251,17,0,0
BRDA:251,17,1,0
BRDA:261,18,0,0
BRDA:261,18,1,0
BRDA:264,19,0,0
BRDA:264,19,1,0
BRDA:264,20,0,0
BRDA:264,20,1,0
BRDA:265,21,0,0
BRDA:265,21,1,0
BRDA:266,22,0,0
BRDA:266,22,1,0
BRDA:267,23,0,0
BRDA:267,23,1,0
BRDA:270,24,0,0
BRDA:270,24,1,0
BRDA:277,25,0,0
BRDA:277,25,1,0
BRDA:303,26,0,0
BRDA:303,26,1,0
BRDA:318,27,0,0
BRDA:318,27,1,0
BRDA:327,28,0,0
BRDA:327,28,1,0
BRDA:330,29,0,0
BRDA:330,29,1,0
BRDA:331,30,0,0
BRDA:331,30,1,0
BRDA:332,31,0,0
BRDA:332,31,1,0
BRDA:335,32,0,0
BRDA:335,32,1,0
BRF:65
BRH:0
end_of_record
TN:
SF:src\pages\Backoffice\AILogs.jsx
FN:4,(anonymous_0)
FN:108,(anonymous_1)
FN:134,(anonymous_2)
FNF:3
FNH:0
FNDA:0,(anonymous_0)
FNDA:0,(anonymous_1)
FNDA:0,(anonymous_2)
DA:4,0
DA:5,0
DA:6,0
DA:108,0
DA:109,0
DA:116,0
DA:134,0
DA:135,0
DA:136,0
DA:142,0
DA:148,0
DA:154,0
DA:160,0
LF:13
LH:0
BRDA:121,0,0,0
BRDA:121,0,1,0
BRDA:122,1,0,0
BRDA:122,1,1,0
BRDA:123,2,0,0
BRDA:123,2,1,0
BRDA:124,3,0,0
BRDA:124,3,1,0
BRDA:134,4,0,0
BRDA:164,5,0,0
BRDA:164,5,1,0
BRF:11
BRH:0
end_of_record
TN:
SF:src\pages\Backoffice\ActivityLogs.jsx
FN:50,(anonymous_0)
FN:125,(anonymous_1)
FN:126,(anonymous_2)
FN:127,(anonymous_3)
FN:133,(anonymous_4)
FN:133,(anonymous_5)
FN:137,(anonymous_6)
FN:139,(anonymous_7)
FN:153,getTimeAgo
FN:170,(anonymous_9)
FN:238,(anonymous_10)
FN:249,(anonymous_11)
FN:262,(anonymous_12)
FN:283,(anonymous_13)
FN:294,(anonymous_14)
FN:305,(anonymous_15)
FN:321,(anonymous_16)
FN:335,(anonymous_17)
FN:360,(anonymous_18)
FN:379,(anonymous_19)
FN:402,(anonymous_20)
FN:411,(anonymous_21)
FN:412,(anonymous_22)
FN:413,(anonymous_23)
FN:415,(anonymous_24)
FN:420,(anonymous_25)
FN:433,(anonymous_26)
FN:438,(anonymous_27)
FN:451,(anonymous_28)
FN:473,(anonymous_29)
FN:503,(anonymous_30)
FN:508,(anonymous_31)
FN:509,(anonymous_32)
FN:512,(anonymous_33)
FN:513,(anonymous_34)
FN:516,(anonymous_35)
FN:517,(anonymous_36)
FN:523,(anonymous_37)
FN:531,(anonymous_38)
FN:554,(anonymous_39)
FN:559,(anonymous_40)
FN:580,(anonymous_41)
FN:618,(anonymous_42)
FN:626,(anonymous_43)
FN:646,(anonymous_44)
FN:646,(anonymous_45)
FN:649,(anonymous_46)
FN:650,(anonymous_47)
FN:654,(anonymous_48)
FN:654,(anonymous_49)
FN:667,(anonymous_50)
FNF:51
FNH:0
FNDA:0,(anonymous_0)
FNDA:0,(anonymous_1)
FNDA:0,(anonymous_2)
FNDA:0,(anonymous_3)
FNDA:0,(anonymous_4)
FNDA:0,(anonymous_5)
FNDA:0,(anonymous_6)
FNDA:0,(anonymous_7)
FNDA:0,getTimeAgo
FNDA:0,(anonymous_9)
FNDA:0,(anonymous_10)
FNDA:0,(anonymous_11)
FNDA:0,(anonymous_12)
FNDA:0,(anonymous_13)
FNDA:0,(anonymous_14)
FNDA:0,(anonymous_15)
FNDA:0,(anonymous_16)
FNDA:0,(anonymous_17)
FNDA:0,(anonymous_18)
FNDA:0,(anonymous_19)
FNDA:0,(anonymous_20)
FNDA:0,(anonymous_21)
FNDA:0,(anonymous_22)
FNDA:0,(anonymous_23)
FNDA:0,(anonymous_24)
FNDA:0,(anonymous_25)
FNDA:0,(anonymous_26)
FNDA:0,(anonymous_27)
FNDA:0,(anonymous_28)
FNDA:0,(anonymous_29)
FNDA:0,(anonymous_30)
FNDA:0,(anonymous_31)
FNDA:0,(anonymous_32)
FNDA:0,(anonymous_33)
FNDA:0,(anonymous_34)
FNDA:0,(anonymous_35)
FNDA:0,(anonymous_36)
FNDA:0,(anonymous_37)
FNDA:0,(anonymous_38)
FNDA:0,(anonymous_39)
FNDA:0,(anonymous_40)
FNDA:0,(anonymous_41)
FNDA:0,(anonymous_42)
FNDA:0,(anonymous_43)
FNDA:0,(anonymous_44)
FNDA:0,(anonymous_45)
FNDA:0,(anonymous_46)
FNDA:0,(anonymous_47)
FNDA:0,(anonymous_48)
FNDA:0,(anonymous_49)
FNDA:0,(anonymous_50)
DA:41,0
DA:50,0
DA:58,0
DA:97,0
DA:99,0
DA:106,0
DA:116,0
DA:124,0
DA:125,0
DA:126,0
DA:127,0
DA:133,0
DA:137,0
DA:139,0
DA:140,0
DA:141,0
DA:143,0
DA:154,0
DA:155,0
DA:156,0
DA:157,0
DA:159,0
DA:160,0
DA:161,0
DA:162,0
DA:163,0
DA:164,0
DA:165,0
DA:168,0
DA:170,0
DA:171,0
DA:172,0
DA:173,0
DA:174,0
DA:175,0
DA:176,0
DA:177,0
DA:178,0
DA:180,0
DA:239,0
DA:240,0
DA:250,0
DA:251,0
DA:263,0
DA:264,0
DA:284,0
DA:295,0
DA:306,0
DA:321,0
DA:322,0
DA:323,0
DA:324,0
DA:325,0
DA:327,0
DA:335,0
DA:360,0
DA:361,0
DA:362,0
DA:363,0
DA:364,0
DA:365,0
DA:366,0
DA:367,0
DA:369,0
DA:370,0
DA:371,0
DA:372,0
DA:373,0
DA:375,0
DA:376,0
DA:377,0
DA:379,0
DA:380,0
DA:381,0
DA:382,0
DA:391,0
DA:392,0
DA:393,0
DA:395,0
DA:396,0
DA:398,0
DA:402,0
DA:403,0
DA:404,0
DA:405,0
DA:411,0
DA:412,0
DA:413,0
DA:415,0
DA:416,0
DA:421,0
DA:422,0
DA:423,0
DA:424,0
DA:426,0
DA:428,0
DA:433,0
DA:434,0
DA:439,0
DA:440,0
DA:441,0
DA:442,0
DA:444,0
DA:446,0
DA:451,0
DA:452,0
DA:453,0
DA:454,0
DA:455,0
DA:456,0
DA:457,0
DA:460,0
DA:474,0
DA:476,0
DA:503,0
DA:508,0
DA:509,0
DA:512,0
DA:513,0
DA:516,0
DA:517,0
DA:523,0
DA:531,0
DA:555,0
DA:559,0
DA:581,0
DA:582,0
DA:583,0
DA:584,0
DA:585,0
DA:587,0
DA:618,0
DA:626,0
DA:646,0
DA:650,0
DA:654,0
DA:667,0
LF:137
LH:0
BRDA:125,0,0,0
BRDA:125,0,1,0
BRDA:126,1,0,0
BRDA:126,1,1,0
BRDA:127,2,0,0
BRDA:127,2,1,0
BRDA:133,3,0,0
BRDA:133,3,1,0
BRDA:133,4,0,0
BRDA:133,4,1,0
BRDA:137,5,0,0
BRDA:137,6,0,0
BRDA:137,6,1,0
BRDA:139,7,0,0
BRDA:139,8,0,0
BRDA:139,9,0,0
BRDA:159,10,0,0
BRDA:159,10,1,0
BRDA:160,11,0,0
BRDA:160,11,1,0
BRDA:162,12,0,0
BRDA:162,12,1,0
BRDA:164,13,0,0
BRDA:164,13,1,0
BRDA:172,14,0,0
BRDA:172,14,1,0
BRDA:173,15,0,0
BRDA:173,15,1,0
BRDA:175,16,0,0
BRDA:175,16,1,0
BRDA:176,17,0,0
BRDA:176,17,1,0
BRDA:177,18,0,0
BRDA:177,18,1,0
BRDA:178,19,0,0
BRDA:178,19,1,0
BRDA:219,20,0,0
BRDA:219,20,1,0
BRDA:233,21,0,0
BRDA:233,21,1,0
BRDA:244,22,0,0
BRDA:244,22,1,0
BRDA:267,23,0,0
BRDA:267,23,1,0
BRDA:269,24,0,0
BRDA:269,24,1,0
BRDA:274,25,0,0
BRDA:274,25,1,0
BRDA:274,25,2,0
BRDA:274,25,3,0
BRDA:274,25,4,0
BRDA:274,25,5,0
BRDA:280,26,0,0
BRDA:280,26,1,0
BRDA:291,27,0,0
BRDA:291,27,1,0
BRDA:302,28,0,0
BRDA:302,28,1,0
BRDA:302,28,2,0
BRDA:321,29,0,0
BRDA:324,30,0,0
BRDA:324,30,1,0
BRDA:325,31,0,0
BRDA:325,31,1,0
BRDA:349,32,0,0
BRDA:349,32,1,0
BRDA:350,33,0,0
BRDA:350,33,1,0
BRDA:351,34,0,0
BRDA:351,34,1,0
BRDA:385,35,0,0
BRDA:385,35,1,0
BRDA:386,36,0,0
BRDA:386,36,1,0
BRDA:387,37,0,0
BRDA:387,37,1,0
BRDA:388,38,0,0
BRDA:388,38,1,0
BRDA:389,39,0,0
BRDA:389,39,1,0
BRDA:391,40,0,0
BRDA:391,40,1,0
BRDA:392,41,0,0
BRDA:392,41,1,0
BRDA:393,42,0,0
BRDA:393,42,1,0
BRDA:426,43,0,0
BRDA:426,43,1,0
BRDA:444,44,0,0
BRDA:444,44,1,0
BRDA:455,45,0,0
BRDA:455,45,1,0
BRDA:471,46,0,0
BRDA:471,46,1,0
BRDA:521,47,0,0
BRDA:521,47,1,0
BRDA:522,48,0,0
BRDA:522,48,1,0
BRDA:529,49,0,0
BRDA:529,49,1,0
BRDA:530,50,0,0
BRDA:530,50,1,0
BRDA:540,51,0,0
BRDA:540,51,1,0
BRDA:544,52,0,0
BRDA:544,52,1,0
BRDA:552,53,0,0
BRDA:552,53,1,0
BRDA:559,54,0,0
BRDA:559,54,1,0
BRDA:581,55,0,0
BRDA:581,55,1,0
BRDA:582,56,0,0
BRDA:582,56,1,0
BRDA:583,57,0,0
BRDA:583,57,1,0
BRDA:584,58,0,0
BRDA:584,58,1,0
BRDA:585,59,0,0
BRDA:585,59,1,0
BRDA:604,60,0,0
BRDA:604,60,1,0
BRDA:613,61,0,0
BRDA:613,61,1,0
BRDA:621,62,0,0
BRDA:621,62,1,0
BRDA:640,63,0,0
BRDA:640,63,1,0
BRDA:640,63,2,0
BRDA:650,64,0,0
BRDA:650,64,1,0
BRDA:661,65,0,0
BRDA:661,65,1,0
BRF:133
BRH:0
end_of_record
TN:
SF:src\pages\Backoffice\AddAdmin.jsx
FN:10,(anonymous_0)
FN:26,(anonymous_1)
FN:69,(anonymous_2)
FN:76,(anonymous_3)
FN:194,(anonymous_4)
FN:203,(anonymous_5)
FNF:6
FNH:0
FNDA:0,(anonymous_0)
FNDA:0,(anonymous_1)
FNDA:0,(anonymous_2)
FNDA:0,(anonymous_3)
FNDA:0,(anonymous_4)
FNDA:0,(anonymous_5)
DA:10,0
DA:11,0
DA:12,0
DA:13,0
DA:14,0
DA:15,0
DA:22,0
DA:24,0
DA:26,0
DA:27,0
DA:29,0
DA:30,0
DA:31,0
DA:33,0
DA:34,0
DA:35,0
DA:38,0
DA:39,0
DA:40,0
DA:41,0
DA:43,0
DA:44,0
DA:45,0
DA:48,0
DA:49,0
DA:50,0
DA:52,0
DA:53,0
DA:54,0
DA:57,0
DA:58,0
DA:59,0
DA:61,0
DA:62,0
DA:63,0
DA:66,0
DA:69,0
DA:70,0
DA:71,0
DA:72,0
DA:76,0
DA:77,0
[...]
FNDA:0,(anonymous_13)
FNDA:1,(anonymous_14)
FNDA:0,(anonymous_15)
FNDA:0,(anonymous_16)
FNDA:0,(anonymous_17)
FNDA:1,(anonymous_18)
FNDA:0,(anonymous_19)
FNDA:0,(anonymous_20)
FNDA:0,(anonymous_21)
FNDA:0,(anonymous_22)
FNDA:0,(anonymous_23)
FNDA:0,(anonymous_24)
FNDA:0,(anonymous_25)
DA:5,1
DA:6,1
DA:7,1
DA:9,1
DA:10,1
DA:11,1
DA:13,1
DA:15,1
DA:16,0
DA:17,0
DA:18,0
DA:20,0
DA:23,1
DA:24,0
DA:25,0
DA:28,1
DA:29,0
DA:37,0
DA:40,1
DA:41,0
DA:42,0
DA:44,0
DA:45,0
DA:46,0
DA:49,0
DA:50,0
DA:51,0
DA:52,0
DA:60,1
DA:61,1
DA:62,1
DA:65,0
DA:72,0
DA:74,0
DA:75,0
DA:76,0
DA:79,0
DA:80,0
DA:83,0
DA:84,0
DA:89,0
DA:90,0
DA:93,0
DA:98,0
DA:105,0
DA:106,0
DA:107,0
DA:114,0
DA:115,0
DA:116,0
DA:118,0
DA:121,0
DA:122,0
DA:125,0
DA:126,0
DA:127,0
DA:130,0
DA:133,0
DA:134,0
DA:135,0
DA:136,0
DA:137,0
DA:138,0
DA:139,0
DA:141,0
DA:142,0
DA:146,0
DA:147,0
DA:148,0
DA:149,0
DA:150,0
DA:151,0
DA:152,0
DA:154,0
DA:158,0
DA:159,0
DA:162,1
DA:166,1
DA:172,2
DA:173,2
DA:179,0
DA:180,0
DA:182,0
DA:189,1
DA:196,0
DA:203,0
DA:210,0
DA:217,1
DA:227,0
DA:234,0
DA:240,0
DA:246,0
DA:253,0
DA:260,0
DA:272,0
LF:95
LH:20
BRDA:5,0,0,1
BRDA:5,0,1,1
BRDA:15,1,0,0
BRDA:17,2,0,0
BRDA:17,2,1,0
BRDA:24,3,0,0
BRDA:24,3,1,0
BRDA:24,3,2,0
BRDA:30,4,0,0
BRDA:30,4,1,0
BRDA:31,5,0,0
BRDA:31,5,1,0
BRDA:32,6,0,0
BRDA:32,6,1,0
BRDA:33,7,0,0
BRDA:33,7,1,0
BRDA:42,8,0,0
BRDA:42,8,1,0
BRDA:46,9,0,0
BRDA:46,9,1,0
BRDA:46,10,0,0
BRDA:46,10,1,0
BRDA:58,11,0,1
BRDA:58,12,0,1
BRDA:58,13,0,1
BRDA:60,14,0,1
BRDA:60,14,1,0
BRDA:61,15,0,1
BRDA:61,15,1,0
BRDA:72,16,0,0
BRDA:72,16,1,0
BRDA:74,17,0,0
BRDA:74,17,1,0
BRDA:75,18,0,0
BRDA:75,18,1,0
BRDA:75,19,0,0
BRDA:75,19,1,0
BRDA:79,20,0,0
BRDA:79,20,1,0
BRDA:89,21,0,0
BRDA:89,21,1,0
BRDA:95,22,0,0
BRDA:95,22,1,0
BRDA:121,23,0,0
BRDA:121,23,1,0
BRDA:123,24,0,0
BRDA:123,24,1,0
BRDA:123,24,2,0
BRDA:130,25,0,0
BRDA:130,25,1,0
BRDA:141,26,0,0
BRDA:141,26,1,0
BRDA:146,27,0,0
BRDA:146,27,1,0
BRDA:172,28,0,1
BRDA:172,28,1,1
BRDA:269,29,0,0
BRDA:270,30,0,0
BRF:58
BRH:9
end_of_record
TN:
SF:src\services\cookieUtils.js
FN:1,(anonymous_0)
FN:7,(anonymous_1)
FN:12,(anonymous_2)
FNF:3
FNH:1
FNDA:0,(anonymous_0)
FNDA:5,(anonymous_1)
FNDA:0,(anonymous_2)
DA:1,1
DA:3,0
DA:4,0
DA:7,1
DA:8,5
DA:9,5
DA:12,1
DA:13,0
LF:8
LH:5
BRDA:9,0,0,0
BRDA:9,0,1,5
BRF:2
BRH:1
end_of_record
TN:
SF:src\services\diagnosticsCollector.js
FN:3,(anonymous_0)
FN:9,(anonymous_1)
FN:16,(anonymous_2)
FN:25,(anonymous_3)
FN:26,(anonymous_4)
FN:28,(anonymous_5)
FNF:6
FNH:0
FNDA:0,(anonymous_0)
FNDA:0,(anonymous_1)
FNDA:0,(anonymous_2)
FNDA:0,(anonymous_3)
FNDA:0,(anonymous_4)
FNDA:0,(anonymous_5)
DA:1,1
DA:3,1
DA:4,0
DA:5,0
DA:6,0
DA:9,1
DA:10,0
DA:16,0
DA:17,0
DA:18,0
DA:25,1
DA:26,0
DA:27,0
DA:28,0
LF:14
LH:4
BRDA:4,0,0,0
BRDA:4,0,1,0
BRDA:12,1,0,0
BRDA:12,1,1,0
BRDA:13,2,0,0
BRDA:13,2,1,0
BRDA:26,3,0,0
BRDA:26,3,1,0
BRF:8
BRH:0
end_of_record
TN:
SF:src\services\dicebear.js
FN:13,getDiceBearAvatar
FN:22,getDiceBearUrl
FNF:2
FNH:1
FNDA:0,getDiceBearAvatar
FNDA:9,getDiceBearUrl
DA:16,0
DA:23,9
LF:2
LH:1
BRDA:13,0,0,0
BRDA:22,1,0,0
BRF:2
BRH:0
end_of_record
TN:
SF:src\services\judgeService.js
FN:4,(anonymous_0)
FN:11,(anonymous_1)
FN:23,(anonymous_2)
FN:27,(anonymous_3)
FN:31,(anonymous_4)
FN:35,(anonymous_5)
FN:42,(anonymous_6)
FN:49,(anonymous_7)
FN:53,(anonymous_8)
FN:57,(anonymous_9)
FNF:10
FNH:0
FNDA:0,(anonymous_0)
FNDA:0,(anonymous_1)
FNDA:0,(anonymous_2)
FNDA:0,(anonymous_3)
FNDA:0,(anonymous_4)
FNDA:0,(anonymous_5)
FNDA:0,(anonymous_6)
FNDA:0,(anonymous_7)
FNDA:0,(anonymous_8)
FNDA:0,(anonymous_9)
DA:3,0
DA:5,0
DA:12,0
DA:24,0
DA:28,0
DA:32,0
DA:36,0
DA:43,0
DA:50,0
DA:54,0
DA:58,0
LF:11
LH:0
BRDA:35,0,0,0
BRDA:35,1,0,0
BRDA:42,2,0,0
BRDA:57,3,0,0
BRF:4
BRH:0
end_of_record
TN:
SF:src\services\oauthRoutes.js
FN:1,normalizeBackendOrigin
FN:23,getOAuthUrl
FNF:2
FNH:0
FNDA:0,normalizeBackendOrigin
FNDA:0,getOAuthUrl
DA:2,0
DA:3,0
DA:5,0
DA:6,0
DA:7,0
DA:8,0
DA:10,0
DA:11,0
DA:14,0
DA:15,0
DA:17,0
DA:19,0
DA:25,0
DA:28,0
DA:30,0
DA:31,0
DA:34,0
LF:17
LH:0
BRDA:2,0,0,0
BRDA:2,0,1,0
BRDA:3,1,0,0
BRDA:3,1,1,0
BRDA:7,2,0,0
BRDA:7,2,1,0
BRDA:8,3,0,0
BRDA:8,3,1,0
BRDA:10,4,0,0
BRDA:10,4,1,0
BRDA:10,5,0,0
BRDA:10,5,1,0
BRDA:14,6,0,0
BRDA:14,6,1,0
BRDA:14,7,0,0
BRDA:14,7,1,0
BRDA:25,8,0,0
BRDA:25,8,1,0
BRDA:25,8,2,0
BRDA:30,9,0,0
BRDA:30,9,1,0
BRF:21
BRH:0
end_of_record
TN:
SF:src\services\recaptchaV3.js
FN:4,(anonymous_0)
FN:5,(anonymous_1)
FN:8,(anonymous_2)
FN:23,loadReCaptchaV3
FN:32,(anonymous_4)
FN:35,(anonymous_5)
FN:49,(anonymous_6)
FN:53,(anonymous_7)
FN:63,mountReCaptchaV3
FN:69,unmountReCaptchaV3
FN:83,getReCaptchaV3Token
FNF:11
FNH:0
FNDA:0,(anonymous_0)
FNDA:0,(anonymous_1)
FNDA:0,(anonymous_2)
FNDA:0,loadReCaptchaV3
FNDA:0,(anonymous_4)
FNDA:0,(anonymous_5)
FNDA:0,(anonymous_6)
FNDA:0,(anonymous_7)
FNDA:0,mountReCaptchaV3
FNDA:0,unmountReCaptchaV3
FNDA:0,getReCaptchaV3Token
DA:1,0
DA:2,0
DA:4,0
DA:5,0
DA:8,0
DA:9,0
DA:10,0
DA:11,0
DA:14,0
DA:15,0
DA:16,0
DA:17,0
DA:18,0
DA:19,0
DA:24,0
DA:25,0
DA:28,0
DA:29,0
DA:32,0
DA:33,0
DA:35,0
DA:36,0
DA:37,0
DA:39,0
DA:40,0
DA:44,0
DA:45,0
DA:46,0
DA:49,0
DA:50,0
DA:51,0
DA:53,0
DA:54,0
DA:55,0
DA:59,0
DA:64,0
DA:65,0
DA:70,0
DA:71,0
DA:73,0
DA:74,0
DA:76,0
DA:77,0
DA:79,0
DA:84,0
DA:85,0
LF:46
LH:0
BRDA:10,0,0,0
BRDA:10,0,1,0
BRDA:24,1,0,0
BRDA:24,1,1,0
BRDA:24,2,0,0
BRDA:24,2,1,0
BRDA:28,3,0,0
BRDA:28,3,1,0
BRDA:36,4,0,0
BRDA:36,4,1,0
BRDA:36,5,0,0
BRDA:36,5,1,0
BRDA:44,6,0,0
BRDA:44,6,1,0
BRDA:64,7,0,0
BRDA:64,7,1,0
BRDA:71,8,0,0
BRDA:71,8,1,0
BRDA:83,9,0,0
BRF:19
BRH:0
end_of_record
TN:
SF:src\services\settingsService.js
FN:8,(anonymous_0)
FN:14,(anonymous_1)
FN:26,(anonymous_2)
FN:30,(anonymous_3)
FN:38,(anonymous_4)
FN:42,(anonymous_5)
FN:51,(anonymous_6)
FN:60,(anonymous_7)
FN:69,(anonymous_8)
FN:78,(anonymous_9)
FN:87,(anonymous_10)
FN:96,(anonymous_11)
FN:105,(anonymous_12)
FNF:13
FNH:0
FNDA:0,(anonymous_0)
FNDA:0,(anonymous_1)
FNDA:0,(anonymous_2)
FNDA:0,(anonymous_3)
FNDA:0,(anonymous_4)
FNDA:0,(anonymous_5)
FNDA:0,(anonymous_6)
FNDA:0,(anonymous_7)
FNDA:0,(anonymous_8)
FNDA:0,(anonymous_9)
FNDA:0,(anonymous_10)
FNDA:0,(anonymous_11)
FNDA:0,(anonymous_12)
DA:3,0
DA:4,0
DA:5,0
DA:6,0
DA:8,0
DA:9,0
DA:10,0
DA:11,0
DA:14,0
DA:15,0
DA:16,0
DA:17,0
DA:20,0
DA:21,0
DA:24,0
DA:27,0
DA:28,0
DA:29,0
DA:31,0
DA:34,0
DA:37,0
DA:39,0
DA:43,0
DA:47,0
DA:48,0
DA:52,0
DA:56,0
DA:57,0
DA:61,0
DA:65,0
DA:66,0
DA:70,0
DA:74,0
DA:75,0
DA:79,0
DA:83,0
DA:84,0
DA:88,0
DA:92,0
DA:93,0
DA:97,0
DA:101,0
DA:102,0
DA:106,0
DA:110,0
DA:111,0
LF:46
LH:0
BRDA:16,0,0,0
BRDA:16,0,1,0
BRDA:16,1,0,0
BRDA:16,1,1,0
BRDA:20,2,0,0
BRDA:20,2,1,0
BRF:6
BRH:0
end_of_record
TN:
SF:src\services\userService.js
FN:10,(anonymous_0)
FN:22,(anonymous_1)
FN:29,(anonymous_2)
FN:38,(anonymous_3)
FN:47,(anonymous_4)
FN:56,(anonymous_5)
FN:65,(anonymous_6)
FN:73,(anonymous_7)
FN:82,(anonymous_8)
FN:90,(anonymous_9)
FN:102,(anonymous_10)
FN:108,(anonymous_11)
FN:115,(anonymous_12)
FN:121,(anonymous_13)
FN:128,(anonymous_14)
FN:135,(anonymous_15)
FN:151,(anonymous_16)
FN:159,(anonymous_17)
FN:165,(anonymous_18)
FNF:19
FNH:0
FNDA:0,(anonymous_0)
FNDA:0,(anonymous_1)
FNDA:0,(anonymous_2)
FNDA:0,(anonymous_3)
FNDA:0,(anonymous_4)
FNDA:0,(anonymous_5)
FNDA:0,(anonymous_6)
FNDA:0,(anonymous_7)
FNDA:0,(anonymous_8)
FNDA:0,(anonymous_9)
FNDA:0,(anonymous_10)
FNDA:0,(anonymous_11)
FNDA:0,(anonymous_12)
FNDA:0,(anonymous_13)
FNDA:0,(anonymous_14)
FNDA:0,(anonymous_15)
FNDA:0,(anonymous_16)
FNDA:0,(anonymous_17)
FNDA:0,(anonymous_18)
DA:3,0
DA:11,0
DA:23,0
DA:32,0
DA:41,0
DA:50,0
DA:59,0
DA:68,0
DA:76,0
DA:85,0
DA:93,0
DA:103,0
DA:109,0
DA:116,0
DA:122,0
DA:129,0
DA:136,0
DA:152,0
DA:160,0
DA:166,0
LF:20
LH:0
BRDA:10,0,0,0
BRDA:11,1,0,0
BRDA:11,1,1,0
BRF:3
BRH:0
end_of_record
TN:
SF:src\services\userStatsService.js
FN:26,fetchRankStats
FN:49,fetchUserStreak
FN:64,fetchUserAttempts
FNF:3
FNH:0
FNDA:0,fetchRankStats
FNDA:0,fetchUserStreak
FNDA:0,fetchUserAttempts
DA:27,0
DA:28,0
DA:29,0
DA:30,0
DA:45,0
DA:50,0
DA:51,0
DA:52,0
DA:60,0
DA:65,0
DA:66,0
DA:67,0
DA:69,0
LF:13
LH:0
BRDA:29,0,0,0
BRDA:29,0,1,0
BRDA:29,1,0,0
BRDA:29,1,1,0
BRDA:31,2,0,0
BRDA:31,2,1,0
BRDA:32,3,0,0
BRDA:32,3,1,0
BRDA:32,3,2,0
BRDA:33,4,0,0
BRDA:33,4,1,0
BRDA:34,5,0,0
BRDA:34,5,1,0
BRDA:34,5,2,0
BRDA:35,6,0,0
BRDA:35,6,1,0
BRDA:36,7,0,0
BRDA:36,7,1,0
BRDA:37,8,0,0
BRDA:37,8,1,0
BRDA:38,9,0,0
BRDA:38,9,1,0
BRDA:39,10,0,0
BRDA:39,10,1,0
BRDA:39,10,2,0
BRDA:40,11,0,0
BRDA:40,11,1,0
BRDA:40,11,2,0
BRDA:41,12,0,0
BRDA:41,12,1,0
BRDA:53,13,0,0
BRDA:53,13,1,0
BRDA:54,14,0,0
BRDA:54,14,1,0
BRDA:55,15,0,0
BRDA:55,15,1,0
BRDA:56,16,0,0
BRDA:56,16,1,0
BRDA:57,17,0,0
BRDA:57,17,1,0
BRDA:67,18,0,0
BRDA:67,18,1,0
BRF:42
BRH:0
end_of_record
TN:
SF:src\shared\index.js
FNF:0
FNH:0
LF:0
LH:0
BRF:0
BRH:0
end_of_record
TN:
SF:src\shared\components\AppLoader.jsx
FN:21,(anonymous_0)
FN:36,(anonymous_1)
FN:38,(anonymous_2)
FN:39,(anonymous_3)
FN:41,(anonymous_4)
FN:45,(anonymous_5)
FN:51,(anonymous_6)
FN:52,(anonymous_7)
FN:57,(anonymous_8)
FNF:9
FNH:0
FNDA:0,(anonymous_0)
FNDA:0,(anonymous_1)
FNDA:0,(anonymous_2)
FNDA:0,(anonymous_3)
FNDA:0,(anonymous_4)
FNDA:0,(anonymous_5)
FNDA:0,(anonymous_6)
FNDA:0,(anonymous_7)
FNDA:0,(anonymous_8)
DA:18,0
DA:19,0
DA:21,0
DA:22,0
DA:23,0
DA:24,0
DA:25,0
DA:26,0
DA:28,0
DA:36,0
DA:37,0
DA:38,0
DA:39,0
DA:41,0
DA:45,0
DA:46,0
DA:47,0
DA:48,0
DA:50,0
DA:51,0
DA:52,0
DA:53,0
DA:54,0
DA:57,0
DA:60,0
LF:25
LH:0
BRDA:21,0,0,0
BRDA:26,1,0,0
BRDA:26,1,1,0
BRDA:37,2,0,0
BRDA:37,2,1,0
BRDA:46,3,0,0
BRDA:46,3,1,0
BRDA:53,4,0,0
BRDA:53,4,1,0
BRDA:62,5,0,0
BRDA:62,5,1,0
BRDA:114,6,0,0
BRDA:114,6,1,0
BRDA:139,7,0,0
BRDA:139,7,1,0
BRDA:162,8,0,0
BRDA:162,8,1,0
BRDA:190,9,0,0
BRDA:190,9,1,0
BRDA:267,10,0,0
BRDA:267,10,1,0
BRDA:277,11,0,0
BRDA:277,11,1,0
BRF:23
BRH:0
end_of_record
TN:
SF:src\shared\components\InViewMount.jsx
FN:12,(anonymous_0)
FN:26,(anonymous_1)
FN:38,(anonymous_2)
FN:39,(anonymous_3)
FN:47,(anonymous_4)
FNF:5
FNH:0
FNDA:0,(anonymous_0)
FNDA:0,(anonymous_1)
FNDA:0,(anonymous_2)
FNDA:0,(anonymous_3)
FNDA:0,(anonymous_4)
DA:12,0
DA:23,0
DA:24,0
DA:26,0
DA:27,0
DA:28,0
DA:29,0
DA:32,0
DA:33,0
DA:34,0
DA:37,0
DA:39,0
DA:40,0
DA:41,0
DA:46,0
DA:47,0
DA:50,0
DA:51,0
LF:18
LH:0
BRDA:19,0,0,0
BRDA:20,1,0,0
BRDA:21,2,0,0
BRDA:27,3,0,0
BRDA:27,3,1,0
BRDA:29,4,0,0
BRDA:29,4,1,0
BRDA:32,5,0,0
BRDA:32,5,1,0
BRDA:39,6,0,0
BRDA:39,6,1,0
BRDA:50,7,0,0
BRDA:50,7,1,0
BRF:13
BRH:0
end_of_record
TN:
SF:src\shared\components\NavigationProgress.jsx
FN:5,(anonymous_0)
FN:8,(anonymous_1)
FNF:2
FNH:0
FNDA:0,(anonymous_0)
FNDA:0,(anonymous_1)
DA:5,0
DA:6,0
DA:8,0
DA:9,0
DA:12,0
LF:5
LH:0
BRF:0
BRH:0
end_of_record
TN:
SF:src\shared\components\PrivateRoute.jsx
FN:13,(anonymous_0)
FN:29,(anonymous_1)
FNF:2
FNH:0
FNDA:0,(anonymous_0)
FNDA:0,(anonymous_1)
DA:13,0
DA:14,0
DA:15,0
DA:18,0
DA:19,0
DA:20,0
DA:23,0
DA:24,0
DA:27,0
DA:28,0
DA:29,0
DA:30,0
DA:31,0
DA:35,0
LF:14
LH:0
BRDA:13,0,0,0
BRDA:13,1,0,0
BRDA:19,2,0,0
BRDA:19,2,1,0
BRDA:19,3,0,0
BRDA:19,3,1,0
BRDA:23,4,0,0
BRDA:23,4,1,0
BRDA:27,5,0,0
BRDA:27,5,1,0
BRDA:27,6,0,0
BRDA:27,6,1,0
BRDA:27,6,2,0
BRDA:28,7,0,0
BRDA:28,7,1,0
BRDA:30,8,0,0
BRDA:30,8,1,0
BRF:17
BRH:0
end_of_record
TN:
SF:src\shared\components\RouteLoader.jsx
FN:13,(anonymous_0)
FN:18,(anonymous_1)
FN:20,(anonymous_2)
FN:21,(anonymous_3)
FN:27,(anonymous_4)
FNF:5
FNH:0
FNDA:0,(anonymous_0)
FNDA:0,(anonymous_1)
FNDA:0,(anonymous_2)
FNDA:0,(anonymous_3)
FNDA:0,(anonymous_4)
DA:11,0
DA:13,0
DA:14,0
DA:15,0
DA:16,0
DA:18,0
DA:20,0
DA:21,0
DA:22,0
DA:23,0
DA:27,0
DA:28,0
DA:29,0
DA:33,0
LF:14
LH:0
BRDA:16,0,0,0
BRDA:16,0,1,0
BRDA:22,1,0,0
BRDA:22,1,1,0
BRDA:56,2,0,0
BRDA:56,2,1,0
BRDA:64,3,0,0
BRDA:64,3,1,0
BRF:8
BRH:0
end_of_record
TN:
SF:src\shared\context\LoadingContext.jsx
FN:15,(anonymous_0)
FN:16,(anonymous_1)
FN:17,(anonymous_2)
FN:18,(anonymous_3)
FN:21,(anonymous_4)
FN:26,(anonymous_5)
FN:31,(anonymous_6)
FN:35,(anonymous_7)
FN:40,(anonymous_8)
FNF:9
FNH:0
FNDA:0,(anonymous_0)
FNDA:0,(anonymous_1)
FNDA:0,(anonymous_2)
FNDA:0,(anonymous_3)
FNDA:0,(anonymous_4)
FNDA:0,(anonymous_5)
FNDA:0,(anonymous_6)
FNDA:0,(anonymous_7)
FNDA:0,(anonymous_8)
DA:11,0
DA:21,0
DA:22,0
DA:23,0
DA:24,0
DA:26,0
DA:27,0
DA:28,0
DA:31,0
DA:32,0
DA:35,0
DA:36,0
DA:37,0
DA:40,0
DA:41,0
DA:42,0
DA:45,0
LF:17
LH:0
BRDA:26,0,0,0
BRDA:35,1,0,0
BRF:2
BRH:0
end_of_record
TN:
SF:src\shared\context\ThemeContext.jsx
FN:18,(anonymous_0)
FN:22,(anonymous_1)
FN:27,(anonymous_2)
FN:31,(anonymous_3)
FN:40,(anonymous_4)
FN:46,(anonymous_5)
FN:53,(anonymous_6)
FN:59,(anonymous_7)
FN:63,(anonymous_8)
FN:71,(anonymous_9)
FN:75,(anonymous_10)
FN:88,(anonymous_11)
FN:101,(anonymous_12)
FNF:13
FNH:0
FNDA:0,(anonymous_0)
FNDA:0,(anonymous_1)
FNDA:0,(anonymous_2)
FNDA:0,(anonymous_3)
FNDA:0,(anonymous_4)
FNDA:0,(anonymous_5)
FNDA:0,(anonymous_6)
FNDA:0,(anonymous_7)
FNDA:0,(anonymous_8)
FNDA:0,(anonymous_9)
FNDA:0,(anonymous_10)
FNDA:0,(anonymous_11)
FNDA:0,(anonymous_12)
DA:13,0
DA:15,0
DA:22,0
DA:23,0
DA:24,0
DA:27,0
DA:28,0
DA:31,0
DA:32,0
DA:33,0
DA:34,0
DA:36,0
DA:40,0
DA:41,0
DA:42,0
DA:46,0
DA:47,0
DA:48,0
DA:53,0
DA:54,0
DA:55,0
DA:59,0
DA:60,0
DA:62,0
DA:63,0
DA:64,0
DA:68,0
DA:70,0
DA:71,0
DA:75,0
DA:76,0
DA:77,0
DA:78,0
DA:81,0
DA:82,0
DA:84,0
DA:88,0
DA:94,0
DA:101,0
LF:39
LH:0
BRDA:23,0,0,0
BRDA:23,0,1,0
BRDA:24,1,0,0
BRDA:24,1,1,0
BRDA:34,2,0,0
BRDA:34,2,1,0
BRDA:34,3,0,0
BRDA:34,3,1,0
BRDA:34,3,2,0
BRDA:41,4,0,0
BRDA:41,4,1,0
BRDA:47,5,0,0
BRDA:47,5,1,0
BRDA:60,6,0,0
BRDA:60,6,1,0
BRDA:64,7,0,0
BRDA:64,7,1,0
BRDA:68,8,0,0
BRDA:68,8,1,0
BRDA:81,9,0,0
BRDA:81,9,1,0
BRF:21
BRH:0
end_of_record
TN:
SF:src\shared\cursor\CustomCursor.jsx
FN:14,(anonymous_0)
FNF:1
FNH:0
FNDA:0,(anonymous_0)
DA:14,0
DA:15,0
DA:18,0
DA:19,0
DA:21,0
LF:5
LH:0
BRDA:18,0,0,0
BRDA:18,0,1,0
BRDA:19,1,0,0
BRDA:19,1,1,0
BRF:4
BRH:0
end_of_record
TN:
SF:src\shared\cursor\useCrosshairCursor.js
FN:12,(anonymous_0)
FN:24,(anonymous_1)
FN:31,(anonymous_2)
FN:36,(anonymous_3)
FN:42,(anonymous_4)
FN:48,(anonymous_5)
FN:86,(anonymous_6)
FN:109,(anonymous_7)
FNF:8
FNH:0
FNDA:0,(anonymous_0)
FNDA:0,(anonymous_1)
FNDA:0,(anonymous_2)
FNDA:0,(anonymous_3)
FNDA:0,(anonymous_4)
FNDA:0,(anonymous_5)
FNDA:0,(anonymous_6)
FNDA:0,(anonymous_7)
DA:12,0
DA:13,0
DA:14,0
DA:15,0
DA:16,0
DA:17,0
DA:20,0
DA:21,0
DA:22,0
DA:24,0
DA:26,0
DA:27,0
DA:29,0
DA:31,0
DA:32,0
DA:33,0
DA:36,0
DA:37,0
DA:38,0
DA:42,0
DA:43,0
DA:44,0
DA:48,0
DA:49,0
DA:51,0
DA:52,0
DA:56,0
DA:61,0
DA:62,0
DA:63,0
DA:65,0
DA:70,0
DA:78,0
DA:79,0
DA:81,0
DA:86,0
DA:87,0
DA:91,0
DA:93,0
DA:94,0
DA:97,0
DA:99,0
DA:102,0
DA:103,0
DA:104,0
DA:105,0
DA:107,0
DA:109,0
DA:110,0
DA:111,0
DA:112,0
DA:113,0
DA:114,0
DA:118,0
LF:54
LH:0
BRDA:21,0,0,0
BRDA:21,0,1,0
BRDA:22,1,0,0
BRDA:22,1,1,0
BRDA:26,2,0,0
BRDA:26,2,1,0
BRDA:27,3,0,0
BRDA:27,3,1,0
BRDA:37,4,0,0
BRDA:37,4,1,0
BRDA:43,5,0,0
BRDA:43,5,1,0
BRDA:49,6,0,0
BRDA:49,6,1,0
BRDA:56,7,0,0
BRDA:56,7,1,0
BRDA:56,7,2,0
BRDA:56,7,3,0
BRDA:56,7,4,0
BRDA:61,8,0,0
BRDA:61,8,1,0
BRDA:70,9,0,0
BRDA:70,9,1,0
BRDA:70,9,2,0
BRDA:70,9,3,0
BRDA:70,9,4,0
BRDA:70,9,5,0
BRDA:70,9,6,0
BRDA:78,10,0,0
BRDA:78,10,1,0
BRDA:87,11,0,0
BRDA:87,11,1,0
BRDA:91,12,0,0
BRDA:91,12,1,0
BRDA:114,13,0,0
BRDA:114,13,1,0
BRF:36
BRH:0
end_of_record
TN:
SF:src\shared\cursor\useCursor.js
FN:8,(anonymous_0)
FN:14,(anonymous_1)
FN:21,(anonymous_2)
FN:26,(anonymous_3)
FN:45,(anonymous_4)
FN:57,(anonymous_5)
FNF:6
FNH:0
FNDA:0,(anonymous_0)
FNDA:0,(anonymous_1)
FNDA:0,(anonymous_2)
FNDA:0,(anonymous_3)
FNDA:0,(anonymous_4)
FNDA:0,(anonymous_5)
DA:8,0
DA:9,0
DA:10,0
DA:11,0
DA:12,0
DA:14,0
DA:16,0
DA:17,0
DA:19,0
DA:21,0
DA:22,0
DA:23,0
DA:26,0
DA:28,0
DA:30,0
DA:35,0
DA:36,0
DA:37,0
DA:39,0
DA:45,0
DA:46,0
DA:48,0
DA:50,0
DA:53,0
DA:54,0
DA:55,0
DA:57,0
DA:58,0
DA:59,0
DA:60,0
DA:64,0
LF:31
LH:0
BRDA:16,0,0,0
BRDA:16,0,1,0
BRDA:17,1,0,0
BRDA:17,1,1,0
BRDA:30,2,0,0
BRDA:30,2,1,0
BRDA:30,2,2,0
BRDA:30,2,3,0
BRDA:30,2,4,0
BRDA:35,3,0,0
BRDA:35,3,1,0
BRDA:36,4,0,0
BRDA:36,4,1,0
BRDA:46,5,0,0
BRDA:46,5,1,0
BRDA:60,6,0,0
BRDA:60,6,1,0
BRF:17
BRH:0
end_of_record
TN:
SF:src\shared\hooks\useLoading.js
FN:7,(anonymous_0)
FNF:1
FNH:0
FNDA:0,(anonymous_0)
DA:7,0
DA:8,0
DA:9,0
DA:10,0
DA:12,0
LF:5
LH:0
BRDA:9,0,0,0
BRDA:9,0,1,0
BRF:2
BRH:0
end_of_record
TN:
SF:src\shared\navigation\progress.js
FN:10,(anonymous_0)
FN:15,(anonymous_1)
FN:17,(anonymous_2)
FNF:3
FNH:0
FNDA:0,(anonymous_0)
FNDA:0,(anonymous_1)
FNDA:0,(anonymous_2)
DA:4,0
DA:10,0
DA:11,0
DA:12,0
DA:15,0
DA:16,0
DA:17,0
LF:7
LH:0
BRDA:11,0,0,0
BRDA:11,0,1,0
BRDA:16,1,0,0
BRDA:16,1,1,0
BRF:4
BRH:0
end_of_record
TN:
SF:src\shared\skeletons\ActiveBattleSkeleton.jsx
FN:14,(anonymous_0)
FN:67,(anonymous_1)
FN:89,(anonymous_2)
FN:119,(anonymous_3)
FNF:4
FNH:0
FNDA:0,(anonymous_0)
FNDA:0,(anonymous_1)
FNDA:0,(anonymous_2)
FNDA:0,(anonymous_3)
DA:14,0
DA:15,0
DA:16,0
DA:18,0
DA:68,0
DA:90,0
DA:120,0
LF:7
LH:0
BRDA:16,0,0,0
BRDA:16,0,1,0
BRF:2
BRH:0
end_of_record
TN:
SF:src\shared\skeletons\BattleCardSkeleton.jsx
FN:10,(anonymous_0)
FN:16,(anonymous_1)
FNF:2
FNH:0
FNDA:0,(anonymous_0)
FNDA:0,(anonymous_1)
DA:10,0
DA:11,0
DA:12,0
DA:14,0
DA:17,0
LF:5
LH:0
BRDA:10,0,0,0
BRDA:12,1,0,0
BRDA:12,1,1,0
BRF:3
BRH:0
end_of_record
TN:
SF:src\shared\skeletons\BattleSummarySkeleton.jsx
FN:14,(anonymous_0)
FN:47,(anonymous_1)
FN:65,(anonymous_2)
FN:84,(anonymous_3)
FNF:4
FNH:0
FNDA:0,(anonymous_0)
FNDA:0,(anonymous_1)
FNDA:0,(anonymous_2)
FNDA:0,(anonymous_3)
DA:14,0
DA:15,0
DA:16,0
DA:18,0
DA:48,0
DA:66,0
DA:85,0
LF:7
LH:0
BRDA:16,0,0,0
BRDA:16,0,1,0
BRF:2
BRH:0
end_of_record
TN:
SF:src\shared\skeletons\BattlesListSkeleton.jsx
FN:14,(anonymous_0)
FN:45,(anonymous_1)
FN:49,(anonymous_2)
FN:83,(anonymous_3)
FNF:4
FNH:0
FNDA:0,(anonymous_0)
FNDA:0,(anonymous_1)
FNDA:0,(anonymous_2)
FNDA:0,(anonymous_3)
DA:14,0
DA:15,0
DA:16,0
DA:18,0
DA:46,0
DA:50,0
DA:84,0
LF:7
LH:0
BRDA:16,0,0,0
BRDA:16,0,1,0
BRF:2
BRH:0
end_of_record
TN:
SF:src\shared\skeletons\ChallengeCardSkeleton.jsx
FN:10,(anonymous_0)
FN:16,(anonymous_1)
FN:43,(anonymous_2)
FNF:3
FNH:0
FNDA:0,(anonymous_0)
FNDA:0,(anonymous_1)
FNDA:0,(anonymous_2)
DA:10,0
DA:11,0
DA:12,0
DA:14,0
DA:17,0
DA:44,0
LF:6
LH:0
BRDA:10,0,0,0
BRDA:12,1,0,0
BRDA:12,1,1,0
BRF:3
BRH:0
end_of_record
TN:
SF:src\shared\skeletons\ChallengePlaySkeleton.jsx
FN:10,(anonymous_0)
FN:51,(anonymous_1)
FN:70,(anonymous_2)
FN:91,(anonymous_3)
FNF:4
FNH:0
FNDA:0,(anonymous_0)
FNDA:0,(anonymous_1)
FNDA:0,(anonymous_2)
FNDA:0,(anonymous_3)
DA:10,0
DA:11,0
DA:12,0
DA:14,0
DA:52,0
DA:71,0
DA:92,0
LF:7
LH:0
BRDA:12,0,0,0
BRDA:12,0,1,0
BRF:2
BRH:0
end_of_record
TN:
SF:src\shared\skeletons\ChallengesListSkeleton.jsx
FN:13,(anonymous_0)
FN:40,(anonymous_1)
FN:66,(anonymous_2)
FN:70,(anonymous_3)
FN:104,(anonymous_4)
FN:130,(anonymous_5)
FNF:6
FNH:0
FNDA:0,(anonymous_0)
FNDA:0,(anonymous_1)
FNDA:0,(anonymous_2)
FNDA:0,(anonymous_3)
FNDA:0,(anonymous_4)
FNDA:0,(anonymous_5)
DA:13,0
DA:14,0
DA:15,0
DA:17,0
DA:41,0
DA:67,0
DA:71,0
DA:105,0
DA:131,0
LF:9
LH:0
BRDA:15,0,0,0
BRDA:15,0,1,0
BRF:2
BRH:0
end_of_record
TN:
SF:src\shared\skeletons\LeaderboardSkeleton.jsx
FN:12,(anonymous_0)
FN:26,(anonymous_1)
FN:58,(anonymous_2)
FN:83,(anonymous_3)
FNF:4
FNH:0
FNDA:0,(anonymous_0)
FNDA:0,(anonymous_1)
FNDA:0,(anonymous_2)
FNDA:0,(anonymous_3)
DA:12,0
DA:13,0
DA:14,0
DA:16,0
DA:27,0
DA:59,0
DA:84,0
LF:7
LH:0
BRDA:14,0,0,0
BRDA:14,0,1,0
BRF:2
BRH:0
end_of_record
TN:
SF:src\tests\algoarena.simple.test.mjs
FN:4,(anonymous_0)
FN:5,(anonymous_1)
FN:11,(anonymous_2)
FNF:3
FNH:0
FNDA:0,(anonymous_0)
FNDA:0,(anonymous_1)
FNDA:0,(anonymous_2)
DA:4,0
DA:5,0
DA:6,0
DA:7,0
DA:8,0
DA:11,0
DA:12,0
DA:18,0
DA:20,0
DA:21,0
DA:22,0
LF:11
LH:0
BRF:0
BRH:0
end_of_record
TN:
SF:src\theme\index.js
FN:94,(anonymous_0)
FN:109,(anonymous_1)
FN:119,(anonymous_2)
FN:128,(anonymous_3)
FNF:4
FNH:0
FNDA:0,(anonymous_0)
FNDA:0,(anonymous_1)
FNDA:0,(anonymous_2)
FNDA:0,(anonymous_3)
DA:3,0
DA:94,0
DA:109,0
DA:119,0
DA:128,0
LF:5
LH:0
BRDA:96,0,0,0
BRDA:96,0,1,0
BRDA:97,1,0,0
BRDA:97,1,1,0
BRDA:111,2,0,0
BRDA:111,2,1,0
BRDA:120,3,0,0
BRDA:120,3,1,0
BRDA:121,4,0,0
BRDA:121,4,1,0
BRDA:125,5,0,0
BRDA:125,5,1,0
BRDA:130,6,0,0
BRDA:130,6,1,0
BRDA:132,7,0,0
BRDA:132,7,1,0
BRDA:134,8,0,0
BRDA:134,8,1,0
BRF:18
BRH:0
end_of_record
