{"total": {"lines":{"total":150,"covered":148,"skipped":0,"pct":98.66},"statements":{"total":196,"covered":180,"skipped":0,"pct":91.83},"functions":{"total":44,"covered":44,"skipped":0,"pct":100},"branches":{"total":165,"covered":129,"skipped":0,"pct":78.18},"branchesTrue":{"total":0,"covered":0,"skipped":0,"pct":100}}
,"C:\\Users\\KF7\\Documents\\AlgoArenaFrontEnd\\src\\pages\\Frontoffice\\battles\\types\\battle.types.js": {"lines":{"total":62,"covered":60,"skipped":0,"pct":96.77},"functions":{"total":20,"covered":20,"skipped":0,"pct":100},"statements":{"total":83,"covered":72,"skipped":0,"pct":86.74},"branches":{"total":54,"covered":37,"skipped":0,"pct":68.51}}
,"C:\\Users\\KF7\\Documents\\AlgoArenaFrontEnd\\src\\pages\\Frontoffice\\leaderboard\\utils\\leaderboardUtils.js": {"lines":{"total":75,"covered":75,"skipped":0,"pct":100},"functions":{"total":23,"covered":23,"skipped":0,"pct":100},"statements":{"total":97,"covered":92,"skipped":0,"pct":94.84},"branches":{"total":101,"covered":82,"skipped":0,"pct":81.18}}
,"C:\\Users\\KF7\\Documents\\AlgoArenaFrontEnd\\src\\pages\\Frontoffice\\speedchallenge\\data\\speedChallengeProblems.js": {"lines":{"total":13,"covered":13,"skipped":0,"pct":100},"functions":{"total":1,"covered":1,"skipped":0,"pct":100},"statements":{"total":16,"covered":16,"skipped":0,"pct":100},"branches":{"total":10,"covered":10,"skipped":0,"pct":100}}
}
